<?xml version="1.0" encoding="utf-8"?>
<TestRun id="5c760476-3fe3-46b3-af69-77860bae32f9" name="George Marcone@NOTEBOOK-GEO25 2026-09-10 19:06:40" runUser="NOTEBOOK-GEO25\George Marcone" xmlns="http://microsoft.com/schemas/VisualStudio/TeamTest/2010">
  <Times creation="2026-09-10T19:06:40.9738283-03:00" queuing="2026-09-10T19:06:40.9738286-03:00" start="2026-09-10T19:06:39.1162710-03:00" finish="2026-09-10T19:10:19.7408034-03:00" />
  <TestSettings name="default" id="04478ac3-7c92-4e55-be8f-68872ad1ff06">
    <Deployment runDeploymentRoot="George_Marcone_NOTEBOOK-GEO25_2026-09-10_19_06_40" />
  </TestSettings>
  <Results>
    <UnitTestResult executionId="b81332c3-b652-415c-b2f9-dea290231f4f" testId="6bd60b61-6527-aa14-f1b6-1929c57e8d86" testName="HemodinksAPI.Tests.FullTextSearchTermBuilderTests.BuildPrefixCondition_SanitizesAndCombinesTerms(input: &quot;cirurg\&quot; OR FORMSOF(INFLECTIONAL, ataque)&quot;, expected: &quot;(\&quot;cirurg*\&quot; AND \&quot;OR*\&quot; AND \&quot;FORMSOF*\&quot; AND \&quot;IN&quot;···)" computerName="NOTEBOOK-GEO25" duration="00:00:00.0006798" startTime="2026-09-10T19:06:52.7544198-03:00" endTime="2026-09-10T19:06:52.7551603-03:00" testType="13cdc9d9-ddb5-4fa4-a97d-d965ccfc6d4b" outcome="Passed" testListId="8c84fa94-04c1-424b-9868-57a2d4851a1d" relativeResultsDirectory="b81332c3-b652-415c-b2f9-dea290231f4f" />
    <UnitTestResult executionId="b08a539b-53de-484a-8c46-c7c26b0e6ed4" testId="b5573792-2d3c-1a96-ec42-ba33e8c68bd3" testName="HemodinksAPI.Tests.ApiEndpointIntegrationTests.IdentifyTeamOperator_WithMissingChallenge_ReturnsBadRequest" computerName="NOTEBOOK-GEO25" duration="00:00:02.5025420" startTime="2026-09-10T19:09:56.1799535-03:00" endTime="2026-09-10T19:09:58.6825499-03:00" testType="13cdc9d9-ddb5-4fa4-a97d-d965ccfc6d4b" outcome="Passed" testListId="8c84fa94-04c1-424b-9868-57a2d4851a1d" relativeResultsDirectory="b08a539b-53de-484a-8c46-c7c26b0e6ed4" />
    <UnitTestResult executionId="e30415aa-3cdf-4b09-8c3e-3d8a3469c45b" testId="7540aab5-6553-aba6-3a8e-447ed7a2fdf3" testName="HemodinksAPI.Tests.TeamChallengeConcurrencyTests.ConcurrentConsumers_OnlyOneCanMarkChallengeUsed" computerName="NOTEBOOK-GEO25" duration="00:00:03.1746895" startTime="2026-09-10T19:06:40.9568275-03:00" endTime="2026-09-10T19:06:44.1315872-03:00" testType="13cdc9d9-ddb5-4fa4-a97d-d965ccfc6d4b" outcome="Passed" testListId="8c84fa94-04c1-424b-9868-57a2d4851a1d" relativeResultsDirectory="e30415aa-3cdf-4b09-8c3e-3d8a3469c45b" />
    <UnitTestResult executionId="681584c5-4d2c-40d6-80a7-bbaf08bd7d19" testId="66c174ac-4a3c-7e9a-16a4-fcd71e47dc72" testName="HemodinksAPI.Tests.PrivacyPreferenceHandlersTests.Preference_IsIsolatedByUser_AndRejectsDifferentResolvedClinic" computerName="NOTEBOOK-GEO25" duration="00:00:00.2625338" startTime="2026-09-10T19:06:44.0159689-03:00" endTime="2026-09-10T19:06:44.2785731-03:00" testType="13cdc9d9-ddb5-4fa4-a97d-d965ccfc6d4b" outcome="Passed" testListId="8c84fa94-04c1-424b-9868-57a2d4851a1d" relativeResultsDirectory="681584c5-4d2c-40d6-80a7-bbaf08bd7d19" />
    <UnitTestResult executionId="4c918462-e4d8-44c5-b7d8-ab4b1bed3f92" testId="46e10cd3-05bf-c4b5-f5a5-9926971b0c60" testName="HemodinksAPI.Tests.AzureBlobProfilePhotoStorageTests.GetBlobLocationFromUrl_ResolvesCurrentAndLegacyProfilePhotoPaths(fotoPerfil: &quot;https://stgmtechsolution.blob.core.windows.net/pro&quot;···, expectedContainerName: &quot;profile-photos&quot;, expectedBlobName: &quot;george.png&quot;)" computerName="NOTEBOOK-GEO25" duration="00:00:00.0000783" startTime="2026-09-10T19:06:51.1764574-03:00" endTime="2026-09-10T19:06:51.1765751-03:00" testType="13cdc9d9-ddb5-4fa4-a97d-d965ccfc6d4b" outcome="Passed" testListId="8c84fa94-04c1-424b-9868-57a2d4851a1d" relativeResultsDirectory="4c918462-e4d8-44c5-b7d8-ab4b1bed3f92" />
    <UnitTestResult executionId="e50ab3c9-7248-4aed-8ad9-8ce7e4f53444" testId="a97caf7d-1b69-2903-db8b-419b3d76c74a" testName="HemodinksAPI.Tests.PacienteFullTextSearchTests.StructuredDigits_AreUsedOnlyForAnExclusiveNumericSearch(search: &quot;um, 25, pacinete&quot;, expected: &quot;&quot;)" computerName="NOTEBOOK-GEO25" duration="00:00:00.0000236" startTime="2026-09-10T19:06:51.9241568-03:00" endTime="2026-09-10T19:06:51.9242123-03:00" testType="13cdc9d9-ddb5-4fa4-a97d-d965ccfc6d4b" outcome="Passed" testListId="8c84fa94-04c1-424b-9868-57a2d4851a1d" relativeResultsDirectory="e50ab3c9-7248-4aed-8ad9-8ce7e4f53444" />
    <UnitTestResult executionId="21763925-6e1c-456e-81fb-41a1fb99c113" testId="89e9c4c9-1a6a-c4fc-2e89-4170014a8b2b" testName="HemodinksAPI.Tests.TeamLoginSecurityTests.AnonymousTeam_CannotWrite(method: &quot;POST&quot;, path: &quot;/api/pacientes/&quot;)" computerName="NOTEBOOK-GEO25" duration="00:00:03.5984717" startTime="2026-09-10T19:08:02.9468456-03:00" endTime="2026-09-10T19:08:06.5453624-03:00" testType="13cdc9d9-ddb5-4fa4-a97d-d965ccfc6d4b" outcome="Passed" testListId="8c84fa94-04c1-424b-9868-57a2d4851a1d" relativeResultsDirectory="21763925-6e1c-456e-81fb-41a1fb99c113" />
    <UnitTestResult executionId="0d469226-4f75-413c-97b9-283243b78416" testId="7db233c4-34e3-764d-f3da-9c196a378ca2" testName="HemodinksAPI.Tests.AzureBlobPatientFileStorageTests.GetBlobLocationFromUrl_ResolvesCurrentLegacyAndNestedContainerPaths(fileUrl: &quot;https://stgmtechsolution.blob.core.windows.net/pat&quot;···, expectedContainerName: &quot;patient-files-confirmation&quot;, expectedBlobName: &quot;pacientes/2026/09/file.pdf&quot;)" computerName="NOTEBOOK-GEO25" duration="00:00:00.0005683" startTime="2026-09-10T19:06:40.9192579-03:00" endTime="2026-09-10T19:06:40.9198940-03:00" testType="13cdc9d9-ddb5-4fa4-a97d-d965ccfc6d4b" outcome="Passed" testListId="8c84fa94-04c1-424b-9868-57a2d4851a1d" relativeResultsDirectory="0d469226-4f75-413c-97b9-283243b78416" />
    <UnitTestResult executionId="ec413325-6ad0-40dc-95fe-be9bbea4cfaa" testId="cd5323d5-4e3a-a1a0-8ba7-182d979f4a25" testName="HemodinksAPI.Tests.LocalUserSecretsConfigurationExtensionsTests.BuildFallbackValues_WhenEnvironmentIsNonProduction_UsesLocalSecretsForMissingRequiredKeys" computerName="NOTEBOOK-GEO25" duration="00:00:00.0007135" startTime="2026-09-10T19:06:40.9199230-03:00" endTime="2026-09-10T19:06:40.9206848-03:00" testType="13cdc9d9-ddb5-4fa4-a97d-d965ccfc6d4b" outcome="Passed" testListId="8c84fa94-04c1-424b-9868-57a2d4851a1d" relativeResultsDirectory="ec413325-6ad0-40dc-95fe-be9bbea4cfaa" />
    <UnitTestResult executionId="995cb4d4-cc1e-4b7b-9e3b-f47080294d40" testId="9b94b27e-5222-92a8-263a-719c79536567" testName="HemodinksAPI.Tests.FullTextSearchTermBuilderTests.BuildPrefixCondition_ReturnsNullWhenNoSearchableTerm(input: &quot;   &quot;)" computerName="NOTEBOOK-GEO25" duration="00:00:00.0000357" startTime="2026-09-10T19:06:52.7609107-03:00" endTime="2026-09-10T19:06:52.7609886-03:00" testType="13cdc9d9-ddb5-4fa4-a97d-d965ccfc6d4b" outcome="Passed" testListId="8c84fa94-04c1-424b-9868-57a2d4851a1d" relativeResultsDirectory="995cb4d4-cc1e-4b7b-9e3b-f47080294d40" />
    <UnitTestResult executionId="0d6c7430-3bc5-414f-b796-c83589e7e807" testId="cc644051-2179-c193-5ac0-2cda89ea6c38" testName="HemodinksAPI.Tests.LoginBrowserTests.Browser_UsesRealApi(scenario: &quot;invalid-pin&quot;)" computerName="NOTEBOOK-GEO25" duration="00:00:17.6229902" startTime="2026-09-10T19:09:46.0954956-03:00" endTime="2026-09-10T19:10:03.7185283-03:00" testType="13cdc9d9-ddb5-4fa4-a97d-d965ccfc6d4b" outcome="Passed" testListId="8c84fa94-04c1-424b-9868-57a2d4851a1d" relativeResultsDirectory="0d6c7430-3bc5-414f-b796-c83589e7e807" />
    <UnitTestResult executionId="b782d2dc-868b-46ed-b9d4-e8d202338b28" testId="c2fe7bcc-5b70-dfbb-b26d-bbcea477b04c" testName="HemodinksAPI.Tests.ListOrderingTests.GetAllPacientes_WhenLoggedDoctor_ReturnsAuxiliaryAndGroupPatients" computerName="NOTEBOOK-GEO25" duration="00:00:00.9642579" startTime="2026-09-10T19:06:50.1837729-03:00" endTime="2026-09-10T19:06:51.1480863-03:00" testType="13cdc9d9-ddb5-4fa4-a97d-d965ccfc6d4b" outcome="Passed" testListId="8c84fa94-04c1-424b-9868-57a2d4851a1d" relativeResultsDirectory="b782d2dc-868b-46ed-b9d4-e8d202338b28" />
    <UnitTestResult executionId="891ac71d-3014-4062-8da7-f1b9ea52efff" testId="06e74051-7b10-e5b2-c5ec-81046eedc025" testName="HemodinksAPI.Tests.ApiEndpointIntegrationTests.TeamWithoutNominalPin_CanReachSensitiveOperations" computerName="NOTEBOOK-GEO25" duration="00:00:05.1144071" startTime="2026-09-10T19:07:32.3940830-03:00" endTime="2026-09-10T19:07:37.5085896-03:00" testType="13cdc9d9-ddb5-4fa4-a97d-d965ccfc6d4b" outcome="Passed" testListId="8c84fa94-04c1-424b-9868-57a2d4851a1d" relativeResultsDirectory="891ac71d-3014-4062-8da7-f1b9ea52efff" />
    <UnitTestResult executionId="62ace3fb-a280-4e6a-984d-8760571618d1" testId="e201f53a-c218-9e92-06f5-be9f07047a79" testName="HemodinksAPI.Tests.LoginBrowserTests.Browser_UsesRealApi(scenario: &quot;individual&quot;)" computerName="NOTEBOOK-GEO25" duration="00:00:19.0131892" startTime="2026-09-10T19:08:21.3557618-03:00" endTime="2026-09-10T19:08:40.3689971-03:00" testType="13cdc9d9-ddb5-4fa4-a97d-d965ccfc6d4b" outcome="Passed" testListId="8c84fa94-04c1-424b-9868-57a2d4851a1d" relativeResultsDirectory="62ace3fb-a280-4e6a-984d-8760571618d1" />
    <UnitTestResult executionId="e85b35d0-7969-47f9-ac09-6a2ced4b7b2d" testId="ad679055-d67c-dd54-c127-923b2dbacca2" testName="HemodinksAPI.Tests.UserCommandHandlerTests.CreateUser_WhenMedicalProfileHasNoCrm_ThrowsInvalidOperationException" computerName="NOTEBOOK-GEO25" duration="00:00:00.0083675" startTime="2026-09-10T19:06:50.6514340-03:00" endTime="2026-09-10T19:06:50.6598847-03:00" testType="13cdc9d9-ddb5-4fa4-a97d-d965ccfc6d4b" outcome="Passed" testListId="8c84fa94-04c1-424b-9868-57a2d4851a1d" relativeResultsDirectory="e85b35d0-7969-47f9-ac09-6a2ced4b7b2d" />
    <UnitTestResult executionId="5b053546-4f37-4d56-be00-249cfe2daa84" testId="a8851405-b324-9fe4-12fa-13fd5b1dc630" testName="HemodinksAPI.Tests.PasswordHasherTests.HashPassword_WhenPasswordIsValid_ReturnsVerifiableHash" computerName="NOTEBOOK-GEO25" duration="00:00:00.0908910" startTime="2026-09-10T19:06:51.3906698-03:00" endTime="2026-09-10T19:06:51.4829274-03:00" testType="13cdc9d9-ddb5-4fa4-a97d-d965ccfc6d4b" outcome="Passed" testListId="8c84fa94-04c1-424b-9868-57a2d4851a1d" relativeResultsDirectory="5b053546-4f37-4d56-be00-249cfe2daa84" />
    <UnitTestResult executionId="5f028973-7d40-4bba-be0b-156f1fbc150f" testId="dc9f1d8f-f5cb-effd-9af3-412ba93abc62" testName="HemodinksAPI.Tests.CnpjUtilsTests.IsValid_RejectsInvalidValues(value: &quot;11.111.111/1111-11&quot;)" computerName="NOTEBOOK-GEO25" duration="00:00:00.0007560" startTime="2026-09-10T19:06:52.6907491-03:00" endTime="2026-09-10T19:06:52.6915909-03:00" testType="13cdc9d9-ddb5-4fa4-a97d-d965ccfc6d4b" outcome="Passed" testListId="8c84fa94-04c1-424b-9868-57a2d4851a1d" relativeResultsDirectory="5f028973-7d40-4bba-be0b-156f1fbc150f" />
    <UnitTestResult executionId="ae173c5c-ccd9-40cb-8b6e-3463f88efafd" testId="f1f1771e-07d5-a3f3-1d0d-f12ce502835c" testName="HemodinksAPI.Tests.LegalAcceptanceHandlersTests.Status_IsIsolatedByUser_AndRejectsDifferentResolvedClinic" computerName="NOTEBOOK-GEO25" duration="00:00:00.0745497" startTime="2026-09-10T19:06:44.4783883-03:00" endTime="2026-09-10T19:06:44.5529880-03:00" testType="13cdc9d9-ddb5-4fa4-a97d-d965ccfc6d4b" outcome="Passed" testListId="8c84fa94-04c1-424b-9868-57a2d4851a1d" relativeResultsDirectory="ae173c5c-ccd9-40cb-8b6e-3463f88efafd" />
    <UnitTestResult executionId="4aa569d8-386b-463e-8f8f-c27666f5a6af" testId="aaee336c-b778-e512-1c57-db8c3e2b3cb0" testName="HemodinksAPI.Tests.FaturamentoMedicoQueryHandlerTests.GetAllFaturamentosMedicos_WithCompetenciaRange_ReturnsBillingsCreatedInSelectedMonth" computerName="NOTEBOOK-GEO25" duration="00:00:01.1513297" startTime="2026-09-10T19:06:46.0020092-03:00" endTime="2026-09-10T19:06:47.1535280-03:00" testType="13cdc9d9-ddb5-4fa4-a97d-d965ccfc6d4b" outcome="Passed" testListId="8c84fa94-04c1-424b-9868-57a2d4851a1d" relativeResultsDirectory="4aa569d8-386b-463e-8f8f-c27666f5a6af" />
    <UnitTestResult executionId="97c17370-0389-421f-8298-ad3938554234" testId="5c4edefc-8c66-ca84-3b93-129a47f41d9a" testName="HemodinksAPI.Tests.TeamLoginSecurityTests.Identification_RejectsInvalidContext(scenario: &quot;membership-inactive&quot;)" computerName="NOTEBOOK-GEO25" duration="00:00:03.9736476" startTime="2026-09-10T19:07:18.2953687-03:00" endTime="2026-09-10T19:07:22.2691160-03:00" testType="13cdc9d9-ddb5-4fa4-a97d-d965ccfc6d4b" outcome="Passed" testListId="8c84fa94-04c1-424b-9868-57a2d4851a1d" relativeResultsDirectory="97c17370-0389-421f-8298-ad3938554234" />
    <UnitTestResult executionId="3e989be1-f16a-4257-95bb-dd03e8eb9fd7" testId="bd25daff-ce25-7697-3491-0f0b4184db43" testName="HemodinksAPI.Tests.TeamLoginSecurityTests.Identification_RejectsInvalidContext(scenario: &quot;team-inactive&quot;)" computerName="NOTEBOOK-GEO25" duration="00:00:04.2488886" startTime="2026-09-10T19:07:09.5655875-03:00" endTime="2026-09-10T19:07:13.8145922-03:00" testType="13cdc9d9-ddb5-4fa4-a97d-d965ccfc6d4b" outcome="Passed" testListId="8c84fa94-04c1-424b-9868-57a2d4851a1d" relativeResultsDirectory="3e989be1-f16a-4257-95bb-dd03e8eb9fd7" />
    <UnitTestResult executionId="61d8343c-6f00-4722-a3b7-dea8068b1ecd" testId="fbb452eb-e7bb-4866-7870-d1c4c4f220fb" testName="HemodinksAPI.Tests.LoginBrowserTests.Browser_UsesRealApi(scenario: &quot;cancel&quot;)" computerName="NOTEBOOK-GEO25" duration="00:00:17.8576063" startTime="2026-09-10T19:08:40.3696193-03:00" endTime="2026-09-10T19:08:58.2272671-03:00" testType="13cdc9d9-ddb5-4fa4-a97d-d965ccfc6d4b" outcome="Passed" testListId="8c84fa94-04c1-424b-9868-57a2d4851a1d" relativeResultsDirectory="61d8343c-6f00-4722-a3b7-dea8068b1ecd" />
    <UnitTestResult executionId="da995447-f53b-4b68-91c1-dc1a12345d26" testId="66058333-7849-dbd3-0d92-d83cfcd3ce4d" testName="HemodinksAPI.Tests.TeamLoginSecurityTests.Identification_RejectsInvalidContext(scenario: &quot;security-version&quot;)" computerName="NOTEBOOK-GEO25" duration="00:00:03.7194594" startTime="2026-09-10T19:07:42.8559114-03:00" endTime="2026-09-10T19:07:46.5755075-03:00" testType="13cdc9d9-ddb5-4fa4-a97d-d965ccfc6d4b" outcome="Passed" testListId="8c84fa94-04c1-424b-9868-57a2d4851a1d" relativeResultsDirectory="da995447-f53b-4b68-91c1-dc1a12345d26" />
    <UnitTestResult executionId="614a6d32-9707-47e6-93ac-029e06ae128f" testId="fe42b5aa-a2c5-5160-02d6-b6b7924345f8" testName="HemodinksAPI.Tests.AppDbContextTenancyTests.OnModelCreating_AppliesClinicaQueryFilterToAllClinicaOwnedEntities" computerName="NOTEBOOK-GEO25" duration="00:00:00.0079732" startTime="2026-09-10T19:06:52.8509174-03:00" endTime="2026-09-10T19:06:52.8589785-03:00" testType="13cdc9d9-ddb5-4fa4-a97d-d965ccfc6d4b" outcome="Passed" testListId="8c84fa94-04c1-424b-9868-57a2d4851a1d" relativeResultsDirectory="614a6d32-9707-47e6-93ac-029e06ae128f" />
    <UnitTestResult executionId="b7011b64-138c-4fc3-8141-bf59bd35dffa" testId="90ba86d7-068e-ac4e-a49d-e5fae1ba043d" testName="HemodinksAPI.Tests.UserCommandHandlerTests.CreateUser_WhenPacientePerfilIsProvided_ThrowsInvalidOperationException" computerName="NOTEBOOK-GEO25" duration="00:00:00.0069919" startTime="2026-09-10T19:06:50.7604352-03:00" endTime="2026-09-10T19:06:50.7675004-03:00" testType="13cdc9d9-ddb5-4fa4-a97d-d965ccfc6d4b" outcome="Passed" testListId="8c84fa94-04c1-424b-9868-57a2d4851a1d" relativeResultsDirectory="b7011b64-138c-4fc3-8141-bf59bd35dffa" />
    <UnitTestResult executionId="1ff60a77-255e-4335-b907-a824f47b24ce" testId="d372ac8e-e92b-e595-38f8-e541d8c6a971" testName="HemodinksAPI.Tests.ApiEndpointIntegrationTests.PlatformClinicUpdate_CanResetPrincipalAdministratorPasswordWithoutExposingIt" computerName="NOTEBOOK-GEO25" duration="00:00:03.1801605" startTime="2026-09-10T19:09:13.4802566-03:00" endTime="2026-09-10T19:09:16.6604520-03:00" testType="13cdc9d9-ddb5-4fa4-a97d-d965ccfc6d4b" outcome="Passed" testListId="8c84fa94-04c1-424b-9868-57a2d4851a1d" relativeResultsDirectory="1ff60a77-255e-4335-b907-a824f47b24ce" />
    <UnitTestResult executionId="af1d738f-49a0-4c9a-a5fa-ff4a1247261f" testId="5ba3f9e3-e94b-1338-c212-c3513818c459" testName="HemodinksAPI.Tests.StorageRegistrationTests.AddStorage_WhenAzureConnectionStringIsConfigured_RegistersAzureStorage" computerName="NOTEBOOK-GEO25" duration="00:00:00.0011512" startTime="2026-09-10T19:06:45.4336036-03:00" endTime="2026-09-10T19:06:45.4348222-03:00" testType="13cdc9d9-ddb5-4fa4-a97d-d965ccfc6d4b" outcome="Passed" testListId="8c84fa94-04c1-424b-9868-57a2d4851a1d" relativeResultsDirectory="af1d738f-49a0-4c9a-a5fa-ff4a1247261f" />
    <UnitTestResult executionId="b89c4e6e-7947-4d47-8b9e-bf675d3f00a1" testId="ad9c8c69-ffb3-7aa4-cfbb-202445ad64ac" testName="HemodinksAPI.Tests.CnpjUtilsTests.IsValid_AcceptsValidMaskedAndUnmaskedValues(value: &quot;11222333000181&quot;)" computerName="NOTEBOOK-GEO25" duration="00:00:00.0000392" startTime="2026-09-10T19:06:52.7567836-03:00" endTime="2026-09-10T19:06:52.7568549-03:00" testType="13cdc9d9-ddb5-4fa4-a97d-d965ccfc6d4b" outcome="Passed" testListId="8c84fa94-04c1-424b-9868-57a2d4851a1d" relativeResultsDirectory="b89c4e6e-7947-4d47-8b9e-bf675d3f00a1" />
    <UnitTestResult executionId="d1f3e502-1e2a-4937-a2d3-5b2379176558" testId="874217de-1133-ba75-066c-985577de7d6c" testName="HemodinksAPI.Tests.ListOrderingTests.GetAllPacientes_FiltersAdminPatientsByMedicoConvenioAndProcedimento" computerName="NOTEBOOK-GEO25" duration="00:00:01.1622448" startTime="2026-09-10T19:06:45.7770618-03:00" endTime="2026-09-10T19:06:46.9393801-03:00" testType="13cdc9d9-ddb5-4fa4-a97d-d965ccfc6d4b" outcome="Passed" testListId="8c84fa94-04c1-424b-9868-57a2d4851a1d" relativeResultsDirectory="d1f3e502-1e2a-4937-a2d3-5b2379176558" />
    <UnitTestResult executionId="1d555355-946e-4a66-a409-df5d063f5494" testId="2f6756dc-d84e-72d5-84f9-fb1e62bca3ec" testName="HemodinksAPI.Tests.AzureBlobPatientFileStorageTests.GetBlobLocationFromUrl_ResolvesCurrentLegacyAndNestedContainerPaths(fileUrl: &quot;pacientes/2026/09/file.pdf&quot;, expectedContainerName: &quot;patient-files-confirmation&quot;, expectedBlobName: &quot;pacientes/2026/09/file.pdf&quot;)" computerName="NOTEBOOK-GEO25" duration="00:00:00.0011518" startTime="2026-09-10T19:06:40.9175657-03:00" endTime="2026-09-10T19:06:40.9188048-03:00" testType="13cdc9d9-ddb5-4fa4-a97d-d965ccfc6d4b" outcome="Passed" testListId="8c84fa94-04c1-424b-9868-57a2d4851a1d" relativeResultsDirectory="1d555355-946e-4a66-a409-df5d063f5494" />
    <UnitTestResult executionId="9c86f6bf-5545-4548-aaf4-28ca93a33675" testId="6b21af00-2ad9-b44e-bbee-7d88a4c8ccc4" testName="HemodinksAPI.Tests.ApiEndpointIntegrationTests.AvailableProfiles_WhenCurrentUserIsSuperAdministrador_IncludesSuperAdministrador" computerName="NOTEBOOK-GEO25" duration="00:00:02.4148029" startTime="2026-09-10T19:08:51.7225758-03:00" endTime="2026-09-10T19:08:54.1374199-03:00" testType="13cdc9d9-ddb5-4fa4-a97d-d965ccfc6d4b" outcome="Passed" testListId="8c84fa94-04c1-424b-9868-57a2d4851a1d" relativeResultsDirectory="9c86f6bf-5545-4548-aaf4-28ca93a33675" />
    <UnitTestResult executionId="3954507c-507a-4240-b45e-8a36e102de82" testId="bd269c3f-69c1-e787-00ed-c3548a3b63af" testName="HemodinksAPI.Tests.PacienteCommandHandlerTests.CreatePaciente_WhenHospitalAndConvenioAreManual_PersistsLookupsAndProcedimentos" computerName="NOTEBOOK-GEO25" duration="00:00:00.3320222" startTime="2026-09-10T19:06:52.9843920-03:00" endTime="2026-09-10T19:06:53.3165077-03:00" testType="13cdc9d9-ddb5-4fa4-a97d-d965ccfc6d4b" outcome="Passed" testListId="8c84fa94-04c1-424b-9868-57a2d4851a1d" relativeResultsDirectory="3954507c-507a-4240-b45e-8a36e102de82" />
    <UnitTestResult executionId="b7916d6f-1574-4d01-9e12-dad2e7bc2659" testId="b5ed6cbb-de52-6b7f-0a3a-051c4d097dda" testName="HemodinksAPI.Tests.CnpjUtilsTests.IsValid_RejectsInvalidValues(value: null)" computerName="NOTEBOOK-GEO25" duration="00:00:00.0000480" startTime="2026-09-10T19:06:52.6926552-03:00" endTime="2026-09-10T19:06:52.6927625-03:00" testType="13cdc9d9-ddb5-4fa4-a97d-d965ccfc6d4b" outcome="Passed" testListId="8c84fa94-04c1-424b-9868-57a2d4851a1d" relativeResultsDirectory="b7916d6f-1574-4d01-9e12-dad2e7bc2659" />
    <UnitTestResult executionId="00ae48f9-8e81-4051-ac8a-1d1538b52299" testId="23f1dd57-eabe-efce-c5f5-f9bf4cbfb3e3" testName="HemodinksAPI.Tests.PatientFileSecurityTests.SaveAsync_WhenDocxZipDoesNotContainWordPackage_RejectsUpload" computerName="NOTEBOOK-GEO25" duration="00:00:00.0190048" startTime="2026-09-10T19:06:40.9593618-03:00" endTime="2026-09-10T19:06:40.9784275-03:00" testType="13cdc9d9-ddb5-4fa4-a97d-d965ccfc6d4b" outcome="Passed" testListId="8c84fa94-04c1-424b-9868-57a2d4851a1d" relativeResultsDirectory="00ae48f9-8e81-4051-ac8a-1d1538b52299" />
    <UnitTestResult executionId="b4b1588e-770e-4e37-9277-d32b2de4c940" testId="b88db133-0a29-bc10-e768-0201e1b52ebb" testName="HemodinksAPI.Tests.DashboardSummaryQueryHandlerTests.GetDashboardSummary_SeparatesPatientUsersFromUsersCounter" computerName="NOTEBOOK-GEO25" duration="00:00:00.7268049" startTime="2026-09-10T19:06:48.2758391-03:00" endTime="2026-09-10T19:06:49.0027582-03:00" testType="13cdc9d9-ddb5-4fa4-a97d-d965ccfc6d4b" outcome="Passed" testListId="8c84fa94-04c1-424b-9868-57a2d4851a1d" relativeResultsDirectory="b4b1588e-770e-4e37-9277-d32b2de4c940" />
    <UnitTestResult executionId="f751e226-ca52-495b-b24b-5c30a61668a5" testId="0d4308f1-c991-a4af-6a3d-d1b78871d794" testName="HemodinksAPI.Tests.CnpjUtilsTests.IsValid_AcceptsValidMaskedAndUnmaskedValues(value: &quot;11.222.333/0001-81&quot;)" computerName="NOTEBOOK-GEO25" duration="00:00:00.0002092" startTime="2026-09-10T19:06:52.7554701-03:00" endTime="2026-09-10T19:06:52.7557205-03:00" testType="13cdc9d9-ddb5-4fa4-a97d-d965ccfc6d4b" outcome="Passed" testListId="8c84fa94-04c1-424b-9868-57a2d4851a1d" relativeResultsDirectory="f751e226-ca52-495b-b24b-5c30a61668a5" />
    <UnitTestResult executionId="3c7d62ee-42b4-4abd-b574-5b08fc344c79" testId="8eb63e18-d5e0-3196-0d40-643bdc957b5c" testName="HemodinksAPI.Tests.StorageRegistrationTests.AddApplicationServices_WhenPasswordResetFunctionsAreConfigured_UsesFunctionBackedSender" computerName="NOTEBOOK-GEO25" duration="00:00:00.1707606" startTime="2026-09-10T19:06:45.2585288-03:00" endTime="2026-09-10T19:06:45.4293755-03:00" testType="13cdc9d9-ddb5-4fa4-a97d-d965ccfc6d4b" outcome="Passed" testListId="8c84fa94-04c1-424b-9868-57a2d4851a1d" relativeResultsDirectory="3c7d62ee-42b4-4abd-b574-5b08fc344c79" />
    <UnitTestResult executionId="dbea8516-697c-4999-8d31-3a91c032c236" testId="a1494230-30f8-644c-f70e-65a436406304" testName="HemodinksAPI.Tests.TeamLoginSecurityTests.Identification_RejectsInvalidContext(scenario: &quot;used&quot;)" computerName="NOTEBOOK-GEO25" duration="00:00:08.0925087" startTime="2026-09-10T19:06:44.4399473-03:00" endTime="2026-09-10T19:06:52.5325380-03:00" testType="13cdc9d9-ddb5-4fa4-a97d-d965ccfc6d4b" outcome="Passed" testListId="8c84fa94-04c1-424b-9868-57a2d4851a1d" relativeResultsDirectory="dbea8516-697c-4999-8d31-3a91c032c236" />
    <UnitTestResult executionId="1c34a742-bc6d-4fa7-be57-3903ea4afeba" testId="d696dea2-c5a1-028c-4c21-fa2c776fabea" testName="HemodinksAPI.Tests.PacienteCommandHandlerTests.CreatePaciente_CreatesLinkedUserWithPacienteProfile(year: 2026, month: 6, day: 5)" computerName="NOTEBOOK-GEO25" duration="00:00:00.7910734" startTime="2026-09-10T19:06:49.0046822-03:00" endTime="2026-09-10T19:06:49.7958902-03:00" testType="13cdc9d9-ddb5-4fa4-a97d-d965ccfc6d4b" outcome="Passed" testListId="8c84fa94-04c1-424b-9868-57a2d4851a1d" relativeResultsDirectory="1c34a742-bc6d-4fa7-be57-3903ea4afeba" />
    <UnitTestResult executionId="26639797-6b7d-49c2-bbeb-cb67385bb764" testId="b2739c3c-1f0e-65d0-338d-baa955d0bfa9" testName="HemodinksAPI.Tests.TeamLoginSecurityTests.Identification_RejectsInvalidContext(scenario: &quot;login-inactive&quot;)" computerName="NOTEBOOK-GEO25" duration="00:00:04.0101385" startTime="2026-09-10T19:07:31.3083112-03:00" endTime="2026-09-10T19:07:35.3185464-03:00" testType="13cdc9d9-ddb5-4fa4-a97d-d965ccfc6d4b" outcome="Passed" testListId="8c84fa94-04c1-424b-9868-57a2d4851a1d" relativeResultsDirectory="26639797-6b7d-49c2-bbeb-cb67385bb764" />
    <UnitTestResult executionId="e25919af-7f04-4967-a875-4e22e2b4bae7" testId="3cd6d3a8-beae-9457-ebfc-ebc736300597" testName="HemodinksAPI.Tests.CnpjUtilsTests.ClinicModel_HasAUniqueFilteredIndexForCnpj" computerName="NOTEBOOK-GEO25" duration="00:00:00.0064745" startTime="2026-09-10T19:06:52.7571825-03:00" endTime="2026-09-10T19:06:52.7637200-03:00" testType="13cdc9d9-ddb5-4fa4-a97d-d965ccfc6d4b" outcome="Passed" testListId="8c84fa94-04c1-424b-9868-57a2d4851a1d" relativeResultsDirectory="e25919af-7f04-4967-a875-4e22e2b4bae7" />
    <UnitTestResult executionId="c154ad2d-5eb1-4532-8a27-885f6d090d12" testId="2c9cc13a-1f00-2b9b-5b36-bb976c590eb8" testName="HemodinksAPI.Tests.FullTextSearchFallbackTests.GrupoMedicoSearch_FallbackCoversGroupMemberNameAndEmail" computerName="NOTEBOOK-GEO25" duration="00:00:00.3099483" startTime="2026-09-10T19:06:48.2751405-03:00" endTime="2026-09-10T19:06:48.5851957-03:00" testType="13cdc9d9-ddb5-4fa4-a97d-d965ccfc6d4b" outcome="Passed" testListId="8c84fa94-04c1-424b-9868-57a2d4851a1d" relativeResultsDirectory="c154ad2d-5eb1-4532-8a27-885f6d090d12" />
    <UnitTestResult executionId="ae673d0a-b87c-44f5-8adf-ba709d267fdc" testId="351b41ce-9e3d-7a10-3c98-d15326604173" testName="HemodinksAPI.Tests.TeamLoginSecurityTests.Identification_RejectsInvalidContext(scenario: &quot;other-team&quot;)" computerName="NOTEBOOK-GEO25" duration="00:00:06.0337329" startTime="2026-09-10T19:06:52.5332128-03:00" endTime="2026-09-10T19:06:58.5670431-03:00" testType="13cdc9d9-ddb5-4fa4-a97d-d965ccfc6d4b" outcome="Passed" testListId="8c84fa94-04c1-424b-9868-57a2d4851a1d" relativeResultsDirectory="ae673d0a-b87c-44f5-8adf-ba709d267fdc" />
    <UnitTestResult executionId="5492b78c-e67e-4866-87a1-6e1d693ebc78" testId="2f85b3db-37c5-879c-ccf1-1eed763e85e6" testName="HemodinksAPI.Tests.EquipeAuthenticationRulesTests.NormalizeModo_ReturnsSupportedCanonicalValue(input: null, expected: &quot;Pin&quot;)" computerName="NOTEBOOK-GEO25" duration="00:00:00.0004036" startTime="2026-09-10T19:06:44.5879626-03:00" endTime="2026-09-10T19:06:44.5884437-03:00" testType="13cdc9d9-ddb5-4fa4-a97d-d965ccfc6d4b" outcome="Passed" testListId="8c84fa94-04c1-424b-9868-57a2d4851a1d" relativeResultsDirectory="5492b78c-e67e-4866-87a1-6e1d693ebc78" />
    <UnitTestResult executionId="41999b2d-da1b-4fc8-801a-05959d5d3943" testId="c999aa97-2fb6-3101-ea5e-c9d7ef0f9d47" testName="HemodinksAPI.Tests.ApiEndpointIntegrationTests.UsersEndpoint_WhenAuthenticatedInSecondClinic_ReturnsOnlyItsOwnUsers" computerName="NOTEBOOK-GEO25" duration="00:00:02.6621969" startTime="2026-09-10T19:09:36.1120669-03:00" endTime="2026-09-10T19:09:38.7742995-03:00" testType="13cdc9d9-ddb5-4fa4-a97d-d965ccfc6d4b" outcome="Passed" testListId="8c84fa94-04c1-424b-9868-57a2d4851a1d" relativeResultsDirectory="41999b2d-da1b-4fc8-801a-05959d5d3943" />
    <UnitTestResult executionId="6145f13e-40f1-4edc-8022-a60f5f1a3b29" testId="75abb9d0-c0c6-92d3-c775-c1991e0f086b" testName="HemodinksAPI.Tests.UserCommandHandlerTests.ResetUserPasswordByEmail_WhenUserExists_CreatesTokenWithoutChangingPassword" computerName="NOTEBOOK-GEO25" duration="00:00:00.2850844" startTime="2026-09-10T19:06:48.3950751-03:00" endTime="2026-09-10T19:06:48.6802733-03:00" testType="13cdc9d9-ddb5-4fa4-a97d-d965ccfc6d4b" outcome="Passed" testListId="8c84fa94-04c1-424b-9868-57a2d4851a1d" relativeResultsDirectory="6145f13e-40f1-4edc-8022-a60f5f1a3b29" />
    <UnitTestResult executionId="9bfce080-ffda-45c6-8e91-105b618cb421" testId="9ce70398-b72a-be22-bbdb-c325e86ccb15" testName="HemodinksAPI.Tests.UserCommandHandlerTests.CreateUser_WhenControllerPerfilIsProvided_AssignsPerfil" computerName="NOTEBOOK-GEO25" duration="00:00:00.1087399" startTime="2026-09-10T19:06:49.1443116-03:00" endTime="2026-09-10T19:06:49.2531822-03:00" testType="13cdc9d9-ddb5-4fa4-a97d-d965ccfc6d4b" outcome="Passed" testListId="8c84fa94-04c1-424b-9868-57a2d4851a1d" relativeResultsDirectory="9bfce080-ffda-45c6-8e91-105b618cb421" />
    <UnitTestResult executionId="4b39d954-8cf0-4c4e-a871-39735defe579" testId="e9e821ac-8dad-2d28-0068-2ae0cfcb37c1" testName="HemodinksAPI.Tests.LegalAcceptanceHandlersTests.OlderTermsVersion_RequiresNewAcceptance_AndPreservesHistory" computerName="NOTEBOOK-GEO25" duration="00:00:00.0699531" startTime="2026-09-10T19:06:44.3156612-03:00" endTime="2026-09-10T19:06:44.3856950-03:00" testType="13cdc9d9-ddb5-4fa4-a97d-d965ccfc6d4b" outcome="Passed" testListId="8c84fa94-04c1-424b-9868-57a2d4851a1d" relativeResultsDirectory="4b39d954-8cf0-4c4e-a871-39735defe579" />
    <UnitTestResult executionId="1da452b6-f5bb-40c2-9a05-8409e568025a" testId="0aaaaa7a-20ca-8869-4562-9d6803bcd268" testName="HemodinksAPI.Tests.ApiEndpointIntegrationTests.DashboardSummary_WhenAuthenticated_ReturnsSummary" computerName="NOTEBOOK-GEO25" duration="00:00:03.5602962" startTime="2026-09-10T19:07:54.3484576-03:00" endTime="2026-09-10T19:07:57.9089101-03:00" testType="13cdc9d9-ddb5-4fa4-a97d-d965ccfc6d4b" outcome="Passed" testListId="8c84fa94-04c1-424b-9868-57a2d4851a1d" relativeResultsDirectory="1da452b6-f5bb-40c2-9a05-8409e568025a" />
    <UnitTestResult executionId="14a9e03a-096e-4af1-87bc-8b367f1f9a78" testId="b758dd5b-e691-e74a-ab7d-a91d9881e9a1" testName="HemodinksAPI.Tests.AppDbContextTenancyTests.SaveChangesAsyncBooleanOverload_RejectsCrossClinicUpdatesAndDeletes(delete: True)" computerName="NOTEBOOK-GEO25" duration="00:00:00.0366770" startTime="2026-09-10T19:06:52.7623765-03:00" endTime="2026-09-10T19:06:52.7991458-03:00" testType="13cdc9d9-ddb5-4fa4-a97d-d965ccfc6d4b" outcome="Passed" testListId="8c84fa94-04c1-424b-9868-57a2d4851a1d" relativeResultsDirectory="14a9e03a-096e-4af1-87bc-8b367f1f9a78" />
    <UnitTestResult executionId="4fc74b53-4815-4183-a094-e3d3d28bb83a" testId="58f82fc1-94ff-1268-9849-ccec1249d3c4" testName="HemodinksAPI.Tests.PacienteDateOrderingTests.DatesAreSortedBeforePaginationWithMissingDatesLast(field: &quot;dataAtendimento&quot;, direction: &quot;desc&quot;)" computerName="NOTEBOOK-GEO25" duration="00:00:01.3320711" startTime="2026-09-10T19:06:46.2265795-03:00" endTime="2026-09-10T19:06:47.5587490-03:00" testType="13cdc9d9-ddb5-4fa4-a97d-d965ccfc6d4b" outcome="Passed" testListId="8c84fa94-04c1-424b-9868-57a2d4851a1d" relativeResultsDirectory="4fc74b53-4815-4183-a094-e3d3d28bb83a" />
    <UnitTestResult executionId="63fb38d9-be33-49da-944a-c395d6246c03" testId="88c74ac5-56a3-259c-4064-9db324dc4adb" testName="HemodinksAPI.Tests.PrivateFileDownloadQueryHandlerTests.DownloadPacienteArquivo_WhenDoctorCannotSeePatient_ReturnsNotFoundWithoutReadingBlob" computerName="NOTEBOOK-GEO25" duration="00:00:00.0876459" startTime="2026-09-10T19:06:52.4267745-03:00" endTime="2026-09-10T19:06:52.5145231-03:00" testType="13cdc9d9-ddb5-4fa4-a97d-d965ccfc6d4b" outcome="Passed" testListId="8c84fa94-04c1-424b-9868-57a2d4851a1d" relativeResultsDirectory="63fb38d9-be33-49da-944a-c395d6246c03" />
    <UnitTestResult executionId="cbcc41a6-2862-46ad-aa93-d4bc636a3731" testId="cef25bb1-5a0a-563f-952a-bde84627f546" testName="HemodinksAPI.Tests.EquipeAuthenticationRulesTests.IsValidPinFormat_RequiresExactlySixDigits(pin: &quot;1234567&quot;, expected: False)" computerName="NOTEBOOK-GEO25" duration="00:00:00.0006933" startTime="2026-09-10T19:06:44.5608149-03:00" endTime="2026-09-10T19:06:44.5615800-03:00" testType="13cdc9d9-ddb5-4fa4-a97d-d965ccfc6d4b" outcome="Passed" testListId="8c84fa94-04c1-424b-9868-57a2d4851a1d" relativeResultsDirectory="cbcc41a6-2862-46ad-aa93-d4bc636a3731" />
    <UnitTestResult executionId="7e118b9c-d0df-4134-aad9-ae7ca5871203" testId="50579fd7-e8af-57bb-9ef7-d36f41b2f98e" testName="HemodinksAPI.Tests.ApiCorsTests.PreflightFromUnconfiguredLocalhost_DoesNotReturnAllowedOrigin" computerName="NOTEBOOK-GEO25" duration="00:00:04.5284786" startTime="2026-09-10T19:07:01.0852754-03:00" endTime="2026-09-10T19:07:05.6138698-03:00" testType="13cdc9d9-ddb5-4fa4-a97d-d965ccfc6d4b" outcome="Passed" testListId="8c84fa94-04c1-424b-9868-57a2d4851a1d" relativeResultsDirectory="7e118b9c-d0df-4134-aad9-ae7ca5871203" />
    <UnitTestResult executionId="355711ed-524c-4f31-83b7-7051ecc85e2c" testId="c2f96183-a3fe-37f4-0ebb-df85fffe3916" testName="HemodinksAPI.Tests.TeamLoginSecurityTests.AllModes_KeepTeamIdentityAndCanRead(mode: &quot;Pin&quot;)" computerName="NOTEBOOK-GEO25" duration="00:00:03.2902988" startTime="2026-09-10T19:08:19.8725429-03:00" endTime="2026-09-10T19:08:23.1628846-03:00" testType="13cdc9d9-ddb5-4fa4-a97d-d965ccfc6d4b" outcome="Passed" testListId="8c84fa94-04c1-424b-9868-57a2d4851a1d" relativeResultsDirectory="355711ed-524c-4f31-83b7-7051ecc85e2c" />
    <UnitTestResult executionId="9f7ec187-f13f-46a6-bfc4-f4d54f1aa439" testId="72d9be84-5399-f49f-2cb3-a50125255092" testName="HemodinksAPI.Tests.ApiEndpointIntegrationTests.FinanceiroEndpoints_WithMissingRequiredFields_ReturnBadRequest(method: &quot;PUT&quot;, path: &quot;/api/convenios-procedimentos-precos/999999&quot;)" computerName="NOTEBOOK-GEO25" duration="00:00:03.4239440" startTime="2026-09-10T19:07:47.3837384-03:00" endTime="2026-09-10T19:07:50.8077685-03:00" testType="13cdc9d9-ddb5-4fa4-a97d-d965ccfc6d4b" outcome="Passed" testListId="8c84fa94-04c1-424b-9868-57a2d4851a1d" relativeResultsDirectory="9f7ec187-f13f-46a6-bfc4-f4d54f1aa439" />
    <UnitTestResult executionId="ed125b67-eb47-4e0c-a05f-3bdf311b0a4b" testId="8c818595-7d8d-9cf9-c517-a5fe8f86466e" testName="HemodinksAPI.Tests.PasswordHasherTests.VerifyPassword_WhenPasswordDoesNotMatch_ReturnsFalse" computerName="NOTEBOOK-GEO25" duration="00:00:00.0789152" startTime="2026-09-10T19:06:51.2956473-03:00" endTime="2026-09-10T19:06:51.3746696-03:00" testType="13cdc9d9-ddb5-4fa4-a97d-d965ccfc6d4b" outcome="Passed" testListId="8c84fa94-04c1-424b-9868-57a2d4851a1d" relativeResultsDirectory="ed125b67-eb47-4e0c-a05f-3bdf311b0a4b" />
    <UnitTestResult executionId="89ff1cd3-026a-4800-baca-d3a9c81e60c3" testId="fd584482-cf44-c527-d91b-bfc67cf7faa0" testName="HemodinksAPI.Tests.ApiEndpointIntegrationTests.FinanceiroEndpoints_RejectUnsafeDeletesAndInvalidPagination" computerName="NOTEBOOK-GEO25" duration="00:00:03.1883168" startTime="2026-09-10T19:08:17.2787695-03:00" endTime="2026-09-10T19:08:20.4671288-03:00" testType="13cdc9d9-ddb5-4fa4-a97d-d965ccfc6d4b" outcome="Passed" testListId="8c84fa94-04c1-424b-9868-57a2d4851a1d" relativeResultsDirectory="89ff1cd3-026a-4800-baca-d3a9c81e60c3" />
    <UnitTestResult executionId="6593f481-4f23-45c3-b191-ac72a4e6d395" testId="3bd469eb-4c3a-d62f-55d7-0249f3944e05" testName="HemodinksAPI.Tests.UserCommandHandlerTests.CreateUser_WhenEmailIsNew_CreatesActiveUserWithRandomTemporaryPassword" computerName="NOTEBOOK-GEO25" duration="00:00:00.1153393" startTime="2026-09-10T19:06:50.4106461-03:00" endTime="2026-09-10T19:06:50.5260626-03:00" testType="13cdc9d9-ddb5-4fa4-a97d-d965ccfc6d4b" outcome="Passed" testListId="8c84fa94-04c1-424b-9868-57a2d4851a1d" relativeResultsDirectory="6593f481-4f23-45c3-b191-ac72a4e6d395" />
    <UnitTestResult executionId="6a65215f-69ac-40fc-8476-f67b5582a084" testId="d1e97d70-99a4-861e-b664-977e81b7d3a0" testName="HemodinksAPI.Tests.DatabaseStartupPolicyTests.NonProduction_UsesEnabledDefault" computerName="NOTEBOOK-GEO25" duration="00:00:00.0008824" startTime="2026-09-10T19:06:45.7769996-03:00" endTime="2026-09-10T19:06:45.7779374-03:00" testType="13cdc9d9-ddb5-4fa4-a97d-d965ccfc6d4b" outcome="Passed" testListId="8c84fa94-04c1-424b-9868-57a2d4851a1d" relativeResultsDirectory="6a65215f-69ac-40fc-8476-f67b5582a084" />
    <UnitTestResult executionId="6d669fae-4872-40d1-b318-27721899470e" testId="02de27bd-fff0-218e-d09b-22ea135abb40" testName="HemodinksAPI.Tests.EventReminderScheduleTests.CalculateNextReminderAt_WhenNotificationsAreDisabled_ReturnsNull" computerName="NOTEBOOK-GEO25" duration="00:00:00.0005651" startTime="2026-09-10T19:06:44.5531284-03:00" endTime="2026-09-10T19:06:44.5537506-03:00" testType="13cdc9d9-ddb5-4fa4-a97d-d965ccfc6d4b" outcome="Passed" testListId="8c84fa94-04c1-424b-9868-57a2d4851a1d" relativeResultsDirectory="6d669fae-4872-40d1-b318-27721899470e" />
    <UnitTestResult executionId="26cdbd4d-bc0e-4909-87db-3df6cdd25d3f" testId="613658ba-83e7-8703-969e-90e7f256ba4b" testName="HemodinksAPI.Tests.PacienteDateOrderingTests.DatesAreSortedBeforePaginationWithMissingDatesLast(field: &quot;data&quot;, direction: &quot;desc&quot;)" computerName="NOTEBOOK-GEO25" duration="00:00:01.6683619" startTime="2026-09-10T19:06:44.5575445-03:00" endTime="2026-09-10T19:06:46.2259815-03:00" testType="13cdc9d9-ddb5-4fa4-a97d-d965ccfc6d4b" outcome="Passed" testListId="8c84fa94-04c1-424b-9868-57a2d4851a1d" relativeResultsDirectory="26cdbd4d-bc0e-4909-87db-3df6cdd25d3f" />
    <UnitTestResult executionId="4e9c6d79-1108-49e7-9866-6b2236ff8763" testId="6e7b6ebe-fb40-f701-89b2-48e961ba843e" testName="HemodinksAPI.Tests.PrivacyPreferenceHandlersTests.GetCurrent_WithoutPreference_ReturnsExplicitOptOutDefaults" computerName="NOTEBOOK-GEO25" duration="00:00:00.0047607" startTime="2026-09-10T19:06:44.3635276-03:00" endTime="2026-09-10T19:06:44.3683611-03:00" testType="13cdc9d9-ddb5-4fa4-a97d-d965ccfc6d4b" outcome="Passed" testListId="8c84fa94-04c1-424b-9868-57a2d4851a1d" relativeResultsDirectory="4e9c6d79-1108-49e7-9866-6b2236ff8763" />
    <UnitTestResult executionId="3d16c351-622b-4f6e-aac5-f13b4f05475f" testId="64b487df-9923-3b21-73a1-ee9392a8a78a" testName="HemodinksAPI.Tests.TemporaryAccessTests.HigherPrivilegeInAnotherClinic_PreventsGlobalCredentialTakeover(linked: True)" computerName="NOTEBOOK-GEO25" duration="00:00:00.1700479" startTime="2026-09-10T19:06:43.9523012-03:00" endTime="2026-09-10T19:06:44.1226268-03:00" testType="13cdc9d9-ddb5-4fa4-a97d-d965ccfc6d4b" outcome="Passed" testListId="8c84fa94-04c1-424b-9868-57a2d4851a1d" relativeResultsDirectory="3d16c351-622b-4f6e-aac5-f13b4f05475f" />
    <UnitTestResult executionId="9e0a2a50-4174-4582-942d-d0054fadf13a" testId="6ff6ac71-bb34-8b57-d0d0-1290816ffedc" testName="HemodinksAPI.Tests.StorageRegistrationTests.AddStorage_WhenAzureConnectionStringIsMissingInProduction_Throws" computerName="NOTEBOOK-GEO25" duration="00:00:00.0016193" startTime="2026-09-10T19:06:44.5954768-03:00" endTime="2026-09-10T19:06:44.5971842-03:00" testType="13cdc9d9-ddb5-4fa4-a97d-d965ccfc6d4b" outcome="Passed" testListId="8c84fa94-04c1-424b-9868-57a2d4851a1d" relativeResultsDirectory="9e0a2a50-4174-4582-942d-d0054fadf13a" />
    <UnitTestResult executionId="39c59e95-23e0-4e08-b862-f0fff2f27aae" testId="2a772698-f12e-5bf3-049b-7c51e7ef07f5" testName="HemodinksAPI.Tests.ListOrderingTests.GetAllPacientes_FiltersRequestDatesAndOrdersByAttendanceDate" computerName="NOTEBOOK-GEO25" duration="00:00:00.7320237" startTime="2026-09-10T19:06:48.7765597-03:00" endTime="2026-09-10T19:06:49.5086749-03:00" testType="13cdc9d9-ddb5-4fa4-a97d-d965ccfc6d4b" outcome="Passed" testListId="8c84fa94-04c1-424b-9868-57a2d4851a1d" relativeResultsDirectory="39c59e95-23e0-4e08-b862-f0fff2f27aae" />
    <UnitTestResult executionId="3b0b9a6e-89f0-4656-b999-278fb14dc45d" testId="4cde1340-77eb-8674-e912-33ef87bc283d" testName="HemodinksAPI.Tests.FullTextSearchTermBuilderTests.BuildPrefixCondition_ReturnsNullWhenNoSearchableTerm(input: &quot;&quot;)" computerName="NOTEBOOK-GEO25" duration="00:00:00.0000342" startTime="2026-09-10T19:06:52.7604636-03:00" endTime="2026-09-10T19:06:52.7605562-03:00" testType="13cdc9d9-ddb5-4fa4-a97d-d965ccfc6d4b" outcome="Passed" testListId="8c84fa94-04c1-424b-9868-57a2d4851a1d" relativeResultsDirectory="3b0b9a6e-89f0-4656-b999-278fb14dc45d" />
    <UnitTestResult executionId="8e7bc1a2-4a00-476b-93df-db80e73460c0" testId="2d330dfa-dd05-624a-8c65-76ee7fd482bc" testName="HemodinksAPI.Tests.PacienteDateOrderingTests.DatesAreSortedBeforePaginationWithMissingDatesLast(field: &quot;data&quot;, direction: &quot;asc&quot;)" computerName="NOTEBOOK-GEO25" duration="00:00:01.0718220" startTime="2026-09-10T19:06:47.5606115-03:00" endTime="2026-09-10T19:06:48.6325609-03:00" testType="13cdc9d9-ddb5-4fa4-a97d-d965ccfc6d4b" outcome="Passed" testListId="8c84fa94-04c1-424b-9868-57a2d4851a1d" relativeResultsDirectory="8e7bc1a2-4a00-476b-93df-db80e73460c0" />
    <UnitTestResult executionId="3bb8daca-dd6e-4736-9fdd-02ff97377e96" testId="a04c6580-601a-d3e4-8ba3-5d30c7c0fcf3" testName="HemodinksAPI.Tests.AppDbContextTenancyTests.SaveChanges_WithCrossTenantRelationship_IsRejected" computerName="NOTEBOOK-GEO25" duration="00:00:00.0339031" startTime="2026-09-10T19:06:52.8155560-03:00" endTime="2026-09-10T19:06:52.8495407-03:00" testType="13cdc9d9-ddb5-4fa4-a97d-d965ccfc6d4b" outcome="Passed" testListId="8c84fa94-04c1-424b-9868-57a2d4851a1d" relativeResultsDirectory="3bb8daca-dd6e-4736-9fdd-02ff97377e96" />
    <UnitTestResult executionId="1156c05d-ca93-4999-8125-b813baba2c7e" testId="066efe07-f78d-eb92-9a13-0a14384eb59b" testName="HemodinksAPI.Tests.TemporaryAccessConcurrencyTests.TwoConcurrentConsumers_OnlyOneCommits_AndGenerationAlsoConflicts" computerName="NOTEBOOK-GEO25" duration="00:00:01.1637105" startTime="2026-09-10T19:06:49.8457572-03:00" endTime="2026-09-10T19:06:51.0095582-03:00" testType="13cdc9d9-ddb5-4fa4-a97d-d965ccfc6d4b" outcome="Passed" testListId="8c84fa94-04c1-424b-9868-57a2d4851a1d" relativeResultsDirectory="1156c05d-ca93-4999-8125-b813baba2c7e" />
    <UnitTestResult executionId="f7cc1ddd-5063-4e6a-844e-e7069ce7dfa7" testId="20d0c0cf-9663-5246-70cb-85387e006d30" testName="HemodinksAPI.Tests.TemporaryAccessTests.FluentValidator_RejectsInvalidPassword(password: &quot;short&quot;, confirmation: &quot;short&quot;)" computerName="NOTEBOOK-GEO25" duration="00:00:00.0102151" startTime="2026-09-10T19:06:47.6872913-03:00" endTime="2026-09-10T19:06:47.6976977-03:00" testType="13cdc9d9-ddb5-4fa4-a97d-d965ccfc6d4b" outcome="Passed" testListId="8c84fa94-04c1-424b-9868-57a2d4851a1d" relativeResultsDirectory="f7cc1ddd-5063-4e6a-844e-e7069ce7dfa7" />
    <UnitTestResult executionId="df84db25-5565-4ef2-9770-b0e8aa8d27e6" testId="f86b405d-663a-5f2b-a732-bb798a5c4763" testName="HemodinksAPI.Tests.FaturamentoMedicoQueryHandlerTests.GetAllFaturamentosMedicos_WhenAdminOrController_ReturnsAllBillings(perfilId: 4)" computerName="NOTEBOOK-GEO25" duration="00:00:00.3032353" startTime="2026-09-10T19:06:45.6864318-03:00" endTime="2026-09-10T19:06:45.9898516-03:00" testType="13cdc9d9-ddb5-4fa4-a97d-d965ccfc6d4b" outcome="Passed" testListId="8c84fa94-04c1-424b-9868-57a2d4851a1d" relativeResultsDirectory="df84db25-5565-4ef2-9770-b0e8aa8d27e6" />
    <UnitTestResult executionId="1950b048-3195-43fc-9429-9675a88f584d" testId="4d188c13-24b1-52d2-ae7b-6251c9ea28f8" testName="HemodinksAPI.Tests.ApiEndpointIntegrationTests.Medico_CannotUpdateOrDeleteAtendimentoAssignedToAnotherDoctor" computerName="NOTEBOOK-GEO25" duration="00:00:03.0166071" startTime="2026-09-10T19:09:16.6612127-03:00" endTime="2026-09-10T19:09:19.6778934-03:00" testType="13cdc9d9-ddb5-4fa4-a97d-d965ccfc6d4b" outcome="Passed" testListId="8c84fa94-04c1-424b-9868-57a2d4851a1d" relativeResultsDirectory="1950b048-3195-43fc-9429-9675a88f584d" />
    <UnitTestResult executionId="f21d9352-09b6-4606-a65c-870f27136b29" testId="16a26839-eb8b-5666-ae6a-86a73117dd57" testName="HemodinksAPI.Tests.ApiEndpointIntegrationTests.SelectClinic_WhenSuperAdministratorHasNoMembership_ProvisionsAccessAndSwitchesClinic" computerName="NOTEBOOK-GEO25" duration="00:00:02.0667863" startTime="2026-09-10T19:10:04.8451139-03:00" endTime="2026-09-10T19:10:06.9119262-03:00" testType="13cdc9d9-ddb5-4fa4-a97d-d965ccfc6d4b" outcome="Passed" testListId="8c84fa94-04c1-424b-9868-57a2d4851a1d" relativeResultsDirectory="f21d9352-09b6-4606-a65c-870f27136b29" />
    <UnitTestResult executionId="014ecd0c-8580-4077-939f-b6d2c845ab1c" testId="a6bf982b-87fc-3294-b11d-9b436baf769d" testName="HemodinksAPI.Tests.AzureBlobPatientFileStorageTests.GetBlobLocationFromUrl_ResolvesCurrentLegacyAndNestedContainerPaths(fileUrl: &quot;http://azurite:10000/devstoreaccount1/patient-file&quot;···, expectedContainerName: &quot;patient-files-confirmation&quot;, expectedBlobName: &quot;pacientes/2026/09/file.pdf&quot;)" computerName="NOTEBOOK-GEO25" duration="00:00:00.0004499" startTime="2026-09-10T19:06:40.9208099-03:00" endTime="2026-09-10T19:06:40.9213047-03:00" testType="13cdc9d9-ddb5-4fa4-a97d-d965ccfc6d4b" outcome="Passed" testListId="8c84fa94-04c1-424b-9868-57a2d4851a1d" relativeResultsDirectory="014ecd0c-8580-4077-939f-b6d2c845ab1c" />
    <UnitTestResult executionId="82174580-672e-4032-afad-22c4041efc72" testId="96a097ab-40fe-06f3-55d9-93d9daf44aff" testName="HemodinksAPI.Tests.ApiEndpointIntegrationTests.PrivacyPreferences_AreIsolatedAcrossClinicsForSameGlobalIdentity" computerName="NOTEBOOK-GEO25" duration="00:00:03.1723801" startTime="2026-09-10T19:09:53.0064967-03:00" endTime="2026-09-10T19:09:56.1789183-03:00" testType="13cdc9d9-ddb5-4fa4-a97d-d965ccfc6d4b" outcome="Passed" testListId="8c84fa94-04c1-424b-9868-57a2d4851a1d" relativeResultsDirectory="82174580-672e-4032-afad-22c4041efc72" />
    <UnitTestResult executionId="a83a2681-0403-4839-b28d-cd36edac1960" testId="296b38c9-efd3-800b-86f8-7c39f8917856" testName="HemodinksAPI.Tests.LegalAcceptanceHandlersTests.AcceptCurrent_RejectsDifferentResolvedClinic" computerName="NOTEBOOK-GEO25" duration="00:00:00.0629811" startTime="2026-09-10T19:06:44.3865807-03:00" endTime="2026-09-10T19:06:44.4496304-03:00" testType="13cdc9d9-ddb5-4fa4-a97d-d965ccfc6d4b" outcome="Passed" testListId="8c84fa94-04c1-424b-9868-57a2d4851a1d" relativeResultsDirectory="a83a2681-0403-4839-b28d-cd36edac1960" />
    <UnitTestResult executionId="c2a5d0d1-7d1b-4846-be29-1834deb50773" testId="33d24048-8cb5-c6dd-9ebe-be28778f451e" testName="HemodinksAPI.Tests.LicencaServiceTests.GetCurrentAsync_WhenUserIsController_ReturnsUnrestrictedPatientManagement" computerName="NOTEBOOK-GEO25" duration="00:00:00.0300161" startTime="2026-09-10T19:06:44.3233393-03:00" endTime="2026-09-10T19:06:44.3554814-03:00" testType="13cdc9d9-ddb5-4fa4-a97d-d965ccfc6d4b" outcome="Passed" testListId="8c84fa94-04c1-424b-9868-57a2d4851a1d" relativeResultsDirectory="c2a5d0d1-7d1b-4846-be29-1834deb50773" />
    <UnitTestResult executionId="9bb0aa23-a989-40ea-8a89-f6abcc51cc36" testId="9fc32599-20b8-15c2-7306-da688e1efe68" testName="HemodinksAPI.Tests.FullTextSearchFallbackTests.FaturamentoSearch_FallbackCoversTextAndBillingIdentifiers" computerName="NOTEBOOK-GEO25" duration="00:00:02.0662066" startTime="2026-09-10T19:06:48.6395503-03:00" endTime="2026-09-10T19:06:50.7058267-03:00" testType="13cdc9d9-ddb5-4fa4-a97d-d965ccfc6d4b" outcome="Passed" testListId="8c84fa94-04c1-424b-9868-57a2d4851a1d" relativeResultsDirectory="9bb0aa23-a989-40ea-8a89-f6abcc51cc36" />
    <UnitTestResult executionId="f1e8f57f-92d1-42aa-9ee5-15355fd2c205" testId="b88dcdb7-fc47-eb0d-b7a8-dea1620fc6f9" testName="HemodinksAPI.Tests.PasswordResetNotificationFallbackSenderTests.SendAsync_WhenFirstTransportFails_UsesNextTransport" computerName="NOTEBOOK-GEO25" duration="00:00:00.0141473" startTime="2026-09-10T19:06:51.9015463-03:00" endTime="2026-09-10T19:06:51.9157676-03:00" testType="13cdc9d9-ddb5-4fa4-a97d-d965ccfc6d4b" outcome="Passed" testListId="8c84fa94-04c1-424b-9868-57a2d4851a1d" relativeResultsDirectory="f1e8f57f-92d1-42aa-9ee5-15355fd2c205" />
    <UnitTestResult executionId="81d1de07-3b9d-48b7-83c1-deb4e9dafc98" testId="60a5cc3b-8dcd-ce81-2d66-fcbf16d8096f" testName="HemodinksAPI.Tests.ApiEndpointIntegrationTests.PartialClinicPlan_DoesNotRestrictAdministratorEndpoints" computerName="NOTEBOOK-GEO25" duration="00:00:03.6361438" startTime="2026-09-10T19:09:22.0954857-03:00" endTime="2026-09-10T19:09:25.7316655-03:00" testType="13cdc9d9-ddb5-4fa4-a97d-d965ccfc6d4b" outcome="Passed" testListId="8c84fa94-04c1-424b-9868-57a2d4851a1d" relativeResultsDirectory="81d1de07-3b9d-48b7-83c1-deb4e9dafc98" />
    <UnitTestResult executionId="5f7efe19-7d09-4321-a002-71bbe3ac323a" testId="b1800c6b-e27a-6649-710f-81cde997adc5" testName="HemodinksAPI.Tests.ArchitectureBoundaryTests.Authentication_session_use_case_depends_on_a_persistence_port" computerName="NOTEBOOK-GEO25" duration="00:00:00.0059408" startTime="2026-09-10T19:06:40.9663729-03:00" endTime="2026-09-10T19:06:40.9724310-03:00" testType="13cdc9d9-ddb5-4fa4-a97d-d965ccfc6d4b" outcome="Passed" testListId="8c84fa94-04c1-424b-9868-57a2d4851a1d" relativeResultsDirectory="5f7efe19-7d09-4321-a002-71bbe3ac323a" />
    <UnitTestResult executionId="0633b1c5-884c-476c-8a86-7d9ce1f616c6" testId="ca361e49-0dae-8121-bb6d-b829ff5626b1" testName="HemodinksAPI.Tests.PacienteCommandHandlerTests.UpdatePaciente_WhenAdministrator_UpdatesPaciente" computerName="NOTEBOOK-GEO25" duration="00:00:00.4293966" startTime="2026-09-10T19:06:50.0749980-03:00" endTime="2026-09-10T19:06:50.5044709-03:00" testType="13cdc9d9-ddb5-4fa4-a97d-d965ccfc6d4b" outcome="Passed" testListId="8c84fa94-04c1-424b-9868-57a2d4851a1d" relativeResultsDirectory="0633b1c5-884c-476c-8a86-7d9ce1f616c6" />
    <UnitTestResult executionId="96110460-f908-4a7e-85d4-b4065f6c0cdc" testId="e33d0499-215a-bb71-b684-e5eefd0f24ef" testName="HemodinksAPI.Tests.FullTextSearchFallbackTests.CbhpmSearch_PreservesFormattedAndNormalizedCode(codigo: &quot;10101012&quot;)" computerName="NOTEBOOK-GEO25" duration="00:00:00.0106532" startTime="2026-09-10T19:06:48.6276961-03:00" endTime="2026-09-10T19:06:48.6384525-03:00" testType="13cdc9d9-ddb5-4fa4-a97d-d965ccfc6d4b" outcome="Passed" testListId="8c84fa94-04c1-424b-9868-57a2d4851a1d" relativeResultsDirectory="96110460-f908-4a7e-85d4-b4065f6c0cdc" />
    <UnitTestResult executionId="ccfa9271-17a5-430b-8f37-a601f7f9cd95" testId="710e45bb-b868-e776-239e-969b6c2e73b3" testName="HemodinksAPI.Tests.AzureBlobPatientFileStorageTests.GetBlobLocationFromUrl_RejectsUnsupportedPaths(fileUrl: &quot;https://example.com/other-container/pacientes/file&quot;···)" computerName="NOTEBOOK-GEO25" duration="00:00:00.0005939" startTime="2026-09-10T19:06:40.9222600-03:00" endTime="2026-09-10T19:06:40.9229027-03:00" testType="13cdc9d9-ddb5-4fa4-a97d-d965ccfc6d4b" outcome="Passed" testListId="8c84fa94-04c1-424b-9868-57a2d4851a1d" relativeResultsDirectory="ccfa9271-17a5-430b-8f37-a601f7f9cd95" />
    <UnitTestResult executionId="2de010ce-161f-419a-9b4a-da568d35409f" testId="66358c03-5958-0626-5073-fa10cea26221" testName="HemodinksAPI.Tests.TeamLoginSecurityTests.Identification_RejectsInvalidContext(scenario: &quot;user-inactive&quot;)" computerName="NOTEBOOK-GEO25" duration="00:00:03.5790582" startTime="2026-09-10T19:07:39.2751545-03:00" endTime="2026-09-10T19:07:42.8542911-03:00" testType="13cdc9d9-ddb5-4fa4-a97d-d965ccfc6d4b" outcome="Passed" testListId="8c84fa94-04c1-424b-9868-57a2d4851a1d" relativeResultsDirectory="2de010ce-161f-419a-9b4a-da568d35409f" />
    <UnitTestResult executionId="f0c6e884-d967-4b2c-ae61-f34d8e78c0c6" testId="c70d2f55-3c76-ed85-35f7-4c978d177075" testName="HemodinksAPI.Tests.AzureBlobProfilePhotoStorageTests.GetBlobLocationFromUrl_ResolvesCurrentAndLegacyProfilePhotoPaths(fotoPerfil: &quot;https://stgmtechsolution.blob.core.windows.net/pro&quot;···, expectedContainerName: &quot;profile-photos-confirmation&quot;, expectedBlobName: &quot;users/2026/06/avatar.png&quot;)" computerName="NOTEBOOK-GEO25" duration="00:00:00.0188554" startTime="2026-09-10T19:06:51.1544764-03:00" endTime="2026-09-10T19:06:51.1734251-03:00" testType="13cdc9d9-ddb5-4fa4-a97d-d965ccfc6d4b" outcome="Passed" testListId="8c84fa94-04c1-424b-9868-57a2d4851a1d" relativeResultsDirectory="f0c6e884-d967-4b2c-ae61-f34d8e78c0c6" />
    <UnitTestResult executionId="6aed000b-8a69-4170-95d8-b78aaee1f57f" testId="c7eee18f-7079-3c7b-70fe-f7d066ec5e33" testName="HemodinksAPI.Tests.PacienteObservacaoHandlerTests.CreateObservacao_WhenReplying_SendsBackToTheOtherParticipant" computerName="NOTEBOOK-GEO25" duration="00:00:00.4686461" startTime="2026-09-10T19:06:51.2791653-03:00" endTime="2026-09-10T19:06:51.7478958-03:00" testType="13cdc9d9-ddb5-4fa4-a97d-d965ccfc6d4b" outcome="Passed" testListId="8c84fa94-04c1-424b-9868-57a2d4851a1d" relativeResultsDirectory="6aed000b-8a69-4170-95d8-b78aaee1f57f" />
    <UnitTestResult executionId="1f8d5288-9572-4f41-85b8-c24420a4f370" testId="f7772d23-9f42-6b61-586a-6dffa4de27fa" testName="HemodinksAPI.Tests.PacienteCommandHandlerTests.CreatePaciente_WhenCbhpmCodeDoesNotExistWithoutDescription_ThrowsInvalidOperationException" computerName="NOTEBOOK-GEO25" duration="00:00:00.0621377" startTime="2026-09-10T19:06:51.2821952-03:00" endTime="2026-09-10T19:06:51.3444051-03:00" testType="13cdc9d9-ddb5-4fa4-a97d-d965ccfc6d4b" outcome="Passed" testListId="8c84fa94-04c1-424b-9868-57a2d4851a1d" relativeResultsDirectory="1f8d5288-9572-4f41-85b8-c24420a4f370" />
    <UnitTestResult executionId="1a65b6ed-bd6d-49cd-be66-f6ca9f9fd657" testId="8f111fe1-9620-a500-77d0-a061fdcd4341" testName="HemodinksAPI.Tests.TeamLoginSecurityTests.AnonymousTeam_CannotWrite(method: &quot;PUT&quot;, path: &quot;/api/events/1&quot;)" computerName="NOTEBOOK-GEO25" duration="00:00:03.2837689" startTime="2026-09-10T19:08:13.1056658-03:00" endTime="2026-09-10T19:08:16.3895374-03:00" testType="13cdc9d9-ddb5-4fa4-a97d-d965ccfc6d4b" outcome="Passed" testListId="8c84fa94-04c1-424b-9868-57a2d4851a1d" relativeResultsDirectory="1a65b6ed-bd6d-49cd-be66-f6ca9f9fd657" />
    <UnitTestResult executionId="5714c0c5-2d41-4ee1-b6fd-3ce6ed18c287" testId="bec1c089-5dae-ae47-6872-61ba4eae3ff8" testName="HemodinksAPI.Tests.DatabaseStartupPolicyTests.Development_RunsStartupMaintenance_ByDefault" computerName="NOTEBOOK-GEO25" duration="00:00:00.0003563" startTime="2026-09-10T19:06:45.7995387-03:00" endTime="2026-09-10T19:06:45.7999543-03:00" testType="13cdc9d9-ddb5-4fa4-a97d-d965ccfc6d4b" outcome="Passed" testListId="8c84fa94-04c1-424b-9868-57a2d4851a1d" relativeResultsDirectory="5714c0c5-2d41-4ee1-b6fd-3ce6ed18c287" />
    <UnitTestResult executionId="d26c46e0-734c-4b40-8e5e-b6065a4ab7cc" testId="6b45394e-b270-8e96-8c1a-780863b0090f" testName="HemodinksAPI.Tests.CbhpmQueryHandlerTests.GetCbhpmGeral_FiltersProcedimentoByDescriptionWord" computerName="NOTEBOOK-GEO25" duration="00:00:00.0805661" startTime="2026-09-10T19:06:45.6883546-03:00" endTime="2026-09-10T19:06:45.7689808-03:00" testType="13cdc9d9-ddb5-4fa4-a97d-d965ccfc6d4b" outcome="Passed" testListId="8c84fa94-04c1-424b-9868-57a2d4851a1d" relativeResultsDirectory="d26c46e0-734c-4b40-8e5e-b6065a4ab7cc" />
    <UnitTestResult executionId="b3a9fff5-013b-4fa4-ab69-12aaed47aa7a" testId="15ef33af-f844-a825-149c-c7ececa9ba87" testName="HemodinksAPI.Tests.UserCommandHandlerTests.ConfirmPasswordReset_WhenTokenIsValid_ChangesPassword" computerName="NOTEBOOK-GEO25" duration="00:00:00.2709725" startTime="2026-09-10T19:06:51.7242092-03:00" endTime="2026-09-10T19:06:51.9953122-03:00" testType="13cdc9d9-ddb5-4fa4-a97d-d965ccfc6d4b" outcome="Passed" testListId="8c84fa94-04c1-424b-9868-57a2d4851a1d" relativeResultsDirectory="b3a9fff5-013b-4fa4-ab69-12aaed47aa7a" />
    <UnitTestResult executionId="06cbdf30-d8ab-4c7c-a2c7-2a8d6e1823d0" testId="007d682b-d025-1c08-5ed3-1d86b4a2623a" testName="HemodinksAPI.Tests.EquipeAuthenticationRulesTests.IsValidPinFormat_RequiresExactlySixDigits(pin: &quot;１２３４５６&quot;, expected: False)" computerName="NOTEBOOK-GEO25" duration="00:00:00.0000270" startTime="2026-09-10T19:06:44.5629780-03:00" endTime="2026-09-10T19:06:44.5630342-03:00" testType="13cdc9d9-ddb5-4fa4-a97d-d965ccfc6d4b" outcome="Passed" testListId="8c84fa94-04c1-424b-9868-57a2d4851a1d" relativeResultsDirectory="06cbdf30-d8ab-4c7c-a2c7-2a8d6e1823d0" />
    <UnitTestResult executionId="05721c36-3006-4342-ace7-7707764a81bc" testId="e2e57401-4a1a-d44c-d8f0-5aaa3ccade29" testName="HemodinksAPI.Tests.ApiEndpointIntegrationTests.PasswordResetFlow_WhenTokenIsValid_AllowsAuthenticationWithNewPassword" computerName="NOTEBOOK-GEO25" duration="00:00:03.3632391" startTime="2026-09-10T19:09:58.6834570-03:00" endTime="2026-09-10T19:10:02.0467312-03:00" testType="13cdc9d9-ddb5-4fa4-a97d-d965ccfc6d4b" outcome="Passed" testListId="8c84fa94-04c1-424b-9868-57a2d4851a1d" relativeResultsDirectory="05721c36-3006-4342-ace7-7707764a81bc" />
    <UnitTestResult executionId="56139648-d15d-4dc7-800a-dd5145dcacd8" testId="71801d89-6058-ed96-1433-26e963ccdf7d" testName="HemodinksAPI.Tests.FullTextSearchTermBuilderTests.BuildPrefixCondition_SanitizesAndCombinesTerms(input: &quot; cirurgia   cardiaca &quot;, expected: &quot;\&quot;cirurgia*\&quot; AND \&quot;cardiaca*\&quot;&quot;)" computerName="NOTEBOOK-GEO25" duration="00:00:00.0000441" startTime="2026-09-10T19:06:52.7568722-03:00" endTime="2026-09-10T19:06:52.7569473-03:00" testType="13cdc9d9-ddb5-4fa4-a97d-d965ccfc6d4b" outcome="Passed" testListId="8c84fa94-04c1-424b-9868-57a2d4851a1d" relativeResultsDirectory="56139648-d15d-4dc7-800a-dd5145dcacd8" />
    <UnitTestResult executionId="84fccc02-19d3-4928-9c73-afd58053b5a2" testId="5ad16d63-0751-179b-8ee4-dfa67d610589" testName="HemodinksAPI.Tests.UserCommandHandlerTests.UploadUserArquivo_WhenDoctorUploadsForAnotherUser_ThrowsUnauthorizedAccessException" computerName="NOTEBOOK-GEO25" duration="00:00:00.0093547" startTime="2026-09-10T19:06:50.5268855-03:00" endTime="2026-09-10T19:06:50.5363123-03:00" testType="13cdc9d9-ddb5-4fa4-a97d-d965ccfc6d4b" outcome="Passed" testListId="8c84fa94-04c1-424b-9868-57a2d4851a1d" relativeResultsDirectory="84fccc02-19d3-4928-9c73-afd58053b5a2" />
    <UnitTestResult executionId="952c53a1-ce23-4db9-95ab-bfe0e8fd4c09" testId="5f2bac51-853c-8cd1-0026-febe037d08be" testName="HemodinksAPI.Tests.PrivateFileDownloadQueryHandlerTests.DownloadUserArquivo_WhenDoctorRequestsAnotherUser_IsRejectedBeforeReadingBlob" computerName="NOTEBOOK-GEO25" duration="00:00:00.1165149" startTime="2026-09-10T19:06:52.5160364-03:00" endTime="2026-09-10T19:06:52.6326342-03:00" testType="13cdc9d9-ddb5-4fa4-a97d-d965ccfc6d4b" outcome="Passed" testListId="8c84fa94-04c1-424b-9868-57a2d4851a1d" relativeResultsDirectory="952c53a1-ce23-4db9-95ab-bfe0e8fd4c09" />
    <UnitTestResult executionId="66a2d33f-a699-447f-81ce-dc6edb2c525b" testId="22952e34-07dd-7263-5334-80c7c3ecccef" testName="HemodinksAPI.Tests.ApiEndpointIntegrationTests.AgendaEndpoint_WhenSameIdempotencyKeyIsReusedWithDifferentPayload_ReturnsConflict" computerName="NOTEBOOK-GEO25" duration="00:00:02.7283425" startTime="2026-09-10T19:08:14.5492680-03:00" endTime="2026-09-10T19:08:17.2776763-03:00" testType="13cdc9d9-ddb5-4fa4-a97d-d965ccfc6d4b" outcome="Passed" testListId="8c84fa94-04c1-424b-9868-57a2d4851a1d" relativeResultsDirectory="66a2d33f-a699-447f-81ce-dc6edb2c525b" />
    <UnitTestResult executionId="1fbe25ae-1b68-4b3c-9eb7-8a6a17a2b6c3" testId="c4b9cb50-5221-c17a-46df-d017bf31b7e1" testName="HemodinksAPI.Tests.EventReminderScheduleTests.CalculateNextReminderAt_WhenStoredReminderIsAlreadyDue_ReturnsNow" computerName="NOTEBOOK-GEO25" duration="00:00:00.0011287" startTime="2026-09-10T19:06:44.5496945-03:00" endTime="2026-09-10T19:06:44.5509147-03:00" testType="13cdc9d9-ddb5-4fa4-a97d-d965ccfc6d4b" outcome="Passed" testListId="8c84fa94-04c1-424b-9868-57a2d4851a1d" relativeResultsDirectory="1fbe25ae-1b68-4b3c-9eb7-8a6a17a2b6c3" />
    <UnitTestResult executionId="b040a02f-fac0-4b22-93b4-3c8aba5cae47" testId="d63c40b5-30f1-f2e4-fca1-341f2a544845" testName="HemodinksAPI.Tests.PasswordHasherTests.HashPassword_WhenCalledTwiceForSamePassword_ReturnsDifferentHashes" computerName="NOTEBOOK-GEO25" duration="00:00:00.2053226" startTime="2026-09-10T19:06:51.4858688-03:00" endTime="2026-09-10T19:06:51.6913469-03:00" testType="13cdc9d9-ddb5-4fa4-a97d-d965ccfc6d4b" outcome="Passed" testListId="8c84fa94-04c1-424b-9868-57a2d4851a1d" relativeResultsDirectory="b040a02f-fac0-4b22-93b4-3c8aba5cae47" />
    <UnitTestResult executionId="b11e1c00-9d22-47d2-8d1a-08c814a3b088" testId="689b08d9-e338-e8ef-c42e-001a5cc70db2" testName="HemodinksAPI.Tests.ArchitectureBoundaryTests.Domain_does_not_reference_outer_layers" computerName="NOTEBOOK-GEO25" duration="00:00:00.0003712" startTime="2026-09-10T19:06:41.0456295-03:00" endTime="2026-09-10T19:06:41.0460505-03:00" testType="13cdc9d9-ddb5-4fa4-a97d-d965ccfc6d4b" outcome="Passed" testListId="8c84fa94-04c1-424b-9868-57a2d4851a1d" relativeResultsDirectory="b11e1c00-9d22-47d2-8d1a-08c814a3b088" />
    <UnitTestResult executionId="20a6b591-268b-4df6-9b7a-6ba92152a759" testId="9ef2d892-48d0-0034-0002-7edb536efca1" testName="HemodinksAPI.Tests.RateLimitingConfigurationTests.LoginPartition_NormalizesEquivalentClinicSlugs(firstSlug: &quot;clinica-central&quot;, secondSlug: &quot;CLINICA-CENTRAL&quot;)" computerName="NOTEBOOK-GEO25" duration="00:00:00.0006723" startTime="2026-09-10T19:06:52.6702711-03:00" endTime="2026-09-10T19:06:52.6710460-03:00" testType="13cdc9d9-ddb5-4fa4-a97d-d965ccfc6d4b" outcome="Passed" testListId="8c84fa94-04c1-424b-9868-57a2d4851a1d" relativeResultsDirectory="20a6b591-268b-4df6-9b7a-6ba92152a759" />
    <UnitTestResult executionId="bf0b0c5d-d3a5-4288-af99-014fd69e8660" testId="6b060dc4-0f98-4248-622c-583cf62376fa" testName="HemodinksAPI.Tests.ArchitectureBoundaryTests.Http_endpoint_handlers_do_not_depend_on_concrete_db_context" computerName="NOTEBOOK-GEO25" duration="00:00:00.0024200" startTime="2026-09-10T19:06:40.9568099-03:00" endTime="2026-09-10T19:06:40.9593046-03:00" testType="13cdc9d9-ddb5-4fa4-a97d-d965ccfc6d4b" outcome="Passed" testListId="8c84fa94-04c1-424b-9868-57a2d4851a1d" relativeResultsDirectory="bf0b0c5d-d3a5-4288-af99-014fd69e8660" />
    <UnitTestResult executionId="16efc68b-6671-47d8-84b0-3ad634ab27bc" testId="2e70b7b4-2879-91a7-3850-ac44d2398c91" testName="HemodinksAPI.Tests.AzureBlobPatientFileStorageTests.GetBlobLocationFromUrl_ResolvesCurrentLegacyAndNestedContainerPaths(fileUrl: &quot;https://stgmtechsolution.blob.core.windows.net/pat&quot;···, expectedContainerName: &quot;patient-files-confirmation&quot;, expectedBlobName: &quot;pacientes/2026/09/file.pdf&quot;)" computerName="NOTEBOOK-GEO25" duration="00:00:00.0000839" startTime="2026-09-10T19:06:40.9202803-03:00" endTime="2026-09-10T19:06:40.9204135-03:00" testType="13cdc9d9-ddb5-4fa4-a97d-d965ccfc6d4b" outcome="Passed" testListId="8c84fa94-04c1-424b-9868-57a2d4851a1d" relativeResultsDirectory="16efc68b-6671-47d8-84b0-3ad634ab27bc" />
    <UnitTestResult executionId="df76396d-df7a-4c3c-9df4-7a1d3f47875e" testId="d5c64bf3-6e29-ca39-060d-f775d13a610e" testName="HemodinksAPI.Tests.FullTextSearchTermBuilderTests.BuildPrefixCondition_SanitizesAndCombinesTerms(input: &quot;cirurgia cirurgia&quot;, expected: &quot;\&quot;cirurgia*\&quot;&quot;)" computerName="NOTEBOOK-GEO25" duration="00:00:00.0000447" startTime="2026-09-10T19:06:52.7580808-03:00" endTime="2026-09-10T19:06:52.7581586-03:00" testType="13cdc9d9-ddb5-4fa4-a97d-d965ccfc6d4b" outcome="Passed" testListId="8c84fa94-04c1-424b-9868-57a2d4851a1d" relativeResultsDirectory="df76396d-df7a-4c3c-9df4-7a1d3f47875e" />
    <UnitTestResult executionId="58d8b846-07c5-4a96-8d1e-7fbac06ee624" testId="a29779fe-8ffa-4ad8-7e12-3eb07761aebe" testName="HemodinksAPI.Tests.EventReminderScheduleTests.CalculateNextReminderAt_WhenEventIsInsideReminderWindowAndNeverSent_ReturnsNow" computerName="NOTEBOOK-GEO25" duration="00:00:00.0922955" startTime="2026-09-10T19:06:44.4560840-03:00" endTime="2026-09-10T19:06:44.5484998-03:00" testType="13cdc9d9-ddb5-4fa4-a97d-d965ccfc6d4b" outcome="Passed" testListId="8c84fa94-04c1-424b-9868-57a2d4851a1d" relativeResultsDirectory="58d8b846-07c5-4a96-8d1e-7fbac06ee624" />
    <UnitTestResult executionId="b9c37d1c-f837-4fa6-abd5-c315815a6722" testId="3ada3972-7cd4-630b-3550-2ba145173626" testName="HemodinksAPI.Tests.ApiEndpointIntegrationTests.SelectClinic_WhenAdministratorDoesNotBelongToClinic_ReturnsForbiddenAndAuditsDenial" computerName="NOTEBOOK-GEO25" duration="00:00:03.7400644" startTime="2026-09-10T19:07:28.6528946-03:00" endTime="2026-09-10T19:07:32.3930382-03:00" testType="13cdc9d9-ddb5-4fa4-a97d-d965ccfc6d4b" outcome="Passed" testListId="8c84fa94-04c1-424b-9868-57a2d4851a1d" relativeResultsDirectory="b9c37d1c-f837-4fa6-abd5-c315815a6722" />
    <UnitTestResult executionId="a4070975-8e24-4990-9508-fbf82e2de6a1" testId="3da86339-6445-2ced-6f6d-407aea97eaf7" testName="HemodinksAPI.Tests.UserCommandHandlerTests.DeleteUser_InactivatesUserAndMembershipWithoutRemovingHistory" computerName="NOTEBOOK-GEO25" duration="00:00:00.1548880" startTime="2026-09-10T19:06:48.9853505-03:00" endTime="2026-09-10T19:06:49.1403502-03:00" testType="13cdc9d9-ddb5-4fa4-a97d-d965ccfc6d4b" outcome="Passed" testListId="8c84fa94-04c1-424b-9868-57a2d4851a1d" relativeResultsDirectory="a4070975-8e24-4990-9508-fbf82e2de6a1" />
    <UnitTestResult executionId="68967efc-d8e9-4b62-9c54-2239ba118dc7" testId="75c13bae-a496-ced3-e9fd-4eb8330c8cd1" testName="HemodinksAPI.Tests.UserCommandHandlerTests.CreateUser_WhenEmailAlreadyExists_ThrowsInvalidOperationException" computerName="NOTEBOOK-GEO25" duration="00:00:00.0716972" startTime="2026-09-10T19:06:50.7682045-03:00" endTime="2026-09-10T19:06:50.8399748-03:00" testType="13cdc9d9-ddb5-4fa4-a97d-d965ccfc6d4b" outcome="Passed" testListId="8c84fa94-04c1-424b-9868-57a2d4851a1d" relativeResultsDirectory="68967efc-d8e9-4b62-9c54-2239ba118dc7" />
    <UnitTestResult executionId="8ac79ec5-16a5-4eff-b34b-983a65ab6b85" testId="22da9677-d6e7-ac6b-ff20-7fae674b9838" testName="HemodinksAPI.Tests.CbhpmQueryHandlerTests.GetCbhpmGeral_FiltersAndPaginates" computerName="NOTEBOOK-GEO25" duration="00:00:00.0470794" startTime="2026-09-10T19:06:45.6405479-03:00" endTime="2026-09-10T19:06:45.6877020-03:00" testType="13cdc9d9-ddb5-4fa4-a97d-d965ccfc6d4b" outcome="Passed" testListId="8c84fa94-04c1-424b-9868-57a2d4851a1d" relativeResultsDirectory="8ac79ec5-16a5-4eff-b34b-983a65ab6b85" />
    <UnitTestResult executionId="f2a81ce8-4e4e-4210-910f-871da15ac634" testId="856f2f43-26bc-da89-4ab2-fdf370849a8d" testName="HemodinksAPI.Tests.ApiEndpointIntegrationTests.PasswordResetConfirm_WhenRetriedWithSameIdempotencyKey_ReplaysSuccess" computerName="NOTEBOOK-GEO25" duration="00:00:02.6539949" startTime="2026-09-10T19:09:44.5385442-03:00" endTime="2026-09-10T19:09:47.1926187-03:00" testType="13cdc9d9-ddb5-4fa4-a97d-d965ccfc6d4b" outcome="Passed" testListId="8c84fa94-04c1-424b-9868-57a2d4851a1d" relativeResultsDirectory="f2a81ce8-4e4e-4210-910f-871da15ac634" />
    <UnitTestResult executionId="0dc531f6-8e77-4a03-a6cf-a8250b754995" testId="4cd63dc2-9f74-9214-a6a1-8883bc5359c0" testName="HemodinksAPI.Tests.ApiCorsTests.ApiResponses_IncludeBaselineSecurityHeaders" computerName="NOTEBOOK-GEO25" duration="00:00:05.3647023" startTime="2026-09-10T19:06:55.7187498-03:00" endTime="2026-09-10T19:07:01.0835530-03:00" testType="13cdc9d9-ddb5-4fa4-a97d-d965ccfc6d4b" outcome="Passed" testListId="8c84fa94-04c1-424b-9868-57a2d4851a1d" relativeResultsDirectory="0dc531f6-8e77-4a03-a6cf-a8250b754995" />
    <UnitTestResult executionId="7c0ce9c9-0846-4cbf-b1a6-8afa6dee93b5" testId="c364f4db-93b1-7747-3d61-47b31e5ae3ae" testName="HemodinksAPI.Tests.CnpjUtilsTests.IsValid_RejectsInvalidValues(value: &quot;11.222.333/0001-82&quot;)" computerName="NOTEBOOK-GEO25" duration="00:00:00.0010904" startTime="2026-09-10T19:06:52.6938652-03:00" endTime="2026-09-10T19:06:52.6950232-03:00" testType="13cdc9d9-ddb5-4fa4-a97d-d965ccfc6d4b" outcome="Passed" testListId="8c84fa94-04c1-424b-9868-57a2d4851a1d" relativeResultsDirectory="7c0ce9c9-0846-4cbf-b1a6-8afa6dee93b5" />
    <UnitTestResult executionId="9d4e467d-dbb0-435a-8b34-d480f38c1ebd" testId="f39a8e75-2b32-dca2-f886-3aee5db9dfc5" testName="HemodinksAPI.Tests.AzureBlobPatientFileStorageTests.GetBlobLocationFromUrl_RejectsUnsupportedPaths(fileUrl: &quot;invalid&quot;)" computerName="NOTEBOOK-GEO25" duration="00:00:00.0002573" startTime="2026-09-10T19:06:40.9231796-03:00" endTime="2026-09-10T19:06:40.9234729-03:00" testType="13cdc9d9-ddb5-4fa4-a97d-d965ccfc6d4b" outcome="Passed" testListId="8c84fa94-04c1-424b-9868-57a2d4851a1d" relativeResultsDirectory="9d4e467d-dbb0-435a-8b34-d480f38c1ebd" />
    <UnitTestResult executionId="3360ab6f-8113-48ed-aca5-ad21fe3f73de" testId="d1ee1af0-61ef-8e35-8e81-e75779c74f59" testName="HemodinksAPI.Tests.PacienteCommandHandlerTests.CreatePaciente_WhenAdministratorSelectsTeamMember_AcceptsMemberAsSurgeon(perfilId: 5)" computerName="NOTEBOOK-GEO25" duration="00:00:00.1643374" startTime="2026-09-10T19:06:51.0692598-03:00" endTime="2026-09-10T19:06:51.2337892-03:00" testType="13cdc9d9-ddb5-4fa4-a97d-d965ccfc6d4b" outcome="Passed" testListId="8c84fa94-04c1-424b-9868-57a2d4851a1d" relativeResultsDirectory="3360ab6f-8113-48ed-aca5-ad21fe3f73de" />
    <UnitTestResult executionId="3b894491-9868-4a29-ad5c-7ee8a74218ca" testId="4f1c6f94-6fc1-264c-9213-88b3abf2f874" testName="HemodinksAPI.Tests.EquipeAuthenticationRulesTests.IsValidPinFormat_RequiresExactlySixDigits(pin: null, expected: False)" computerName="NOTEBOOK-GEO25" duration="00:00:00.0000410" startTime="2026-09-10T19:06:44.5619805-03:00" endTime="2026-09-10T19:06:44.5620602-03:00" testType="13cdc9d9-ddb5-4fa4-a97d-d965ccfc6d4b" outcome="Passed" testListId="8c84fa94-04c1-424b-9868-57a2d4851a1d" relativeResultsDirectory="3b894491-9868-4a29-ad5c-7ee8a74218ca" />
    <UnitTestResult executionId="dabd638f-b25a-44c2-91d7-2fb2396b68b7" testId="08accdd9-cbba-4ce7-db49-5d72f396af2a" testName="HemodinksAPI.Tests.EquipeAuthenticationRulesTests.IsValidPinFormat_RequiresExactlySixDigits(pin: &quot;12a456&quot;, expected: False)" computerName="NOTEBOOK-GEO25" duration="00:00:00.0000282" startTime="2026-09-10T19:06:44.5626624-03:00" endTime="2026-09-10T19:06:44.5627215-03:00" testType="13cdc9d9-ddb5-4fa4-a97d-d965ccfc6d4b" outcome="Passed" testListId="8c84fa94-04c1-424b-9868-57a2d4851a1d" relativeResultsDirectory="dabd638f-b25a-44c2-91d7-2fb2396b68b7" />
    <UnitTestResult executionId="266c2b59-60e7-4c37-97d9-1d2f5ab7aa19" testId="b98f264d-92a4-a3da-f0b9-22532fb16712" testName="HemodinksAPI.Tests.DatabaseStartupPolicyTests.Development_UsesSafeDevelopmentDefault" computerName="NOTEBOOK-GEO25" duration="00:00:00.0002766" startTime="2026-09-10T19:06:45.8004943-03:00" endTime="2026-09-10T19:06:45.8008172-03:00" testType="13cdc9d9-ddb5-4fa4-a97d-d965ccfc6d4b" outcome="Passed" testListId="8c84fa94-04c1-424b-9868-57a2d4851a1d" relativeResultsDirectory="266c2b59-60e7-4c37-97d9-1d2f5ab7aa19" />
    <UnitTestResult executionId="446d0d1b-0eb5-4a1b-8a78-23f50981de64" testId="bef52d52-1dac-8143-9dfc-dd9c5f35304a" testName="HemodinksAPI.Tests.CbhpmQueryHandlerTests.ImportCbhpmGeral_CalculatesValorReferenciaFromFractionalPorte" computerName="NOTEBOOK-GEO25" duration="00:00:00.0556611" startTime="2026-09-10T19:06:45.5749726-03:00" endTime="2026-09-10T19:06:45.6307439-03:00" testType="13cdc9d9-ddb5-4fa4-a97d-d965ccfc6d4b" outcome="Passed" testListId="8c84fa94-04c1-424b-9868-57a2d4851a1d" relativeResultsDirectory="446d0d1b-0eb5-4a1b-8a78-23f50981de64" />
    <UnitTestResult executionId="98238419-5499-47c6-8bf8-9b4899e7805c" testId="568cecb2-dc16-9f14-12ae-0f2f9b8581ac" testName="HemodinksAPI.Tests.UserSeederTests.GenerateUsers_ReturnsExpectedInitialUsers" computerName="NOTEBOOK-GEO25" duration="00:00:01.3743150" startTime="2026-09-10T19:06:40.8693992-03:00" endTime="2026-09-10T19:06:42.2532201-03:00" testType="13cdc9d9-ddb5-4fa4-a97d-d965ccfc6d4b" outcome="Passed" testListId="8c84fa94-04c1-424b-9868-57a2d4851a1d" relativeResultsDirectory="98238419-5499-47c6-8bf8-9b4899e7805c" />
    <UnitTestResult executionId="b0c6d0a8-d229-4881-ba22-b5faaf95d79b" testId="59ccde95-958b-645e-221a-fb7b30f16d66" testName="HemodinksAPI.Tests.PrivacyPreferenceHandlersTests.UpdateCurrent_RejectsStaleDocumentVersion" computerName="NOTEBOOK-GEO25" duration="00:00:00.1631465" startTime="2026-09-10T19:06:43.8518859-03:00" endTime="2026-09-10T19:06:44.0150952-03:00" testType="13cdc9d9-ddb5-4fa4-a97d-d965ccfc6d4b" outcome="Passed" testListId="8c84fa94-04c1-424b-9868-57a2d4851a1d" relativeResultsDirectory="b0c6d0a8-d229-4881-ba22-b5faaf95d79b" />
    <UnitTestResult executionId="9b4461bb-8ccc-4fd8-8cfe-aa77c733f913" testId="7d8df7fa-dc01-8954-b5d8-b766f74aa2d0" testName="HemodinksAPI.Tests.FinanceiroCalculationsTests.LegacyFallback_ParsesSupportedCurrencyFormats(raw: &quot;R$ 1.234,56&quot;, expected: 1234,56)" computerName="NOTEBOOK-GEO25" duration="00:00:00.0004818" startTime="2026-09-10T19:06:52.1020482-03:00" endTime="2026-09-10T19:06:52.1025815-03:00" testType="13cdc9d9-ddb5-4fa4-a97d-d965ccfc6d4b" outcome="Passed" testListId="8c84fa94-04c1-424b-9868-57a2d4851a1d" relativeResultsDirectory="9b4461bb-8ccc-4fd8-8cfe-aa77c733f913" />
    <UnitTestResult executionId="432a00b6-dc3c-4a87-ac1e-83646fee48d3" testId="a4c1efb2-e96a-a32d-ae96-78723b57add3" testName="HemodinksAPI.Tests.UserCommandHandlerTests.RequestPasswordResetResponse_DoesNotExposeAccountState" computerName="NOTEBOOK-GEO25" duration="00:00:00.0009454" startTime="2026-09-10T19:06:52.0741268-03:00" endTime="2026-09-10T19:06:52.0751438-03:00" testType="13cdc9d9-ddb5-4fa4-a97d-d965ccfc6d4b" outcome="Passed" testListId="8c84fa94-04c1-424b-9868-57a2d4851a1d" relativeResultsDirectory="432a00b6-dc3c-4a87-ac1e-83646fee48d3" />
    <UnitTestResult executionId="6048a5ee-aefc-405b-990a-7d7c4b494d98" testId="884085a4-1058-64f0-3008-01ca7a5466f1" testName="HemodinksAPI.Tests.FinanceiroCalculationsTests.PatientSummary_UsesLegacyFallback_and_flags_invalid_values" computerName="NOTEBOOK-GEO25" duration="00:00:00.1955772" startTime="2026-09-10T19:06:52.1393546-03:00" endTime="2026-09-10T19:06:52.3350074-03:00" testType="13cdc9d9-ddb5-4fa4-a97d-d965ccfc6d4b" outcome="Passed" testListId="8c84fa94-04c1-424b-9868-57a2d4851a1d" relativeResultsDirectory="6048a5ee-aefc-405b-990a-7d7c4b494d98" />
    <UnitTestResult executionId="52e7f418-6ef5-400c-8e89-5876a4614017" testId="1f8bb278-0708-2e61-732c-408237c2a757" testName="HemodinksAPI.Tests.CnpjUtilsTests.IsValid_RejectsInvalidValues(value: &quot;11.222.333/0001-A1&quot;)" computerName="NOTEBOOK-GEO25" duration="00:00:00.0000310" startTime="2026-09-10T19:06:52.6935019-03:00" endTime="2026-09-10T19:06:52.6935771-03:00" testType="13cdc9d9-ddb5-4fa4-a97d-d965ccfc6d4b" outcome="Passed" testListId="8c84fa94-04c1-424b-9868-57a2d4851a1d" relativeResultsDirectory="52e7f418-6ef5-400c-8e89-5876a4614017" />
    <UnitTestResult executionId="4429dd11-2604-432c-92cb-8108bc72499a" testId="de75f743-0370-00de-c5bc-c62b49dd903b" testName="HemodinksAPI.Tests.PatientFileSecurityTests.SaveAsync_StripsClientPathFromOriginalFileName" computerName="NOTEBOOK-GEO25" duration="00:00:00.0676289" startTime="2026-09-10T19:06:40.8693834-03:00" endTime="2026-09-10T19:06:40.9501937-03:00" testType="13cdc9d9-ddb5-4fa4-a97d-d965ccfc6d4b" outcome="Passed" testListId="8c84fa94-04c1-424b-9868-57a2d4851a1d" relativeResultsDirectory="4429dd11-2604-432c-92cb-8108bc72499a" />
    <UnitTestResult executionId="51b51d66-25e5-4736-a0f6-6a346797161c" testId="fb66f6a1-5b1f-d0b0-c8b0-323f863184d8" testName="HemodinksAPI.Tests.TemporaryAccessTests.Credential_UsesBackendClockAndExpiresAtBoundary(seconds: 299, valid: True)" computerName="NOTEBOOK-GEO25" duration="00:00:00.2073949" startTime="2026-09-10T19:06:45.4280494-03:00" endTime="2026-09-10T19:06:45.6355429-03:00" testType="13cdc9d9-ddb5-4fa4-a97d-d965ccfc6d4b" outcome="Passed" testListId="8c84fa94-04c1-424b-9868-57a2d4851a1d" relativeResultsDirectory="51b51d66-25e5-4736-a0f6-6a346797161c" />
    <UnitTestResult executionId="0d9dac20-7d93-4600-af91-0e20d46e8f94" testId="9ebc0558-715a-1769-9628-ee9871edae13" testName="HemodinksAPI.Tests.ApiEndpointIntegrationTests.ActiveSession_WhenUserIsPromotedToSuperAdministrador_UsesCurrentProfileForMutations" computerName="NOTEBOOK-GEO25" duration="00:00:02.9266941" startTime="2026-09-10T19:09:10.5526160-03:00" endTime="2026-09-10T19:09:13.4793492-03:00" testType="13cdc9d9-ddb5-4fa4-a97d-d965ccfc6d4b" outcome="Passed" testListId="8c84fa94-04c1-424b-9868-57a2d4851a1d" relativeResultsDirectory="0d9dac20-7d93-4600-af91-0e20d46e8f94" />
    <UnitTestResult executionId="32757632-03de-4a26-b475-b988424a8f4e" testId="79842ddb-828c-c0c9-6500-c3732cc5d933" testName="HemodinksAPI.Tests.CbhpmQueryHandlerTests.GetCbhpmGeral_FiltersProcedimentoByGrupo" computerName="NOTEBOOK-GEO25" duration="00:00:01.3486517" startTime="2026-09-10T19:06:44.1296160-03:00" endTime="2026-09-10T19:06:45.4783463-03:00" testType="13cdc9d9-ddb5-4fa4-a97d-d965ccfc6d4b" outcome="Passed" testListId="8c84fa94-04c1-424b-9868-57a2d4851a1d" relativeResultsDirectory="32757632-03de-4a26-b475-b988424a8f4e" />
    <UnitTestResult executionId="8a5ddf63-e394-4ecc-90be-0080f2f2464e" testId="6de5fa5e-7039-ff14-477c-663a549b1a95" testName="HemodinksAPI.Tests.TemporaryAccessTests.FluentValidator_RejectsInvalidPassword(password: &quot;NovaSenha@123&quot;, confirmation: &quot;OutraSenha@123&quot;)" computerName="NOTEBOOK-GEO25" duration="00:00:00.0991837" startTime="2026-09-10T19:06:47.5853636-03:00" endTime="2026-09-10T19:06:47.6846821-03:00" testType="13cdc9d9-ddb5-4fa4-a97d-d965ccfc6d4b" outcome="Passed" testListId="8c84fa94-04c1-424b-9868-57a2d4851a1d" relativeResultsDirectory="8a5ddf63-e394-4ecc-90be-0080f2f2464e" />
    <UnitTestResult executionId="b93d188d-b640-47ab-9450-969681b3e442" testId="3a2a6d64-df29-4812-7e07-d45acf9f08b9" testName="HemodinksAPI.Tests.ApiEndpointIntegrationTests.AgendaEndpoint_WithoutToken_ReturnsUnauthorized" computerName="NOTEBOOK-GEO25" duration="00:00:02.6992995" startTime="2026-09-10T19:08:20.4680818-03:00" endTime="2026-09-10T19:08:23.1674307-03:00" testType="13cdc9d9-ddb5-4fa4-a97d-d965ccfc6d4b" outcome="Passed" testListId="8c84fa94-04c1-424b-9868-57a2d4851a1d" relativeResultsDirectory="b93d188d-b640-47ab-9450-969681b3e442" />
    <UnitTestResult executionId="bd8a26a4-4339-4a68-9cc0-fe8d4bee4ac1" testId="49179099-893a-ceda-6019-818ac0952f36" testName="HemodinksAPI.Tests.TemporaryAccessTests.HigherPrivilegeInAnotherClinic_PreventsGlobalCredentialTakeover(linked: False)" computerName="NOTEBOOK-GEO25" duration="00:00:03.0718855" startTime="2026-09-10T19:06:40.8693226-03:00" endTime="2026-09-10T19:06:43.9508437-03:00" testType="13cdc9d9-ddb5-4fa4-a97d-d965ccfc6d4b" outcome="Passed" testListId="8c84fa94-04c1-424b-9868-57a2d4851a1d" relativeResultsDirectory="bd8a26a4-4339-4a68-9cc0-fe8d4bee4ac1" />
    <UnitTestResult executionId="269a3c9b-fda7-4f06-b763-056b8b9d1d01" testId="0e720e62-1954-a571-0026-d361f1c3d633" testName="HemodinksAPI.Tests.ApiEndpointIntegrationTests.PrivacyPreferences_RejectStaleVersion" computerName="NOTEBOOK-GEO25" duration="00:00:02.1160477" startTime="2026-09-10T19:10:09.0923983-03:00" endTime="2026-09-10T19:10:11.2084813-03:00" testType="13cdc9d9-ddb5-4fa4-a97d-d965ccfc6d4b" outcome="Passed" testListId="8c84fa94-04c1-424b-9868-57a2d4851a1d" relativeResultsDirectory="269a3c9b-fda7-4f06-b763-056b8b9d1d01" />
    <UnitTestResult executionId="5d18a14a-4751-4fbc-a49e-f344e9846d69" testId="f803fa17-c613-3882-be00-00887357f2f6" testName="HemodinksAPI.Tests.FullTextSearchTermBuilderTests.BuildPrefixCondition_SanitizesAndCombinesTerms(input: &quot;arthur zero, maria silva&quot;, expected: &quot;(\&quot;arthur*\&quot; AND \&quot;zero*\&quot;) OR (\&quot;maria*\&quot; AND \&quot;s&quot;···)" computerName="NOTEBOOK-GEO25" duration="00:00:00.0000518" startTime="2026-09-10T19:06:52.7576817-03:00" endTime="2026-09-10T19:06:52.7577736-03:00" testType="13cdc9d9-ddb5-4fa4-a97d-d965ccfc6d4b" outcome="Passed" testListId="8c84fa94-04c1-424b-9868-57a2d4851a1d" relativeResultsDirectory="5d18a14a-4751-4fbc-a49e-f344e9846d69" />
[...]
    <TestEntry testId="989fb581-d55a-5b2b-dc81-5d52197d1aa2" executionId="169166b5-bb7b-4b54-9acb-4d9e714cd7ae" testListId="8c84fa94-04c1-424b-9868-57a2d4851a1d" />
    <TestEntry testId="32308502-e901-025a-7bd9-c6802e87d22b" executionId="37376473-ec06-4b98-95ee-688891dacc2e" testListId="8c84fa94-04c1-424b-9868-57a2d4851a1d" />
    <TestEntry testId="c0f91ace-7f44-e8bc-ea94-390402a8d8e4" executionId="02fc533c-d9bf-44f4-90c4-fe920cdf74ca" testListId="8c84fa94-04c1-424b-9868-57a2d4851a1d" />
    <TestEntry testId="51a996c3-06ed-c2e0-2bf3-e00dcb96dcb4" executionId="f1a9731c-ac64-438f-8aaa-2dc80b987c23" testListId="8c84fa94-04c1-424b-9868-57a2d4851a1d" />
    <TestEntry testId="89b72665-4379-6836-8bcf-46bfbccc54b3" executionId="ca07f822-29c7-47f6-b138-b47a6303d081" testListId="8c84fa94-04c1-424b-9868-57a2d4851a1d" />
    <TestEntry testId="1a372ede-8c31-1fea-e9f8-709dfa08ceb2" executionId="b3f49e29-9e9e-4dad-9438-1b82a4e98703" testListId="8c84fa94-04c1-424b-9868-57a2d4851a1d" />
    <TestEntry testId="282153be-856d-5bf3-8115-8513e16bdce8" executionId="0868f2d5-eeaa-43c3-8b36-b7097c96dbda" testListId="8c84fa94-04c1-424b-9868-57a2d4851a1d" />
    <TestEntry testId="4c7427a0-6c6b-875e-ef39-f35c1307d9f4" executionId="239ba23b-092c-4bb5-9b04-38ff0c32b6e9" testListId="8c84fa94-04c1-424b-9868-57a2d4851a1d" />
    <TestEntry testId="c15a6c49-85f9-0272-4cdc-c3af96f57f51" executionId="d654d946-48bd-4fb8-be71-4322794f04e9" testListId="8c84fa94-04c1-424b-9868-57a2d4851a1d" />
  </TestEntries>
  <TestLists>
    <TestList name="Resultados que não estão em uma lista" id="8c84fa94-04c1-424b-9868-57a2d4851a1d" />
    <TestList name="Todos os resultados carregados" id="19431567-8539-422a-85d7-44ee4e166bda" />
  </TestLists>
  <ResultSummary outcome="Failed">
    <Counters total="396" executed="395" passed="391" failed="4" error="0" timeout="0" aborted="0" inconclusive="0" passedButRunAborted="0" notRunnable="0" notExecuted="0" disconnected="0" warning="0" completed="0" inProgress="0" pending="0" />
    <Output>
      <StdOut>[xUnit.net 00:00:00.00] xUnit.net VSTest Adapter v3.1.5+1b188a7b0a (64-bit .NET 10.0.12)&#xD;
[xUnit.net 00:00:00.31]   Discovering: HemodinksAPI.Tests&#xD;
[xUnit.net 00:00:00.83]   Discovered:  HemodinksAPI.Tests&#xD;
[xUnit.net 00:00:01.11]   Starting:    HemodinksAPI.Tests&#xD;
[xUnit.net 00:00:04.18]       Set HEMODINKS_TEST_LOCALDB=1 to run against a disposable SQL Server LocalDB database.&#xD;
O teste 'HemodinksAPI.Tests.PatientUserTenantSqlServerTests.SqlServer_RejectsCrossClinicPatientAndUserRelationships' foi ignorado na execução de teste.&#xD;
[xUnit.net 00:00:25.18]       Assert.False() Failure&#xD;
[xUnit.net 00:00:25.18]       Expected: False&#xD;
[xUnit.net 00:00:25.18]       Actual:   True&#xD;
[xUnit.net 00:00:25.18]       Stack Trace:&#xD;
[xUnit.net 00:00:25.18]         C:\George Marcone\GitHub\personal\HEMODINKS\hemodinks-api\HemodinksAPI.Tests\TemporaryAccessEndpointTests.cs(45,0): at HemodinksAPI.Tests.TemporaryAccessEndpointTests.TemporaryTeamPassword_DoesNotBypassOperatorIdentification()&#xD;
[xUnit.net 00:00:25.18]         --- End of stack trace from previous location ---&#xD;
[xUnit.net 00:00:29.52]       Microsoft.Data.SqlClient.SqlException : SQL Server Full-Text Search nao esta instalado nesta instancia.&#xD;
[xUnit.net 00:00:29.52]       Stack Trace:&#xD;
[xUnit.net 00:00:29.52]            at Microsoft.Data.SqlClient.SqlConnection.OnError(SqlException exception, Boolean breakConnection, Action`1 wrapCloseInAction)&#xD;
[xUnit.net 00:00:29.52]            at Microsoft.Data.SqlClient.SqlInternalConnection.OnError(SqlException exception, Boolean breakConnection, Action`1 wrapCloseInAction)&#xD;
[xUnit.net 00:00:29.52]            at Microsoft.Data.SqlClient.TdsParser.ThrowExceptionAndWarning(TdsParserStateObject stateObj, SqlCommand command, Boolean callerHasConnectionLock, Boolean asyncClose)&#xD;
[xUnit.net 00:00:29.52]            at Microsoft.Data.SqlClient.TdsParser.TryRun(RunBehavior runBehavior, SqlCommand cmdHandler, SqlDataReader dataStream, BulkCopySimpleResultSet bulkCopyHandler, TdsParserStateObject stateObj, Boolean&amp; dataReady)&#xD;
[xUnit.net 00:00:29.52]            at Microsoft.Data.SqlClient.SqlCommand.InternalEndExecuteNonQuery(IAsyncResult asyncResult, Boolean isInternal, String endMethod)&#xD;
[xUnit.net 00:00:29.52]            at Microsoft.Data.SqlClient.SqlCommand.EndExecuteNonQueryInternal(IAsyncResult asyncResult)&#xD;
[xUnit.net 00:00:29.52]            at Microsoft.Data.SqlClient.SqlCommand.EndExecuteNonQueryAsync(IAsyncResult asyncResult)&#xD;
[xUnit.net 00:00:29.52]            at Microsoft.Data.SqlClient.SqlCommand.&lt;&gt;c.&lt;InternalExecuteNonQueryAsync&gt;b__193_1(IAsyncResult asyncResult)&#xD;
[xUnit.net 00:00:29.52]            at System.Threading.Tasks.TaskFactory`1.FromAsyncCoreLogic(IAsyncResult iar, Func`2 endFunction, Action`1 endAction, Task`1 promise, Boolean requiresSynchronization)&#xD;
[xUnit.net 00:00:29.52]         --- End of stack trace from previous location ---&#xD;
[xUnit.net 00:00:29.52]            at Microsoft.EntityFrameworkCore.Storage.RelationalCommand.ExecuteNonQueryAsync(RelationalCommandParameterObject parameterObject, CancellationToken cancellationToken)&#xD;
[xUnit.net 00:00:29.52]            at Microsoft.EntityFrameworkCore.Storage.RelationalCommand.ExecuteNonQueryAsync(RelationalCommandParameterObject parameterObject, CancellationToken cancellationToken)&#xD;
[xUnit.net 00:00:29.52]            at Microsoft.EntityFrameworkCore.Storage.RelationalCommand.ExecuteNonQueryAsync(RelationalCommandParameterObject parameterObject, CancellationToken cancellationToken)&#xD;
[xUnit.net 00:00:29.52]            at Microsoft.EntityFrameworkCore.Migrations.Internal.MigrationCommandExecutor.ExecuteAsync(IReadOnlyList`1 migrationCommands, IRelationalConnection connection, MigrationExecutionState executionState, Boolean beginTransaction, Boolean commitTransaction, Nullable`1 isolationLevel, CancellationToken cancellationToken)&#xD;
[xUnit.net 00:00:29.52]            at Microsoft.EntityFrameworkCore.Migrations.Internal.MigrationCommandExecutor.ExecuteAsync(IReadOnlyList`1 migrationCommands, IRelationalConnection connection, MigrationExecutionState executionState, Boolean beginTransaction, Boolean commitTransaction, Nullable`1 isolationLevel, CancellationToken cancellationToken)&#xD;
[xUnit.net 00:00:29.52]            at Microsoft.EntityFrameworkCore.SqlServer.Storage.Internal.SqlServerExecutionStrategy.ExecuteAsync[TState,TResult](TState state, Func`4 operation, Func`4 verifySucceeded, CancellationToken cancellationToken)&#xD;
[xUnit.net 00:00:29.52]            at Microsoft.EntityFrameworkCore.Migrations.Internal.MigrationCommandExecutor.ExecuteNonQueryAsync(IReadOnlyList`1 migrationCommands, IRelationalConnection connection, MigrationExecutionState executionState, Boolean commitTransaction, Nullable`1 isolationLevel, CancellationToken cancellationToken)&#xD;
[xUnit.net 00:00:29.52]            at Microsoft.EntityFrameworkCore.Migrations.Internal.Migrator.MigrateImplementationAsync(DbContext context, String targetMigration, MigrationExecutionState state, Boolean useTransaction, CancellationToken cancellationToken)&#xD;
[xUnit.net 00:00:29.52]            at Microsoft.EntityFrameworkCore.Migrations.Internal.Migrator.MigrateImplementationAsync(DbContext context, String targetMigration, MigrationExecutionState state, Boolean useTransaction, CancellationToken cancellationToken)&#xD;
[xUnit.net 00:00:29.52]            at Microsoft.EntityFrameworkCore.Migrations.Internal.Migrator.&lt;&gt;c.&lt;&lt;MigrateAsync&gt;b__22_1&gt;d.MoveNext()&#xD;
[xUnit.net 00:00:29.52]         --- End of stack trace from previous location ---&#xD;
[xUnit.net 00:00:29.52]            at Microsoft.EntityFrameworkCore.SqlServer.Storage.Internal.SqlServerExecutionStrategy.ExecuteAsync[TState,TResult](TState state, Func`4 operation, Func`4 verifySucceeded, CancellationToken cancellationToken)&#xD;
[xUnit.net 00:00:29.52]            at Microsoft.EntityFrameworkCore.Migrations.Internal.Migrator.MigrateAsync(String targetMigration, CancellationToken cancellationToken)&#xD;
[xUnit.net 00:00:29.52]            at Microsoft.EntityFrameworkCore.Migrations.Internal.Migrator.MigrateAsync(String targetMigration, CancellationToken cancellationToken)&#xD;
[xUnit.net 00:00:29.52]         C:\George Marcone\GitHub\personal\HEMODINKS\hemodinks-api\HemodinksAPI.Tests\EventReminderProcessorConcurrencyTests.cs(27,0): at HemodinksAPI.Tests.EventReminderProcessorConcurrencyTests.ProcessDueReminders_ClaimsEventBeforeSendingAcrossReplicas()&#xD;
[xUnit.net 00:00:29.52]         C:\George Marcone\GitHub\personal\HEMODINKS\hemodinks-api\HemodinksAPI.Tests\EventReminderProcessorConcurrencyTests.cs(82,0): at HemodinksAPI.Tests.EventReminderProcessorConcurrencyTests.ProcessDueReminders_ClaimsEventBeforeSendingAcrossReplicas()&#xD;
[xUnit.net 00:00:29.52]         C:\George Marcone\GitHub\personal\HEMODINKS\hemodinks-api\HemodinksAPI.Tests\EventReminderProcessorConcurrencyTests.cs(82,0): at HemodinksAPI.Tests.EventReminderProcessorConcurrencyTests.ProcessDueReminders_ClaimsEventBeforeSendingAcrossReplicas()&#xD;
[xUnit.net 00:00:29.52]         C:\George Marcone\GitHub\personal\HEMODINKS\hemodinks-api\HemodinksAPI.Tests\EventReminderProcessorConcurrencyTests.cs(82,0): at HemodinksAPI.Tests.EventReminderProcessorConcurrencyTests.ProcessDueReminders_ClaimsEventBeforeSendingAcrossReplicas()&#xD;
[xUnit.net 00:00:29.52]         --- End of stack trace from previous location ---&#xD;
[xUnit.net 00:00:30.81]       Microsoft.Data.SqlClient.SqlException : SQL Server Full-Text Search nao esta instalado nesta instancia.&#xD;
[xUnit.net 00:00:30.81]       Stack Trace:&#xD;
[xUnit.net 00:00:30.81]            at Microsoft.Data.SqlClient.SqlConnection.OnError(SqlException exception, Boolean breakConnection, Action`1 wrapCloseInAction)&#xD;
[xUnit.net 00:00:30.81]            at Microsoft.Data.SqlClient.SqlInternalConnection.OnError(SqlException exception, Boolean breakConnection, Action`1 wrapCloseInAction)&#xD;
[xUnit.net 00:00:30.81]            at Microsoft.Data.SqlClient.TdsParser.ThrowExceptionAndWarning(TdsParserStateObject stateObj, SqlCommand command, Boolean callerHasConnectionLock, Boolean asyncClose)&#xD;
[xUnit.net 00:00:30.81]            at Microsoft.Data.SqlClient.TdsParser.TryRun(RunBehavior runBehavior, SqlCommand cmdHandler, SqlDataReader dataStream, BulkCopySimpleResultSet bulkCopyHandler, TdsParserStateObject stateObj, Boolean&amp; dataReady)&#xD;
[xUnit.net 00:00:30.81]            at Microsoft.Data.SqlClient.SqlCommand.InternalEndExecuteNonQuery(IAsyncResult asyncResult, Boolean isInternal, String endMethod)&#xD;
[xUnit.net 00:00:30.81]            at Microsoft.Data.SqlClient.SqlCommand.EndExecuteNonQueryInternal(IAsyncResult asyncResult)&#xD;
[xUnit.net 00:00:30.81]            at Microsoft.Data.SqlClient.SqlCommand.EndExecuteNonQueryAsync(IAsyncResult asyncResult)&#xD;
[xUnit.net 00:00:30.81]            at Microsoft.Data.SqlClient.SqlCommand.&lt;&gt;c.&lt;InternalExecuteNonQueryAsync&gt;b__193_1(IAsyncResult asyncResult)&#xD;
[xUnit.net 00:00:30.81]            at System.Threading.Tasks.TaskFactory`1.FromAsyncCoreLogic(IAsyncResult iar, Func`2 endFunction, Action`1 endAction, Task`1 promise, Boolean requiresSynchronization)&#xD;
[xUnit.net 00:00:30.81]         --- End of stack trace from previous location ---&#xD;
[xUnit.net 00:00:30.81]            at Microsoft.EntityFrameworkCore.Storage.RelationalCommand.ExecuteNonQueryAsync(RelationalCommandParameterObject parameterObject, CancellationToken cancellationToken)&#xD;
[xUnit.net 00:00:30.81]            at Microsoft.EntityFrameworkCore.Storage.RelationalCommand.ExecuteNonQueryAsync(RelationalCommandParameterObject parameterObject, CancellationToken cancellationToken)&#xD;
[xUnit.net 00:00:30.81]            at Microsoft.EntityFrameworkCore.Storage.RelationalCommand.ExecuteNonQueryAsync(RelationalCommandParameterObject parameterObject, CancellationToken cancellationToken)&#xD;
[xUnit.net 00:00:30.81]            at Microsoft.EntityFrameworkCore.Migrations.Internal.MigrationCommandExecutor.ExecuteAsync(IReadOnlyList`1 migrationCommands, IRelationalConnection connection, MigrationExecutionState executionState, Boolean beginTransaction, Boolean commitTransaction, Nullable`1 isolationLevel, CancellationToken cancellationToken)&#xD;
[xUnit.net 00:00:30.81]            at Microsoft.EntityFrameworkCore.Migrations.Internal.MigrationCommandExecutor.ExecuteAsync(IReadOnlyList`1 migrationCommands, IRelationalConnection connection, MigrationExecutionState executionState, Boolean beginTransaction, Boolean commitTransaction, Nullable`1 isolationLevel, CancellationToken cancellationToken)&#xD;
[xUnit.net 00:00:30.81]            at Microsoft.EntityFrameworkCore.SqlServer.Storage.Internal.SqlServerExecutionStrategy.ExecuteAsync[TState,TResult](TState state, Func`4 operation, Func`4 verifySucceeded, CancellationToken cancellationToken)&#xD;
[xUnit.net 00:00:30.81]            at Microsoft.EntityFrameworkCore.Migrations.Internal.MigrationCommandExecutor.ExecuteNonQueryAsync(IReadOnlyList`1 migrationCommands, IRelationalConnection connection, MigrationExecutionState executionState, Boolean commitTransaction, Nullable`1 isolationLevel, CancellationToken cancellationToken)&#xD;
[xUnit.net 00:00:30.81]            at Microsoft.EntityFrameworkCore.Migrations.Internal.Migrator.MigrateImplementationAsync(DbContext context, String targetMigration, MigrationExecutionState state, Boolean useTransaction, CancellationToken cancellationToken)&#xD;
[xUnit.net 00:00:30.81]            at Microsoft.EntityFrameworkCore.Migrations.Internal.Migrator.MigrateImplementationAsync(DbContext context, String targetMigration, MigrationExecutionState state, Boolean useTransaction, CancellationToken cancellationToken)&#xD;
[xUnit.net 00:00:30.81]            at Microsoft.EntityFrameworkCore.Migrations.Internal.Migrator.&lt;&gt;c.&lt;&lt;MigrateAsync&gt;b__22_1&gt;d.MoveNext()&#xD;
[xUnit.net 00:00:30.81]         --- End of stack trace from previous location ---&#xD;
[xUnit.net 00:00:30.81]            at Microsoft.EntityFrameworkCore.SqlServer.Storage.Internal.SqlServerExecutionStrategy.ExecuteAsync[TState,TResult](TState state, Func`4 operation, Func`4 verifySucceeded, CancellationToken cancellationToken)&#xD;
[xUnit.net 00:00:30.81]            at Microsoft.EntityFrameworkCore.Migrations.Internal.Migrator.MigrateAsync(String targetMigration, CancellationToken cancellationToken)&#xD;
[xUnit.net 00:00:30.81]            at Microsoft.EntityFrameworkCore.Migrations.Internal.Migrator.MigrateAsync(String targetMigration, CancellationToken cancellationToken)&#xD;
[xUnit.net 00:00:30.81]         C:\George Marcone\GitHub\personal\HEMODINKS\hemodinks-api\HemodinksAPI.Tests\LegacyFinancialBackfillMigrationTests.cs(62,0): at HemodinksAPI.Tests.LegacyFinancialBackfillMigrationTests.Migration_backfills_valid_legacy_values_and_audits_invalid_originals()&#xD;
[xUnit.net 00:00:30.81]         C:\George Marcone\GitHub\personal\HEMODINKS\hemodinks-api\HemodinksAPI.Tests\LegacyFinancialBackfillMigrationTests.cs(86,0): at HemodinksAPI.Tests.LegacyFinancialBackfillMigrationTests.Migration_backfills_valid_legacy_values_and_audits_invalid_originals()&#xD;
[xUnit.net 00:00:30.81]         C:\George Marcone\GitHub\personal\HEMODINKS\hemodinks-api\HemodinksAPI.Tests\LegacyFinancialBackfillMigrationTests.cs(86,0): at HemodinksAPI.Tests.LegacyFinancialBackfillMigrationTests.Migration_backfills_valid_legacy_values_and_audits_invalid_originals()&#xD;
[xUnit.net 00:00:30.81]         --- End of stack trace from previous location ---&#xD;
[xUnit.net 00:02:39.31]       
Running 1 test using 1 worker

  x  1 [chromium] › e2e\login-real-api.spec.ts:171:1 › case:layout (11.8s)


  1) [chromium] › e2e\login-real-api.spec.ts:171:1 › case:layout ───────────────────────────────────

    Error: Attempting to serialize unexpected value at position "sample": function Number() { [native code] }

      172 |   await page.goto('/');
      173 |   await expect(page.getByRole('combobox', { name: 'Clínica', exact: true })).toBeEnabled();
    &gt; 174 |   await expect(page.locator('.brand-mark')).toHaveJSProperty('naturalWidth', expect.any(Number));
          |                                             ^
      175 |   expect(await page.locator('.brand-mark').evaluate((image: HTMLImageElement) =&gt; image.naturalWidth)).toBeGreaterThan(0);
      176 |   await page.screenshot({ path: testInfo.outputPath('login-desktop-dark.png'), fullPage: true });
      177 |   await page.getByRole('button', { name: 'Tema claro', exact: true }).click();
        at C:\George Marcone\GitHub\personal\HEMODINKS\hemodinks-front\e2e\login-real-api.spec.ts:174:45

    attachment #1: screenshot (image/png) ──────────────────────────────────────────────────────────
    test-results\login-real-api\login-real-api-case-layout-chromium\test-failed-1.png
    ────────────────────────────────────────────────────────────────────────────────────────────────

    Error Context: test-results\login-real-api\login-real-api-case-layout-chromium\error-context.md

  1 failed
    [chromium] › e2e\login-real-api.spec.ts:171:1 › case:layout ────────────────────────────────────
[WebServer] (node:38064) Warning: The 'NO_COLOR' env is ignored due to the 'FORCE_COLOR' env being set.
[WebServer] (Use `node --trace-warnings ...` to show where the warning was created)
(node:28492) Warning: The 'NO_COLOR' env is ignored due to the 'FORCE_COLOR' env being set.
(Use `node --trace-warnings ...` to show where the warning was created)
(node:28492) Warning: The 'NO_COLOR' env is ignored due to the 'FORCE_COLOR' env being set.
(Use `node --trace-warnings ...` to show where the warning was created)
&#xD;
[xUnit.net 00:02:39.31]       Stack Trace:&#xD;
[xUnit.net 00:02:39.31]         C:\George Marcone\GitHub\personal\HEMODINKS\hemodinks-api\HemodinksAPI.Tests\LoginBrowserTests.cs(63,0): at HemodinksAPI.Tests.LoginBrowserTests.Browser_UsesRealApi(String scenario)&#xD;
[xUnit.net 00:02:39.31]         --- End of stack trace from previous location ---&#xD;
[xUnit.net 00:03:39.76]   Finished:    HemodinksAPI.Tests (ID = '62b0f49cee91ca5672ab8000bfd22417df13d4c8d956e64afc07302a98c706c0')&#xD;
</StdOut>
    </Output>
    <RunInfos>
      <RunInfo computerName="NOTEBOOK-GEO25" outcome="Warning" timestamp="2026-09-10T19:06:43.8572933-03:00">
        <Text>[xUnit.net 00:00:04.18]     HemodinksAPI.Tests.PatientUserTenantSqlServerTests.SqlServer_RejectsCrossClinicPatientAndUserRelationships [SKIP]</Text>
      </RunInfo>
      <RunInfo computerName="NOTEBOOK-GEO25" outcome="Error" timestamp="2026-09-10T19:07:04.8531641-03:00">
        <Text>[xUnit.net 00:00:25.18]     HemodinksAPI.Tests.TemporaryAccessEndpointTests.TemporaryTeamPassword_DoesNotBypassOperatorIdentification [FAIL]</Text>
      </RunInfo>
      <RunInfo computerName="NOTEBOOK-GEO25" outcome="Error" timestamp="2026-09-10T19:07:09.1949867-03:00">
        <Text>[xUnit.net 00:00:29.52]     HemodinksAPI.Tests.EventReminderProcessorConcurrencyTests.ProcessDueReminders_ClaimsEventBeforeSendingAcrossReplicas [FAIL]</Text>
      </RunInfo>
      <RunInfo computerName="NOTEBOOK-GEO25" outcome="Error" timestamp="2026-09-10T19:07:10.4830746-03:00">
        <Text>[xUnit.net 00:00:30.81]     HemodinksAPI.Tests.LegacyFinancialBackfillMigrationTests.Migration_backfills_valid_legacy_values_and_audits_invalid_originals [FAIL]</Text>
      </RunInfo>
      <RunInfo computerName="NOTEBOOK-GEO25" outcome="Error" timestamp="2026-09-10T19:09:18.9790759-03:00">
        <Text>[xUnit.net 00:02:39.31]     HemodinksAPI.Tests.LoginBrowserTests.Browser_UsesRealApi(scenario: "layout") [FAIL]</Text>
      </RunInfo>
    </RunInfos>
  </ResultSummary>
</TestRun>