<?xml version="1.0" encoding="utf-8"?>
<TestRun id="72c956ab-282b-48d2-adb6-a91cd9c74d04" name="George Marcone@NOTEBOOK-GEO25 2026-08-03 16:00:15" runUser="NOTEBOOK-GEO25\George Marcone" xmlns="http://microsoft.com/schemas/VisualStudio/TeamTest/2010">
  <Times creation="2026-08-03T16:00:15.7775885-03:00" queuing="2026-08-03T16:00:15.7775889-03:00" start="2026-08-03T16:00:14.1159315-03:00" finish="2026-08-03T16:01:24.9230170-03:00" />
  <TestSettings name="default" id="b217c75c-24d1-42bd-9c8d-855db5661402">
    <Deployment runDeploymentRoot="George_Marcone_NOTEBOOK-GEO25_2026-08-03_16_00_15" />
  </TestSettings>
  <Results>
    <UnitTestResult executionId="9a61f1f6-16fb-48c3-85a5-9f4358b76261" testId="8706f112-1d16-667d-91a9-d6d680c989bc" testName="HemodinksAPI.Tests.UserCommandHandlerTests.CreateUser_WhenPerfilDoesNotExist_ThrowsInvalidOperationException" computerName="NOTEBOOK-GEO25" duration="00:00:00.0118826" startTime="2026-08-03T16:00:18.0272982-03:00" endTime="2026-08-03T16:00:18.0392388-03:00" testType="13cdc9d9-ddb5-4fa4-a97d-d965ccfc6d4b" outcome="Passed" testListId="8c84fa94-04c1-424b-9868-57a2d4851a1d" relativeResultsDirectory="9a61f1f6-16fb-48c3-85a5-9f4358b76261" />
    <UnitTestResult executionId="9b199ff2-1e1a-4ea0-81b4-97fec29bf2b0" testId="71656d83-fe8a-3fa9-3b49-75dcfdbda2df" testName="HemodinksAPI.Tests.FinanceiroCalculationsTests.ReconcileAccounts_RejectsRecognizedValueBelowAlreadyReceivedAmount" computerName="NOTEBOOK-GEO25" duration="00:00:00.0207929" startTime="2026-08-03T16:00:17.3482324-03:00" endTime="2026-08-03T16:00:17.3690868-03:00" testType="13cdc9d9-ddb5-4fa4-a97d-d965ccfc6d4b" outcome="Passed" testListId="8c84fa94-04c1-424b-9868-57a2d4851a1d" relativeResultsDirectory="9b199ff2-1e1a-4ea0-81b4-97fec29bf2b0" />
    <UnitTestResult executionId="74261e2e-6f76-4e15-87d3-04dfa21a5eac" testId="8e1a405e-91a7-bbfd-a661-8ab5dda2d5f8" testName="HemodinksAPI.Tests.PrivateFileDownloadQueryHandlerTests.DownloadPacienteArquivo_WhenPatientIsInScope_ReturnsPrivateContent" computerName="NOTEBOOK-GEO25" duration="00:00:00.0213486" startTime="2026-08-03T16:00:17.2922207-03:00" endTime="2026-08-03T16:00:17.3136307-03:00" testType="13cdc9d9-ddb5-4fa4-a97d-d965ccfc6d4b" outcome="Passed" testListId="8c84fa94-04c1-424b-9868-57a2d4851a1d" relativeResultsDirectory="74261e2e-6f76-4e15-87d3-04dfa21a5eac" />
    <UnitTestResult executionId="027674cd-9914-429b-b3b3-7935bcfcc4bb" testId="7c0b7a80-d716-a992-c9a4-21df32866999" testName="HemodinksAPI.Tests.StorageRegistrationTests.AddStorage_WhenAzureConnectionStringIsMissingInProduction_Throws" computerName="NOTEBOOK-GEO25" duration="00:00:00.0014843" startTime="2026-08-03T16:00:15.8879082-03:00" endTime="2026-08-03T16:00:15.8894879-03:00" testType="13cdc9d9-ddb5-4fa4-a97d-d965ccfc6d4b" outcome="Passed" testListId="8c84fa94-04c1-424b-9868-57a2d4851a1d" relativeResultsDirectory="027674cd-9914-429b-b3b3-7935bcfcc4bb" />
    <UnitTestResult executionId="a60d2b11-fc90-4f3b-a32c-ef23ec0405ee" testId="0f637cb6-dc06-968e-37cd-e4bb125a7d91" testName="HemodinksAPI.Tests.ListOrderingTests.GetAllUsers_OrdersByLatestRecordActivityThenName" computerName="NOTEBOOK-GEO25" duration="00:00:00.2381764" startTime="2026-08-03T16:00:17.7187283-03:00" endTime="2026-08-03T16:00:17.9569719-03:00" testType="13cdc9d9-ddb5-4fa4-a97d-d965ccfc6d4b" outcome="Passed" testListId="8c84fa94-04c1-424b-9868-57a2d4851a1d" relativeResultsDirectory="a60d2b11-fc90-4f3b-a32c-ef23ec0405ee" />
    <UnitTestResult executionId="ba631cce-c950-447d-8d7e-c6c753026d30" testId="1b0dce40-4e71-34a5-1625-d5755b9765aa" testName="HemodinksAPI.Tests.StorageRegistrationTests.AddApplicationServices_WhenPasswordResetFunctionKeyIsMissing_UsesAzureQueueSender" computerName="NOTEBOOK-GEO25" duration="00:00:00.0094053" startTime="2026-08-03T16:00:15.8774798-03:00" endTime="2026-08-03T16:00:15.8869301-03:00" testType="13cdc9d9-ddb5-4fa4-a97d-d965ccfc6d4b" outcome="Passed" testListId="8c84fa94-04c1-424b-9868-57a2d4851a1d" relativeResultsDirectory="ba631cce-c950-447d-8d7e-c6c753026d30" />
    <UnitTestResult executionId="e04d4d23-112b-4dba-93c3-37ccb05b25b8" testId="ba38ead5-d227-bd52-69c9-cca5eba02602" testName="HemodinksAPI.Tests.ApiCorsTests.PreflightFromCustomDomains_ReturnsAllowedOrigin(origin: &quot;https://hemodinks-homologacao.gestao-saude.tec.br&quot;)" computerName="NOTEBOOK-GEO25" duration="00:00:02.1872383" startTime="2026-08-03T16:00:22.0115676-03:00" endTime="2026-08-03T16:00:24.1988807-03:00" testType="13cdc9d9-ddb5-4fa4-a97d-d965ccfc6d4b" outcome="Passed" testListId="8c84fa94-04c1-424b-9868-57a2d4851a1d" relativeResultsDirectory="e04d4d23-112b-4dba-93c3-37ccb05b25b8" />
    <UnitTestResult executionId="c14d87ac-c113-4529-b548-6795a7c12061" testId="0b48e1da-0b78-a182-07ff-819065464f9b" testName="HemodinksAPI.Tests.EventReminderScheduleTests.CalculateNextReminderAt_WhenEventIsCompleted_ReturnsNull" computerName="NOTEBOOK-GEO25" duration="00:00:00.0001577" startTime="2026-08-03T16:00:15.9084246-03:00" endTime="2026-08-03T16:00:15.9086016-03:00" testType="13cdc9d9-ddb5-4fa4-a97d-d965ccfc6d4b" outcome="Passed" testListId="8c84fa94-04c1-424b-9868-57a2d4851a1d" relativeResultsDirectory="c14d87ac-c113-4529-b548-6795a7c12061" />
    <UnitTestResult executionId="b7cd297a-bf50-4125-8e4e-fe60d2e86aff" testId="f98c44fd-12ab-754f-9911-823bf992dae9" testName="HemodinksAPI.Tests.ApiEndpointIntegrationTests.ApiCrudAuthorizationMatrix_MatchesDocumentedProfileContract" computerName="NOTEBOOK-GEO25" duration="00:00:01.9895512" startTime="2026-08-03T16:00:59.5912605-03:00" endTime="2026-08-03T16:01:01.5808570-03:00" testType="13cdc9d9-ddb5-4fa4-a97d-d965ccfc6d4b" outcome="Passed" testListId="8c84fa94-04c1-424b-9868-57a2d4851a1d" relativeResultsDirectory="b7cd297a-bf50-4125-8e4e-fe60d2e86aff" />
    <UnitTestResult executionId="1f098e08-f0d4-4fc6-b92e-c64b1161db34" testId="9f413a1c-91be-b07c-7eb8-2455b5ffbc37" testName="HemodinksAPI.Tests.CbhpmQueryHandlerTests.GetCbhpmGeral_FiltersProcedimentoByDescriptionWord" computerName="NOTEBOOK-GEO25" duration="00:00:00.0484706" startTime="2026-08-03T16:00:18.2683551-03:00" endTime="2026-08-03T16:00:18.3168787-03:00" testType="13cdc9d9-ddb5-4fa4-a97d-d965ccfc6d4b" outcome="Passed" testListId="8c84fa94-04c1-424b-9868-57a2d4851a1d" relativeResultsDirectory="1f098e08-f0d4-4fc6-b92e-c64b1161db34" />
    <UnitTestResult executionId="b21a9b90-3c84-4e89-942b-015ee8f465b3" testId="e9b28ea8-25aa-a95a-3f54-047d2bc81d3b" testName="HemodinksAPI.Tests.UserCommandHandlerTests.CreateUser_WhenEmailIsNew_SendsFirstAccessInvitation" computerName="NOTEBOOK-GEO25" duration="00:00:00.1011179" startTime="2026-08-03T16:00:18.4174307-03:00" endTime="2026-08-03T16:00:18.5185976-03:00" testType="13cdc9d9-ddb5-4fa4-a97d-d965ccfc6d4b" outcome="Passed" testListId="8c84fa94-04c1-424b-9868-57a2d4851a1d" relativeResultsDirectory="b21a9b90-3c84-4e89-942b-015ee8f465b3" />
    <UnitTestResult executionId="96a430d1-09c9-410c-8724-79b3dc56df7e" testId="b4ba8195-49df-29f6-b23e-8bedd55d88aa" testName="HemodinksAPI.Tests.ApiEndpointIntegrationTests.AuthenticatedRequest_UpdatesSessionLastActivity" computerName="NOTEBOOK-GEO25" duration="00:00:01.5152488" startTime="2026-08-03T16:00:43.8873379-03:00" endTime="2026-08-03T16:00:45.4026559-03:00" testType="13cdc9d9-ddb5-4fa4-a97d-d965ccfc6d4b" outcome="Passed" testListId="8c84fa94-04c1-424b-9868-57a2d4851a1d" relativeResultsDirectory="96a430d1-09c9-410c-8724-79b3dc56df7e" />
    <UnitTestResult executionId="d23b82a5-51e1-49f3-bd28-3c4efaeba5ad" testId="24791e8e-ba18-e442-d5c7-0f5a0418f5dd" testName="HemodinksAPI.Tests.PacienteObservacaoHandlerTests.DashboardNotifications_IncludeUnreadPatientObservations" computerName="NOTEBOOK-GEO25" duration="00:00:02.0415660" startTime="2026-08-03T16:00:15.7012841-03:00" endTime="2026-08-03T16:00:17.7506700-03:00" testType="13cdc9d9-ddb5-4fa4-a97d-d965ccfc6d4b" outcome="Passed" testListId="8c84fa94-04c1-424b-9868-57a2d4851a1d" relativeResultsDirectory="d23b82a5-51e1-49f3-bd28-3c4efaeba5ad" />
    <UnitTestResult executionId="4d2020a1-b24a-4052-af02-9ba4a541dd7a" testId="df641999-727a-76bc-a731-015bf59bd57f" testName="HemodinksAPI.Tests.StorageRegistrationTests.AddStorage_WhenStorageFunctionBaseUrlIsInvalid_UsesAzureStorageDirectly" computerName="NOTEBOOK-GEO25" duration="00:00:00.0011992" startTime="2026-08-03T16:00:15.8900179-03:00" endTime="2026-08-03T16:00:15.8912532-03:00" testType="13cdc9d9-ddb5-4fa4-a97d-d965ccfc6d4b" outcome="Passed" testListId="8c84fa94-04c1-424b-9868-57a2d4851a1d" relativeResultsDirectory="4d2020a1-b24a-4052-af02-9ba4a541dd7a" />
    <UnitTestResult executionId="d17b699f-b5c8-45d8-b6ab-7c8853991803" testId="7a03062a-7e44-9198-f915-6b7712d37ca7" testName="HemodinksAPI.Tests.ApiEndpointIntegrationTests.Logout_RevokesSessionAndPreventsRefresh" computerName="NOTEBOOK-GEO25" duration="00:00:01.4630475" startTime="2026-08-03T16:00:30.4611856-03:00" endTime="2026-08-03T16:00:31.9243239-03:00" testType="13cdc9d9-ddb5-4fa4-a97d-d965ccfc6d4b" outcome="Passed" testListId="8c84fa94-04c1-424b-9868-57a2d4851a1d" relativeResultsDirectory="d17b699f-b5c8-45d8-b6ab-7c8853991803" />
    <UnitTestResult executionId="61afc764-3139-41a5-8d21-a558c918f6fa" testId="182567e3-a470-0b9e-3827-2c86e96f9dec" testName="HemodinksAPI.Tests.LicencaServiceTests.HasFeatureAsync_WhenClinicSubscriptionIsSuspended_DeniesFeature" computerName="NOTEBOOK-GEO25" duration="00:00:00.0350332" startTime="2026-08-03T16:00:17.2059470-03:00" endTime="2026-08-03T16:00:17.2410393-03:00" testType="13cdc9d9-ddb5-4fa4-a97d-d965ccfc6d4b" outcome="Passed" testListId="8c84fa94-04c1-424b-9868-57a2d4851a1d" relativeResultsDirectory="61afc764-3139-41a5-8d21-a558c918f6fa" />
    <UnitTestResult executionId="42e90d7d-5abe-4f0d-b176-4095e32fdbe2" testId="d50b1175-6756-4d8d-fffc-e84dedbf2e2c" testName="HemodinksAPI.Tests.ApiEndpointIntegrationTests.AuthenticateUser_WhenMultipleClinicasAndNoHintIsProvided_ReturnsBadRequest" computerName="NOTEBOOK-GEO25" duration="00:00:01.2801168" startTime="2026-08-03T16:01:14.4059889-03:00" endTime="2026-08-03T16:01:15.6861477-03:00" testType="13cdc9d9-ddb5-4fa4-a97d-d965ccfc6d4b" outcome="Passed" testListId="8c84fa94-04c1-424b-9868-57a2d4851a1d" relativeResultsDirectory="42e90d7d-5abe-4f0d-b176-4095e32fdbe2" />
    <UnitTestResult executionId="6d4b8623-0653-4f32-ac2c-a1d2ed0087af" testId="e3cd2ac3-8ef0-d9a1-75a9-336c30fb4ffa" testName="HemodinksAPI.Tests.UserCommandHandlerTests.ChangePassword_WhenCurrentUserDoesNotMatchRouteUser_ThrowsUnauthorizedAccessException" computerName="NOTEBOOK-GEO25" duration="00:00:00.0050584" startTime="2026-08-03T16:00:18.6922098-03:00" endTime="2026-08-03T16:00:18.6973331-03:00" testType="13cdc9d9-ddb5-4fa4-a97d-d965ccfc6d4b" outcome="Passed" testListId="8c84fa94-04c1-424b-9868-57a2d4851a1d" relativeResultsDirectory="6d4b8623-0653-4f32-ac2c-a1d2ed0087af" />
    <UnitTestResult executionId="36ba9e75-5993-421d-8d4b-1032f7444e68" testId="f506874f-7fd7-fb99-b9d2-c8370b41f394" testName="HemodinksAPI.Tests.StorageRegistrationTests.AddApplicationServices_WhenPasswordResetFunctionsAreConfigured_UsesFunctionBackedSender" computerName="NOTEBOOK-GEO25" duration="00:00:00.0142440" startTime="2026-08-03T16:00:15.8529984-03:00" endTime="2026-08-03T16:00:15.8673120-03:00" testType="13cdc9d9-ddb5-4fa4-a97d-d965ccfc6d4b" outcome="Passed" testListId="8c84fa94-04c1-424b-9868-57a2d4851a1d" relativeResultsDirectory="36ba9e75-5993-421d-8d4b-1032f7444e68" />
    <UnitTestResult executionId="6c5bb6d8-54c0-40ae-81d3-0d00ff39527f" testId="ea74c67e-7777-f483-69d8-813c33227bf1" testName="HemodinksAPI.Tests.UserCommandHandlerTests.ChangePassword_WhenNewPasswordIsTooShort_ThrowsInvalidOperationException" computerName="NOTEBOOK-GEO25" duration="00:00:00.0430424" startTime="2026-08-03T16:00:18.0399475-03:00" endTime="2026-08-03T16:00:18.0830581-03:00" testType="13cdc9d9-ddb5-4fa4-a97d-d965ccfc6d4b" outcome="Passed" testListId="8c84fa94-04c1-424b-9868-57a2d4851a1d" relativeResultsDirectory="6c5bb6d8-54c0-40ae-81d3-0d00ff39527f" />
    <UnitTestResult executionId="b585be9e-44ad-4bcb-9473-3a22ae362ce4" testId="6a6c1fed-cbdf-2af6-77a9-ba29d1acc60a" testName="HemodinksAPI.Tests.AzureBlobProfilePhotoStorageTests.GetBlobLocationFromUrl_ResolvesCurrentAndLegacyProfilePhotoPaths(fotoPerfil: &quot;https://stgmtechsolution.blob.core.windows.net/pro&quot;···, expectedContainerName: &quot;profile-photos-confirmation&quot;, expectedBlobName: &quot;users/2026/06/avatar.png&quot;)" computerName="NOTEBOOK-GEO25" duration="00:00:00.0000407" startTime="2026-08-03T16:00:15.8996021-03:00" endTime="2026-08-03T16:00:15.8996722-03:00" testType="13cdc9d9-ddb5-4fa4-a97d-d965ccfc6d4b" outcome="Passed" testListId="8c84fa94-04c1-424b-9868-57a2d4851a1d" relativeResultsDirectory="b585be9e-44ad-4bcb-9473-3a22ae362ce4" />
    <UnitTestResult executionId="d0ff5c0a-cc54-4889-9d17-3827a5f3bebf" testId="86a8837f-d932-0d8f-1c60-d60b4e7dcf81" testName="HemodinksAPI.Tests.ApiEndpointIntegrationTests.ClinicScopedEndpoints_DoNotExposeRecordsFromAnotherClinic" computerName="NOTEBOOK-GEO25" duration="00:00:01.4928839" startTime="2026-08-03T16:01:23.2756770-03:00" endTime="2026-08-03T16:01:24.7686111-03:00" testType="13cdc9d9-ddb5-4fa4-a97d-d965ccfc6d4b" outcome="Passed" testListId="8c84fa94-04c1-424b-9868-57a2d4851a1d" relativeResultsDirectory="d0ff5c0a-cc54-4889-9d17-3827a5f3bebf" />
    <UnitTestResult executionId="6bb2c3f9-ad94-4075-989d-153c5f6794e5" testId="6904d499-80d2-3ebc-b441-0ad6d4a59a4d" testName="HemodinksAPI.Tests.PacienteCommandHandlerTests.CreatePaciente_WhenLoggedDoctor_CreatesPaciente" computerName="NOTEBOOK-GEO25" duration="00:00:00.1232261" startTime="2026-08-03T16:00:18.4929418-03:00" endTime="2026-08-03T16:00:18.6162303-03:00" testType="13cdc9d9-ddb5-4fa4-a97d-d965ccfc6d4b" outcome="Passed" testListId="8c84fa94-04c1-424b-9868-57a2d4851a1d" relativeResultsDirectory="6bb2c3f9-ad94-4075-989d-153c5f6794e5" />
    <UnitTestResult executionId="8974e643-c6f0-4ebf-9f00-6b2ef4aad224" testId="f9f53207-52b5-ba8c-edf0-63b0e751fe91" testName="HemodinksAPI.Tests.UserCommandHandlerTests.CreateUser_WhenCpfIsEmpty_StoresNull" computerName="NOTEBOOK-GEO25" duration="00:00:00.0673206" startTime="2026-08-03T16:00:17.9587783-03:00" endTime="2026-08-03T16:00:18.0261575-03:00" testType="13cdc9d9-ddb5-4fa4-a97d-d965ccfc6d4b" outcome="Passed" testListId="8c84fa94-04c1-424b-9868-57a2d4851a1d" relativeResultsDirectory="8974e643-c6f0-4ebf-9f00-6b2ef4aad224" />
    <UnitTestResult executionId="5a96707b-1b74-45aa-ab30-215a305ad345" testId="e1f39724-4b75-cbf8-9f2d-9d66d8c19701" testName="HemodinksAPI.Tests.PacienteCommandHandlerTests.CreatePaciente_WithoutCpfEmailTelefoneAndBirth_AcceptsOptionalData" computerName="NOTEBOOK-GEO25" duration="00:00:00.0872145" startTime="2026-08-03T16:00:17.5283044-03:00" endTime="2026-08-03T16:00:17.6155840-03:00" testType="13cdc9d9-ddb5-4fa4-a97d-d965ccfc6d4b" outcome="Passed" testListId="8c84fa94-04c1-424b-9868-57a2d4851a1d" relativeResultsDirectory="5a96707b-1b74-45aa-ab30-215a305ad345" />
    <UnitTestResult executionId="62350a55-4b26-442b-b38c-0a23ac3886c5" testId="95a407a1-27f9-4b94-9c01-630c50343935" testName="HemodinksAPI.Tests.ApiEndpointIntegrationTests.PartialClinicPlan_ExposesAndEnforcesOnlyContractedModules" computerName="NOTEBOOK-GEO25" duration="00:00:01.2832917" startTime="2026-08-03T16:01:13.1216957-03:00" endTime="2026-08-03T16:01:14.4050251-03:00" testType="13cdc9d9-ddb5-4fa4-a97d-d965ccfc6d4b" outcome="Passed" testListId="8c84fa94-04c1-424b-9868-57a2d4851a1d" relativeResultsDirectory="62350a55-4b26-442b-b38c-0a23ac3886c5" />
    <UnitTestResult executionId="a5144489-783a-4c02-8dac-57e4867af415" testId="8b6d08b6-711b-1cd0-9621-9368acb4fb2c" testName="HemodinksAPI.Tests.UserCommandHandlerTests.ConfirmPasswordReset_WhenTokenIsValid_ChangesPassword" computerName="NOTEBOOK-GEO25" duration="00:00:00.2569324" startTime="2026-08-03T16:00:17.4579843-03:00" endTime="2026-08-03T16:00:17.7149790-03:00" testType="13cdc9d9-ddb5-4fa4-a97d-d965ccfc6d4b" outcome="Passed" testListId="8c84fa94-04c1-424b-9868-57a2d4851a1d" relativeResultsDirectory="a5144489-783a-4c02-8dac-57e4867af415" />
    <UnitTestResult executionId="2a6bce93-ab74-4c34-b37a-5bfc54724991" testId="cc666461-6153-0eef-0eb9-4dc9371f0af5" testName="HemodinksAPI.Tests.UserCommandHandlerTests.ChangePassword_WhenCurrentPasswordIsValid_UpdatesHashAndClearsChangeFlag" computerName="NOTEBOOK-GEO25" duration="00:00:00.1801584" startTime="2026-08-03T16:00:19.1564810-03:00" endTime="2026-08-03T16:00:19.3367004-03:00" testType="13cdc9d9-ddb5-4fa4-a97d-d965ccfc6d4b" outcome="Passed" testListId="8c84fa94-04c1-424b-9868-57a2d4851a1d" relativeResultsDirectory="2a6bce93-ab74-4c34-b37a-5bfc54724991" />
    <UnitTestResult executionId="6952c550-439b-4a70-ae8a-57f309487b71" testId="80520760-d8d9-81c8-3084-3759d9630bdd" testName="HemodinksAPI.Tests.LicencaServiceTests.LiberarCompletaAsync_WhenCalled_KeepsPatientManagementAvailableToDoctors" computerName="NOTEBOOK-GEO25" duration="00:00:00.0500657" startTime="2026-08-03T16:00:17.2553350-03:00" endTime="2026-08-03T16:00:17.3054674-03:00" testType="13cdc9d9-ddb5-4fa4-a97d-d965ccfc6d4b" outcome="Passed" testListId="8c84fa94-04c1-424b-9868-57a2d4851a1d" relativeResultsDirectory="6952c550-439b-4a70-ae8a-57f309487b71" />
    <UnitTestResult executionId="f9ff4c98-710c-4e51-bd4f-ccfd52c34130" testId="ef9dd560-dc1c-7cef-c4a1-96438671b61f" testName="HemodinksAPI.Tests.ApiEndpointIntegrationTests.DeploymentHealthEndpoints_ReturnExpectedChecks(path: &quot;/livez&quot;, includesDatabase: False)" computerName="NOTEBOOK-GEO25" duration="00:00:01.5352389" startTime="2026-08-03T16:00:42.3511407-03:00" endTime="2026-08-03T16:00:43.8864497-03:00" testType="13cdc9d9-ddb5-4fa4-a97d-d965ccfc6d4b" outcome="Passed" testListId="8c84fa94-04c1-424b-9868-57a2d4851a1d" relativeResultsDirectory="f9ff4c98-710c-4e51-bd4f-ccfd52c34130" />
    <UnitTestResult executionId="8f086cd4-de5b-426d-a3e0-a934f081a6bc" testId="405cfabd-22bc-d87d-3afa-461776317d16" testName="HemodinksAPI.Tests.PasswordResetEmailTemplateTests.CreateHtmlBody_UsesCurrentBrandedLayout" computerName="NOTEBOOK-GEO25" duration="00:00:00.0202661" startTime="2026-08-03T16:00:15.7338159-03:00" endTime="2026-08-03T16:00:15.7541687-03:00" testType="13cdc9d9-ddb5-4fa4-a97d-d965ccfc6d4b" outcome="Passed" testListId="8c84fa94-04c1-424b-9868-57a2d4851a1d" relativeResultsDirectory="8f086cd4-de5b-426d-a3e0-a934f081a6bc" />
    <UnitTestResult executionId="c634ca43-728d-4d8f-b538-1d84b2975331" testId="2a14b20c-d6f8-3e5d-b7c7-0c5a34afb8be" testName="HemodinksAPI.Tests.LicencaServiceTests.GetOrCreateForMedicoAsync_WhenLicenseDoesNotExist_CreatesTrial" computerName="NOTEBOOK-GEO25" duration="00:00:00.0221811" startTime="2026-08-03T16:00:17.3061771-03:00" endTime="2026-08-03T16:00:17.3284175-03:00" testType="13cdc9d9-ddb5-4fa4-a97d-d965ccfc6d4b" outcome="Passed" testListId="8c84fa94-04c1-424b-9868-57a2d4851a1d" relativeResultsDirectory="c634ca43-728d-4d8f-b538-1d84b2975331" />
    <UnitTestResult executionId="5421f1af-97d3-44ec-ba78-abefe2676794" testId="3052ddf7-15a6-71fc-818b-0262c8196043" testName="HemodinksAPI.Tests.PacienteCommandHandlerTests.CreatePaciente_WhenCbhpmCodeDoesNotExist_StoresManualProcedure" computerName="NOTEBOOK-GEO25" duration="00:00:00.1537320" startTime="2026-08-03T16:00:17.6858251-03:00" endTime="2026-08-03T16:00:17.8396147-03:00" testType="13cdc9d9-ddb5-4fa4-a97d-d965ccfc6d4b" outcome="Passed" testListId="8c84fa94-04c1-424b-9868-57a2d4851a1d" relativeResultsDirectory="5421f1af-97d3-44ec-ba78-abefe2676794" />
    <UnitTestResult executionId="4258e8b1-e4e1-4d42-8f1e-7d673600dc92" testId="430495fc-4670-c62f-946c-caa22505e643" testName="HemodinksAPI.Tests.StorageRegistrationTests.AddApplicationServices_WhenAsyncQueuesAreEnabled_UsesAzureQueues" computerName="NOTEBOOK-GEO25" duration="00:00:00.0461812" startTime="2026-08-03T16:00:15.7660374-03:00" endTime="2026-08-03T16:00:15.8122856-03:00" testType="13cdc9d9-ddb5-4fa4-a97d-d965ccfc6d4b" outcome="Passed" testListId="8c84fa94-04c1-424b-9868-57a2d4851a1d" relativeResultsDirectory="4258e8b1-e4e1-4d42-8f1e-7d673600dc92" />
    <UnitTestResult executionId="3a6873b9-8967-4efd-bd4d-bf244986af88" testId="3f8e5500-8bb5-d7a8-ae20-9da08fb5ffd5" testName="HemodinksAPI.Tests.FinanceiroCalculationsTests.LegacyFallback_ParsesSupportedCurrencyFormats(raw: &quot;R$ 1.234,56&quot;, expected: 1234,56)" computerName="NOTEBOOK-GEO25" duration="00:00:00.0007151" startTime="2026-08-03T16:00:17.3879810-03:00" endTime="2026-08-03T16:00:17.3887565-03:00" testType="13cdc9d9-ddb5-4fa4-a97d-d965ccfc6d4b" outcome="Passed" testListId="8c84fa94-04c1-424b-9868-57a2d4851a1d" relativeResultsDirectory="3a6873b9-8967-4efd-bd4d-bf244986af88" />
    <UnitTestResult executionId="5ca8cc86-9437-486f-859a-71da894556da" testId="c24f3672-e7e3-1443-fd5e-36f8e2f5a766" testName="HemodinksAPI.Tests.ApiEndpointIntegrationTests.FinanceiroEndpoints_ExecuteNormalizedFlowWithCrudFiltersReportsAuditAndReceiptFile" computerName="NOTEBOOK-GEO25" duration="00:00:07.4898913" startTime="2026-08-03T16:00:16.9698470-03:00" endTime="2026-08-03T16:00:24.4597983-03:00" testType="13cdc9d9-ddb5-4fa4-a97d-d965ccfc6d4b" outcome="Passed" testListId="8c84fa94-04c1-424b-9868-57a2d4851a1d" relativeResultsDirectory="5ca8cc86-9437-486f-859a-71da894556da" />
    <UnitTestResult executionId="89caa780-61d5-4f65-8193-64f1ad24c2fd" testId="14bd0a2c-f1ad-ada4-1df2-6e2d61fe6c5a" testName="HemodinksAPI.Tests.ApiEndpointIntegrationTests.FinanceiroAudit_ReturnsOnlyCurrentClinicHistory" computerName="NOTEBOOK-GEO25" duration="00:00:01.1956842" startTime="2026-08-03T16:01:18.2513343-03:00" endTime="2026-08-03T16:01:19.4470563-03:00" testType="13cdc9d9-ddb5-4fa4-a97d-d965ccfc6d4b" outcome="Passed" testListId="8c84fa94-04c1-424b-9868-57a2d4851a1d" relativeResultsDirectory="89caa780-61d5-4f65-8193-64f1ad24c2fd" />
    <UnitTestResult executionId="b3495937-2941-4f89-9200-4d8c16df41f3" testId="e5ea13e7-8f60-ff4c-5437-e29897158695" testName="HemodinksAPI.Tests.LegacyFinancialBackfillMigrationTests.Migration_backfills_valid_legacy_values_and_audits_invalid_originals" computerName="NOTEBOOK-GEO25" duration="00:00:06.9202201" startTime="2026-08-03T16:00:17.2408325-03:00" endTime="2026-08-03T16:00:24.1612062-03:00" testType="13cdc9d9-ddb5-4fa4-a97d-d965ccfc6d4b" outcome="Passed" testListId="8c84fa94-04c1-424b-9868-57a2d4851a1d" relativeResultsDirectory="b3495937-2941-4f89-9200-4d8c16df41f3" />
    <UnitTestResult executionId="2c8be472-a1b4-44c7-b9a5-4e54a53b7b16" testId="263826ba-ad68-699e-6342-d6ce8dd07030" testName="HemodinksAPI.Tests.LocalUserSecretsConfigurationExtensionsTests.BuildFallbackValues_WhenConfigurationAlreadyHasValues_DoesNotOverrideThem" computerName="NOTEBOOK-GEO25" duration="00:00:00.0011377" startTime="2026-08-03T16:00:15.7386217-03:00" endTime="2026-08-03T16:00:15.7398404-03:00" testType="13cdc9d9-ddb5-4fa4-a97d-d965ccfc6d4b" outcome="Passed" testListId="8c84fa94-04c1-424b-9868-57a2d4851a1d" relativeResultsDirectory="2c8be472-a1b4-44c7-b9a5-4e54a53b7b16" />
    <UnitTestResult executionId="c733d305-67bd-42ce-b865-d4a974f4985a" testId="ace36cab-bffa-d2fc-02d8-c0575402e989" testName="HemodinksAPI.Tests.FinanceiroCalculationsTests.RecalculateConta_SetsOverdueOnlyWithoutReceipt" computerName="NOTEBOOK-GEO25" duration="00:00:00.0005254" startTime="2026-08-03T16:00:17.3787551-03:00" endTime="2026-08-03T16:00:17.3793271-03:00" testType="13cdc9d9-ddb5-4fa4-a97d-d965ccfc6d4b" outcome="Passed" testListId="8c84fa94-04c1-424b-9868-57a2d4851a1d" relativeResultsDirectory="c733d305-67bd-42ce-b865-d4a974f4985a" />
    <UnitTestResult executionId="49109a32-596b-4fe1-a1a6-4f8d2b37355a" testId="1b156861-372e-0560-07cd-2418fdfa2122" testName="HemodinksAPI.Tests.LocalUserSecretsConfigurationExtensionsTests.BuildFallbackValues_WhenEnvironmentIsProduction_ReturnsEmptyFallback" computerName="NOTEBOOK-GEO25" duration="00:00:00.0289774" startTime="2026-08-03T16:00:15.7012776-03:00" endTime="2026-08-03T16:00:15.7380391-03:00" testType="13cdc9d9-ddb5-4fa4-a97d-d965ccfc6d4b" outcome="Passed" testListId="8c84fa94-04c1-424b-9868-57a2d4851a1d" relativeResultsDirectory="49109a32-596b-4fe1-a1a6-4f8d2b37355a" />
    <UnitTestResult executionId="464baf42-54b9-4457-a682-7a6d3980f589" testId="3d5ad16b-8d0b-47b4-85b1-df03fe3b7601" testName="HemodinksAPI.Tests.PacienteCommandHandlerTests.UpdatePaciente_WhenAdministrator_UpdatesPaciente" computerName="NOTEBOOK-GEO25" duration="00:00:00.2232566" startTime="2026-08-03T16:00:17.8419826-03:00" endTime="2026-08-03T16:00:18.0653043-03:00" testType="13cdc9d9-ddb5-4fa4-a97d-d965ccfc6d4b" outcome="Passed" testListId="8c84fa94-04c1-424b-9868-57a2d4851a1d" relativeResultsDirectory="464baf42-54b9-4457-a682-7a6d3980f589" />
    <UnitTestResult executionId="924e10db-fe7a-4641-9d2d-4667ac1a80f6" testId="5bea7db7-37e4-6b3b-ab9d-5ac9dbbd1d04" testName="HemodinksAPI.Tests.ApiEndpointIntegrationTests.ExportEndpoint_WhenAuthenticated_QueuesExportJob" computerName="NOTEBOOK-GEO25" duration="00:00:01.3467625" startTime="2026-08-03T16:00:34.8773903-03:00" endTime="2026-08-03T16:00:36.2242055-03:00" testType="13cdc9d9-ddb5-4fa4-a97d-d965ccfc6d4b" outcome="Passed" testListId="8c84fa94-04c1-424b-9868-57a2d4851a1d" relativeResultsDirectory="924e10db-fe7a-4641-9d2d-4667ac1a80f6" />
    <UnitTestResult executionId="fc7bda6c-f355-4a66-b424-d2d71b13f21a" testId="7710952a-d7e9-ec7f-a2b5-74471dee74b7" testName="HemodinksAPI.Tests.AppDbContextTenancyTests.SaveChanges_WithDivergentClinicaId_IsRejected" computerName="NOTEBOOK-GEO25" duration="00:00:01.2395868" startTime="2026-08-03T16:00:15.7012912-03:00" endTime="2026-08-03T16:00:16.9486491-03:00" testType="13cdc9d9-ddb5-4fa4-a97d-d965ccfc6d4b" outcome="Passed" testListId="8c84fa94-04c1-424b-9868-57a2d4851a1d" relativeResultsDirectory="fc7bda6c-f355-4a66-b424-d2d71b13f21a" />
    <UnitTestResult executionId="ff74dac7-6a04-4ea0-a9c7-58001cd4b89a" testId="4b1c4179-8cfb-8b94-f184-4d6c16a71eb3" testName="HemodinksAPI.Tests.DatabaseStartupPolicyTests.Production_NeverRunsMigrationsOnStartup_EvenWhenEnabled" computerName="NOTEBOOK-GEO25" duration="00:00:00.0010412" startTime="2026-08-03T16:00:15.7348282-03:00" endTime="2026-08-03T16:00:15.7359148-03:00" testType="13cdc9d9-ddb5-4fa4-a97d-d965ccfc6d4b" outcome="Passed" testListId="8c84fa94-04c1-424b-9868-57a2d4851a1d" relativeResultsDirectory="ff74dac7-6a04-4ea0-a9c7-58001cd4b89a" />
    <UnitTestResult executionId="e4f807af-320a-4c3c-83c9-53481e3d0da9" testId="5c1de7fe-0d29-9e22-aecd-762765483817" testName="HemodinksAPI.Tests.UserCommandHandlerTests.CreateUser_WhenControllerPerfilIsProvided_AssignsPerfil" computerName="NOTEBOOK-GEO25" duration="00:00:00.0407672" startTime="2026-08-03T16:00:18.2991663-03:00" endTime="2026-08-03T16:00:18.3399932-03:00" testType="13cdc9d9-ddb5-4fa4-a97d-d965ccfc6d4b" outcome="Passed" testListId="8c84fa94-04c1-424b-9868-57a2d4851a1d" relativeResultsDirectory="e4f807af-320a-4c3c-83c9-53481e3d0da9" />
    <UnitTestResult executionId="941dd34b-debc-434a-8218-30be76f018e1" testId="19d35da1-ea08-8c2b-8b49-d1acfb7e1552" testName="HemodinksAPI.Tests.AppDbContextTenancyTests.OnModelCreating_AppliesClinicaQueryFilterToAllClinicaOwnedEntities" computerName="NOTEBOOK-GEO25" duration="00:00:00.0116196" startTime="2026-08-03T16:00:17.2064750-03:00" endTime="2026-08-03T16:00:17.2181460-03:00" testType="13cdc9d9-ddb5-4fa4-a97d-d965ccfc6d4b" outcome="Passed" testListId="8c84fa94-04c1-424b-9868-57a2d4851a1d" relativeResultsDirectory="941dd34b-debc-434a-8218-30be76f018e1" />
    <UnitTestResult executionId="87716ca0-85f1-45b2-b5ad-6b6057352cbc" testId="fca7e071-bf44-a409-d2fd-75ad04159863" testName="HemodinksAPI.Tests.FaturamentoMedicoQueryHandlerTests.GetAllFaturamentosMedicos_WhenAdminOrController_ReturnsAllBillings(perfilId: 4)" computerName="NOTEBOOK-GEO25" duration="00:00:00.2375970" startTime="2026-08-03T16:00:18.7715410-03:00" endTime="2026-08-03T16:00:19.0091995-03:00" testType="13cdc9d9-ddb5-4fa4-a97d-d965ccfc6d4b" outcome="Passed" testListId="8c84fa94-04c1-424b-9868-57a2d4851a1d" relativeResultsDirectory="87716ca0-85f1-45b2-b5ad-6b6057352cbc" />
    <UnitTestResult executionId="0f30186c-dd92-4bfa-a148-513b0c31a477" testId="0373735d-f089-39b2-a9f7-bbd6850dc44f" testName="HemodinksAPI.Tests.ConvenioQueryHandlerTests.GetConvenios_ReturnsSeededConveniosInAlphabeticalOrder" computerName="NOTEBOOK-GEO25" duration="00:00:01.4633406" startTime="2026-08-03T16:00:15.7469285-03:00" endTime="2026-08-03T16:00:17.2103271-03:00" testType="13cdc9d9-ddb5-4fa4-a97d-d965ccfc6d4b" outcome="Passed" testListId="8c84fa94-04c1-424b-9868-57a2d4851a1d" relativeResultsDirectory="0f30186c-dd92-4bfa-a148-513b0c31a477" />
    <UnitTestResult executionId="bc2be53e-287b-4cec-9503-59e07285b426" testId="141514e0-195f-018b-c502-ab81e0611359" testName="HemodinksAPI.Tests.ApiEndpointIntegrationTests.Healthz_ReturnsOk" computerName="NOTEBOOK-GEO25" duration="00:00:01.2379614" startTime="2026-08-03T16:01:10.6441054-03:00" endTime="2026-08-03T16:01:11.8820957-03:00" testType="13cdc9d9-ddb5-4fa4-a97d-d965ccfc6d4b" outcome="Passed" testListId="8c84fa94-04c1-424b-9868-57a2d4851a1d" relativeResultsDirectory="bc2be53e-287b-4cec-9503-59e07285b426" />
    <UnitTestResult executionId="24b64a78-6f6c-4faf-836b-b190f8af6b42" testId="12f420c0-577a-c1f5-5fc5-9717724af4b6" testName="HemodinksAPI.Tests.ApiEndpointIntegrationTests.Medico_CannotUpdateOrDeleteAtendimentoAssignedToAnotherDoctor" computerName="NOTEBOOK-GEO25" duration="00:00:01.5233959" startTime="2026-08-03T16:00:56.6223255-03:00" endTime="2026-08-03T16:00:58.1457914-03:00" testType="13cdc9d9-ddb5-4fa4-a97d-d965ccfc6d4b" outcome="Passed" testListId="8c84fa94-04c1-424b-9868-57a2d4851a1d" relativeResultsDirectory="24b64a78-6f6c-4faf-836b-b190f8af6b42" />
    <UnitTestResult executionId="5b715591-c91f-494b-a646-c013eee695a2" testId="15fc8287-23d9-2093-4565-d6196c24a178" testName="HemodinksAPI.Tests.PasswordHasherTests.VerifyPassword_WhenPasswordDoesNotMatch_ReturnsFalse" computerName="NOTEBOOK-GEO25" duration="00:00:00.0446052" startTime="2026-08-03T16:00:15.8980927-03:00" endTime="2026-08-03T16:00:15.9427388-03:00" testType="13cdc9d9-ddb5-4fa4-a97d-d965ccfc6d4b" outcome="Passed" testListId="8c84fa94-04c1-424b-9868-57a2d4851a1d" relativeResultsDirectory="5b715591-c91f-494b-a646-c013eee695a2" />
    <UnitTestResult executionId="1399a00e-135b-4a79-afcc-e17eed5ee092" testId="4dce7822-bdda-22b2-de89-8f435ee13bfb" testName="HemodinksAPI.Tests.ApiEndpointIntegrationTests.PasswordResetRequest_WhenRetriedWithSameIdempotencyKey_ReplaysSameToken" computerName="NOTEBOOK-GEO25" duration="00:00:01.2135532" startTime="2026-08-03T16:01:04.0279160-03:00" endTime="2026-08-03T16:01:05.2415287-03:00" testType="13cdc9d9-ddb5-4fa4-a97d-d965ccfc6d4b" outcome="Passed" testListId="8c84fa94-04c1-424b-9868-57a2d4851a1d" relativeResultsDirectory="1399a00e-135b-4a79-afcc-e17eed5ee092" />
    <UnitTestResult executionId="7fd39e62-77f6-47d1-82a9-bbff5da8a9d3" testId="0f684c5f-a254-0322-354d-20985d05e7c7" testName="HemodinksAPI.Tests.PacienteObservacaoHandlerTests.GetAllPacientes_ReturnsUnreadObservationCountForCurrentUser" computerName="NOTEBOOK-GEO25" duration="00:00:00.4890255" startTime="2026-08-03T16:00:18.5569660-03:00" endTime="2026-08-03T16:00:19.0460363-03:00" testType="13cdc9d9-ddb5-4fa4-a97d-d965ccfc6d4b" outcome="Passed" testListId="8c84fa94-04c1-424b-9868-57a2d4851a1d" relativeResultsDirectory="7fd39e62-77f6-47d1-82a9-bbff5da8a9d3" />
    <UnitTestResult executionId="62f8935b-6b30-486e-bf54-34d7c9e1b580" testId="3e69df05-395c-0850-1832-d1ba44ad3244" testName="HemodinksAPI.Tests.CbhpmQueryHandlerTests.GetCbhpmGeral_FiltersAndPaginates" computerName="NOTEBOOK-GEO25" duration="00:00:00.7594071" startTime="2026-08-03T16:00:17.4920612-03:00" endTime="2026-08-03T16:00:18.2515259-03:00" testType="13cdc9d9-ddb5-4fa4-a97d-d965ccfc6d4b" outcome="Passed" testListId="8c84fa94-04c1-424b-9868-57a2d4851a1d" relativeResultsDirectory="62f8935b-6b30-486e-bf54-34d7c9e1b580" />
    <UnitTestResult executionId="6d47ea72-c404-416b-a2f1-22190be653f9" testId="7fe89910-f9ff-fccb-b6e7-ed42046d305c" testName="HemodinksAPI.Tests.PacienteCommandHandlerTests.CreatePaciente_WhenHospitalAndConvenioAreManual_PersistsLookupsAndProcedimentos" computerName="NOTEBOOK-GEO25" duration="00:00:00.2338450" startTime="2026-08-03T16:00:18.1827453-03:00" endTime="2026-08-03T16:00:18.4166499-03:00" testType="13cdc9d9-ddb5-4fa4-a97d-d965ccfc6d4b" outcome="Passed" testListId="8c84fa94-04c1-424b-9868-57a2d4851a1d" relativeResultsDirectory="6d47ea72-c404-416b-a2f1-22190be653f9" />
    <UnitTestResult executionId="c20ebdd7-4747-4d57-abb3-16b7eca0d4dc" testId="3cc38047-d2da-a3a7-cecb-6b298107ddda" testName="HemodinksAPI.Tests.PacienteObservacaoHandlerTests.CreateObservacao_WhenAuthorIsAdmin_SendsToAllMedicalUsersOnPatient" computerName="NOTEBOOK-GEO25" duration="00:00:00.2885596" startTime="2026-08-03T16:00:18.2677363-03:00" endTime="2026-08-03T16:00:18.5563588-03:00" testType="13cdc9d9-ddb5-4fa4-a97d-d965ccfc6d4b" outcome="Passed" testListId="8c84fa94-04c1-424b-9868-57a2d4851a1d" relativeResultsDirectory="c20ebdd7-4747-4d57-abb3-16b7eca0d4dc" />
    <UnitTestResult executionId="0de26be7-2182-49eb-b7d1-b779aa7be002" testId="643e51a1-c647-ff32-3372-3f15056371f9" testName="HemodinksAPI.Tests.PacienteObservacaoHandlerTests.CreateObservacao_WhenReplying_SendsBackToTheOtherParticipant" computerName="NOTEBOOK-GEO25" duration="00:00:00.2637611" startTime="2026-08-03T16:00:17.7515373-03:00" endTime="2026-08-03T16:00:18.0153509-03:00" testType="13cdc9d9-ddb5-4fa4-a97d-d965ccfc6d4b" outcome="Passed" testListId="8c84fa94-04c1-424b-9868-57a2d4851a1d" relativeResultsDirectory="0de26be7-2182-49eb-b7d1-b779aa7be002" />
    <UnitTestResult executionId="bd165f2a-d075-43e4-b7f4-89445ae0d4f9" testId="9e7ee519-7fee-661e-e578-899418841757" testName="HemodinksAPI.Tests.UserCommandHandlerTests.ResetUserPassword_WhenUserDoesNotExist_ThrowsKeyNotFoundException" computerName="NOTEBOOK-GEO25" duration="00:00:00.0188698" startTime="2026-08-03T16:00:19.0940792-03:00" endTime="2026-08-03T16:00:19.1129831-03:00" testType="13cdc9d9-ddb5-4fa4-a97d-d965ccfc6d4b" outcome="Passed" testListId="8c84fa94-04c1-424b-9868-57a2d4851a1d" relativeResultsDirectory="bd165f2a-d075-43e4-b7f4-89445ae0d4f9" />
    <UnitTestResult executionId="fd20062b-5037-4672-be9c-d8b11efaf69e" testId="4558e811-3867-18e7-05ce-944e9a76a6c9" testName="HemodinksAPI.Tests.ApiEndpointIntegrationTests.PasswordResetRequest_WhenEmailDoesNotExist_ReturnsGenericResponse" computerName="NOTEBOOK-GEO25" duration="00:00:01.1959657" startTime="2026-08-03T16:01:19.4477796-03:00" endTime="2026-08-03T16:01:20.6437901-03:00" testType="13cdc9d9-ddb5-4fa4-a97d-d965ccfc6d4b" outcome="Passed" testListId="8c84fa94-04c1-424b-9868-57a2d4851a1d" relativeResultsDirectory="fd20062b-5037-4672-be9c-d8b11efaf69e" />
    <UnitTestResult executionId="9cf045ee-0f3d-4ef8-b26e-1f0c00ce9dc9" testId="e32ff9db-212e-8133-0c39-ece0f9ecb8ee" testName="HemodinksAPI.Tests.ApiEndpointIntegrationTests.SuperAdministrador_CanUpdateClinicDifferentFromCurrentClinic" computerName="NOTEBOOK-GEO25" duration="00:00:01.2389552" startTime="2026-08-03T16:01:09.4046880-03:00" endTime="2026-08-03T16:01:10.6436822-03:00" testType="13cdc9d9-ddb5-4fa4-a97d-d965ccfc6d4b" outcome="Passed" testListId="8c84fa94-04c1-424b-9868-57a2d4851a1d" relativeResultsDirectory="9cf045ee-0f3d-4ef8-b26e-1f0c00ce9dc9" />
    <UnitTestResult executionId="e628b406-6d0f-40da-9b07-5e2cfd6c68bb" testId="252e88cd-0cc9-082a-ba49-9d0bd66e0efc" testName="HemodinksAPI.Tests.FinanceiroCalculationsTests.RecalculateConta_SumsMultipleReceiptsAndSetsPaidStatus" computerName="NOTEBOOK-GEO25" duration="00:00:00.0003572" startTime="2026-08-03T16:00:17.4898703-03:00" endTime="2026-08-03T16:00:17.4902751-03:00" testType="13cdc9d9-ddb5-4fa4-a97d-d965ccfc6d4b" outcome="Passed" testListId="8c84fa94-04c1-424b-9868-57a2d4851a1d" relativeResultsDirectory="e628b406-6d0f-40da-9b07-5e2cfd6c68bb" />
    <UnitTestResult executionId="561be3d4-5bc4-4fe3-aeb5-7d9a8c373a69" testId="a29e4f9c-f5cc-3a93-9b9b-8303bf2eb1e5" testName="HemodinksAPI.Tests.PacienteCommandHandlerTests.UploadPacienteArquivo_WhenLoggedDoctorIsRelated_StoresMetadata" computerName="NOTEBOOK-GEO25" duration="00:00:00.0736451" startTime="2026-08-03T16:00:19.2885006-03:00" endTime="2026-08-03T16:00:19.3622059-03:00" testType="13cdc9d9-ddb5-4fa4-a97d-d965ccfc6d4b" outcome="Passed" testListId="8c84fa94-04c1-424b-9868-57a2d4851a1d" relativeResultsDirectory="561be3d4-5bc4-4fe3-aeb5-7d9a8c373a69" />
    <UnitTestResult executionId="a5dc1ad9-7cc8-42dc-bc16-c3d4cf9f6cf6" testId="61341b2d-5402-83bf-32a6-14c09171c626" testName="HemodinksAPI.Tests.AzureBlobProfilePhotoStorageTests.GetBlobLocationFromUrl_ResolvesCurrentAndLegacyProfilePhotoPaths(fotoPerfil: &quot;https://stgmtechsolution.blob.core.windows.net/pro&quot;···, expectedContainerName: &quot;profile-photos&quot;, expectedBlobName: &quot;george.png&quot;)" computerName="NOTEBOOK-GEO25" duration="00:00:00.0000266" startTime="2026-08-03T16:00:15.9003752-03:00" endTime="2026-08-03T16:00:15.9004216-03:00" testType="13cdc9d9-ddb5-4fa4-a97d-d965ccfc6d4b" outcome="Passed" testListId="8c84fa94-04c1-424b-9868-57a2d4851a1d" relativeResultsDirectory="a5dc1ad9-7cc8-42dc-bc16-c3d4cf9f6cf6" />
    <UnitTestResult executionId="cdd72024-3676-4e4e-8245-db933fc24aa1" testId="5c74b23b-ac8a-4c40-0d7b-f5371e0a9c6f" testName="HemodinksAPI.Tests.ApiEndpointIntegrationTests.CriarAtendimento_ComCatalogosManuaisNaSegundaClinica_AtribuiClinicaAtual" computerName="NOTEBOOK-GEO25" duration="00:00:01.3432141" startTime="2026-08-03T16:01:20.6443042-03:00" endTime="2026-08-03T16:01:21.9875470-03:00" testType="13cdc9d9-ddb5-4fa4-a97d-d965ccfc6d4b" outcome="Passed" testListId="8c84fa94-04c1-424b-9868-57a2d4851a1d" relativeResultsDirectory="cdd72024-3676-4e4e-8245-db933fc24aa1" />
    <UnitTestResult executionId="1abf02ed-1bfe-4497-8d8d-44f78a96c25d" testId="2522078c-6ce9-2126-2918-8a5534e7748b" testName="HemodinksAPI.Tests.ApiEndpointIntegrationTests.PlatformClinics_WhenUserIsCommonAdministrator_ReturnsOnlyOwnClinic" computerName="NOTEBOOK-GEO25" duration="00:00:01.5145618" startTime="2026-08-03T16:00:24.4609770-03:00" endTime="2026-08-03T16:00:25.9755894-03:00" testType="13cdc9d9-ddb5-4fa4-a97d-d965ccfc6d4b" outcome="Passed" testListId="8c84fa94-04c1-424b-9868-57a2d4851a1d" relativeResultsDirectory="1abf02ed-1bfe-4497-8d8d-44f78a96c25d" />
    <UnitTestResult executionId="dffea75b-c352-4457-ab1a-265c8cc1c6c7" testId="f34ebe7d-10c0-556f-d1b2-315b94be5bb0" testName="HemodinksAPI.Tests.ApiEndpointIntegrationTests.ContractedModule_IsForbiddenWhenClinicSubscriptionIsSuspended" computerName="NOTEBOOK-GEO25" duration="00:00:01.3876504" startTime="2026-08-03T16:00:55.2335793-03:00" endTime="2026-08-03T16:00:56.6213020-03:00" testType="13cdc9d9-ddb5-4fa4-a97d-d965ccfc6d4b" outcome="Passed" testListId="8c84fa94-04c1-424b-9868-57a2d4851a1d" relativeResultsDirectory="dffea75b-c352-4457-ab1a-265c8cc1c6c7" />
    <UnitTestResult executionId="29b29f71-e8ae-4199-a9ec-665102ac4e99" testId="c6eaaaa6-dfd1-40f8-e9b5-29ab79aca49e" testName="HemodinksAPI.Tests.ApiCorsTests.PreflightFromCustomDomains_ReturnsAllowedOrigin(origin: &quot;https://hemodinks.gestao-saude.tec.br&quot;)" computerName="NOTEBOOK-GEO25" duration="00:00:04.7919526" startTime="2026-08-03T16:00:17.2175558-03:00" endTime="2026-08-03T16:00:22.0097509-03:00" testType="13cdc9d9-ddb5-4fa4-a97d-d965ccfc6d4b" outcome="Passed" testListId="8c84fa94-04c1-424b-9868-57a2d4851a1d" relativeResultsDirectory="29b29f71-e8ae-4199-a9ec-665102ac4e99" />
    <UnitTestResult executionId="2ef8684d-58c4-44e8-8570-4e1c7b0dbb9d" testId="cab9b0b3-b4e7-5748-96a9-8f4d8bb0fe14" testName="HemodinksAPI.Tests.ApiEndpointIntegrationTests.Root_ReturnsHealthCheck" computerName="NOTEBOOK-GEO25" duration="00:00:01.4508312" startTime="2026-08-03T16:00:27.5465463-03:00" endTime="2026-08-03T16:00:28.9974454-03:00" testType="13cdc9d9-ddb5-4fa4-a97d-d965ccfc6d4b" outcome="Passed" testListId="8c84fa94-04c1-424b-9868-57a2d4851a1d" relativeResultsDirectory="2ef8684d-58c4-44e8-8570-4e1c7b0dbb9d" />
    <UnitTestResult executionId="0ec873d2-f889-49f5-afc1-f3f1e882514d" testId="fbaf3ac6-091b-0e7d-8e6e-67b2194ca52f" testName="HemodinksAPI.Tests.PasswordResetNotificationFallbackSenderTests.SendAsync_WhenFirstTransportFails_UsesNextTransport" computerName="NOTEBOOK-GEO25" duration="00:00:00.0155636" startTime="2026-08-03T16:00:17.2173775-03:00" endTime="2026-08-03T16:00:17.2330064-03:00" testType="13cdc9d9-ddb5-4fa4-a97d-d965ccfc6d4b" outcome="Passed" testListId="8c84fa94-04c1-424b-9868-57a2d4851a1d" relativeResultsDirectory="0ec873d2-f889-49f5-afc1-f3f1e882514d" />
    <UnitTestResult executionId="9a3b8c96-3421-45cd-b787-4d224e0b6537" testId="f1f8d73a-8b31-75c9-f194-0a0fb25f77e3" testName="HemodinksAPI.Tests.StorageRegistrationTests.AddApplicationServices_WhenPasswordResetFunctionBaseUrlIsInvalid_UsesAzureQueueSender" computerName="NOTEBOOK-GEO25" duration="00:00:00.0085696" startTime="2026-08-03T16:00:15.8340239-03:00" endTime="2026-08-03T16:00:15.8426483-03:00" testType="13cdc9d9-ddb5-4fa4-a97d-d965ccfc6d4b" outcome="Passed" testListId="8c84fa94-04c1-424b-9868-57a2d4851a1d" relativeResultsDirectory="9a3b8c96-3421-45cd-b787-4d224e0b6537" />
    <UnitTestResult executionId="198115ac-c449-456c-aba9-e76466bf3a50" testId="2b92fee5-efd7-ebd8-e30e-8d25566e8652" testName="HemodinksAPI.Tests.AzureBlobProfilePhotoStorageTests.GetBlobLocationFromUrl_ResolvesCurrentAndLegacyProfilePhotoPaths(fotoPerfil: &quot;users/2026/06/avatar.png&quot;, expectedContainerName: &quot;profile-photos-confirmation&quot;, expectedBlobName: &quot;users/2026/06/avatar.png&quot;)" computerName="NOTEBOOK-GEO25" duration="00:00:00.0000232" startTime="2026-08-03T16:00:15.9001457-03:00" endTime="2026-08-03T16:00:15.9001896-03:00" testType="13cdc9d9-ddb5-4fa4-a97d-d965ccfc6d4b" outcome="Passed" testListId="8c84fa94-04c1-424b-9868-57a2d4851a1d" relativeResultsDirectory="198115ac-c449-456c-aba9-e76466bf3a50" />
    <UnitTestResult executionId="efb7d3b4-bc36-452e-8003-ae067cc2da85" testId="070f7d09-f4b9-4f15-4e21-d03b9a2d2015" testName="HemodinksAPI.Tests.StorageRegistrationTests.AddStorage_WhenStorageFunctionsAreConfigured_RegistersFunctionBackedUploads" computerName="NOTEBOOK-GEO25" duration="00:00:00.0089528" startTime="2026-08-03T16:00:15.8429920-03:00" endTime="2026-08-03T16:00:15.8519988-03:00" testType="13cdc9d9-ddb5-4fa4-a97d-d965ccfc6d4b" outcome="Passed" testListId="8c84fa94-04c1-424b-9868-57a2d4851a1d" relativeResultsDirectory="efb7d3b4-bc36-452e-8003-ae067cc2da85" />
    <UnitTestResult executionId="79060568-6d6c-45c2-8193-29723de68eac" testId="997e46e3-4321-7f24-187d-0a54712672be" testName="HemodinksAPI.Tests.ApiEndpointIntegrationTests.UsersEndpoint_WhenAuthenticatedInSecondClinic_ReturnsOnlyItsOwnUsers" computerName="NOTEBOOK-GEO25" duration="00:00:01.5820922" startTime="2026-08-03T16:00:39.3157496-03:00" endTime="2026-08-03T16:00:40.8979460-03:00" testType="13cdc9d9-ddb5-4fa4-a97d-d965ccfc6d4b" outcome="Passed" testListId="8c84fa94-04c1-424b-9868-57a2d4851a1d" relativeResultsDirectory="79060568-6d6c-45c2-8193-29723de68eac" />
    <UnitTestResult executionId="0a544795-68e3-47c9-b942-a897f44a0c9e" testId="8ead95a9-c3f0-1839-b6ef-3af75532c3a4" testName="HemodinksAPI.Tests.FaturamentoMedicoQueryHandlerTests.EnsureSynced_WhenPacienteHasData_SetsMonthlyCompetencia" computerName="NOTEBOOK-GEO25" duration="00:00:00.0045231" startTime="2026-08-03T16:00:19.1609309-03:00" endTime="2026-08-03T16:00:19.1655600-03:00" testType="13cdc9d9-ddb5-4fa4-a97d-d965ccfc6d4b" outcome="Passed" testListId="8c84fa94-04c1-424b-9868-57a2d4851a1d" relativeResultsDirectory="0a544795-68e3-47c9-b942-a897f44a0c9e" />
    <UnitTestResult executionId="184ec99c-df74-46b9-8288-5576ff011176" testId="907ce6e7-06a5-5d31-2508-8d9bdfe7ab94" testName="HemodinksAPI.Tests.FinanceiroCalculationsTests.ReconcileAccounts_DistributesRecognizedValueAcrossInstallments" computerName="NOTEBOOK-GEO25" duration="00:00:00.0022350" startTime="2026-08-03T16:00:17.3797556-03:00" endTime="2026-08-03T16:00:17.3820447-03:00" testType="13cdc9d9-ddb5-4fa4-a97d-d965ccfc6d4b" outcome="Passed" testListId="8c84fa94-04c1-424b-9868-57a2d4851a1d" relativeResultsDirectory="184ec99c-df74-46b9-8288-5576ff011176" />
    <UnitTestResult executionId="2210f389-459e-43d1-befa-1e4ab483c067" testId="47bd4ea0-f01c-ff9c-b1fb-a01e2695aeae" testName="HemodinksAPI.Tests.CbhpmQueryHandlerTests.ImportCbhpmGeral_InsertsAndUpdatesByCodigo" computerName="NOTEBOOK-GEO25" duration="00:00:00.0157405" startTime="2026-08-03T16:00:18.2521235-03:00" endTime="2026-08-03T16:00:18.2679072-03:00" testType="13cdc9d9-ddb5-4fa4-a97d-d965ccfc6d4b" outcome="Passed" testListId="8c84fa94-04c1-424b-9868-57a2d4851a1d" relativeResultsDirectory="2210f389-459e-43d1-befa-1e4ab483c067" />
    <UnitTestResult executionId="f5ccbce4-5d26-4ed5-ab36-eedb1738e0ae" testId="08b50d6f-102f-5562-5681-e68f37c8034b" testName="HemodinksAPI.Tests.ApiEndpointIntegrationTests.AgendaEndpoint_WithoutToken_ReturnsUnauthorized" computerName="NOTEBOOK-GEO25" duration="00:00:01.4466817" startTime="2026-08-03T16:00:52.1786594-03:00" endTime="2026-08-03T16:00:53.6254066-03:00" testType="13cdc9d9-ddb5-4fa4-a97d-d965ccfc6d4b" outcome="Passed" testListId="8c84fa94-04c1-424b-9868-57a2d4851a1d" relativeResultsDirectory="f5ccbce4-5d26-4ed5-ab36-eedb1738e0ae" />
    <UnitTestResult executionId="2917f1ff-b191-4177-979f-0a9a25f162a3" testId="fe5e28af-38da-152a-2a24-bec7b4e0ec17" testName="HemodinksAPI.Tests.PacienteCommandHandlerTests.UploadPacienteArquivo_WhenPacienteExists_StoresMetadata" computerName="NOTEBOOK-GEO25" duration="00:00:00.1162126" startTime="2026-08-03T16:00:18.0658796-03:00" endTime="2026-08-03T16:00:18.1821462-03:00" testType="13cdc9d9-ddb5-4fa4-a97d-d965ccfc6d4b" outcome="Passed" testListId="8c84fa94-04c1-424b-9868-57a2d4851a1d" relativeResultsDirectory="2917f1ff-b191-4177-979f-0a9a25f162a3" />
    <UnitTestResult executionId="1584fb21-eb51-461a-b46a-389521330854" testId="be7f3ffe-5015-58dd-1d7f-0145dde5d153" testName="HemodinksAPI.Tests.ApiEndpointIntegrationTests.ConfiguracoesSistema_AllowsPublicReadAndRejectsLegacyBrandUpdate" computerName="NOTEBOOK-GEO25" duration="00:00:01.3276195" startTime="2026-08-03T16:01:16.9233058-03:00" endTime="2026-08-03T16:01:18.2509617-03:00" testType="13cdc9d9-ddb5-4fa4-a97d-d965ccfc6d4b" outcome="Passed" testListId="8c84fa94-04c1-424b-9868-57a2d4851a1d" relativeResultsDirectory="1584fb21-eb51-461a-b46a-389521330854" />
    <UnitTestResult executionId="74c1b02b-02ed-484d-a95f-9bc34b4ccf9b" testId="546af218-35f4-facb-fa80-d52af2c6209d" testName="HemodinksAPI.Tests.ApiEndpointIntegrationTests.DashboardSummary_WhenReminderProcessorFails_ReturnsSummary" computerName="NOTEBOOK-GEO25" duration="00:00:01.1948726" startTime="2026-08-03T16:01:02.8321949-03:00" endTime="2026-08-03T16:01:04.0271161-03:00" testType="13cdc9d9-ddb5-4fa4-a97d-d965ccfc6d4b" outcome="Passed" testListId="8c84fa94-04c1-424b-9868-57a2d4851a1d" relativeResultsDirectory="74c1b02b-02ed-484d-a95f-9bc34b4ccf9b" />
    <UnitTestResult executionId="ad9e3a34-55b9-4d5d-b24b-c98e8e191dbe" testId="673d3876-a163-f867-0521-0f75493c8d2d" testName="HemodinksAPI.Tests.AppDbContextTenancyTests.OnModelCreating_AllClinicaOwnedEntitiesHaveClinicForeignKeyAndLeadingIndex" computerName="NOTEBOOK-GEO25" duration="00:00:00.0094426" startTime="2026-08-03T16:00:17.2188290-03:00" endTime="2026-08-03T16:00:17.2283828-03:00" testType="13cdc9d9-ddb5-4fa4-a97d-d965ccfc6d4b" outcome="Passed" testListId="8c84fa94-04c1-424b-9868-57a2d4851a1d" relativeResultsDirectory="ad9e3a34-55b9-4d5d-b24b-c98e8e191dbe" />
    <UnitTestResult executionId="abff74b4-1900-4793-89a1-b11f443cae85" testId="654b29e8-e998-e7ea-7ae4-075e4b12e592" testName="HemodinksAPI.Tests.AzureBlobProfilePhotoStorageTests.GetBlobLocationFromUrl_ResolvesCurrentAndLegacyProfilePhotoPaths(fotoPerfil: &quot;http://localhost:10000/devstoreaccount1/profile-ph&quot;···, expectedContainerName: &quot;profile-photos&quot;, expectedBlobName: &quot;users/2026/06/avatar.png&quot;)" computerName="NOTEBOOK-GEO25" duration="00:00:00.0000356" startTime="2026-08-03T16:00:15.8998817-03:00" endTime="2026-08-03T16:00:15.8999439-03:00" testType="13cdc9d9-ddb5-4fa4-a97d-d965ccfc6d4b" outcome="Passed" testListId="8c84fa94-04c1-424b-9868-57a2d4851a1d" relativeResultsDirectory="abff74b4-1900-4793-89a1-b11f443cae85" />
    <UnitTestResult executionId="fe4c2841-a7f7-4af6-be64-6818e09262f2" testId="e42ef313-b9fa-d0e2-0180-df9440b288b0" testName="HemodinksAPI.Tests.FinanceiroCalculationsTests.LegacyFallback_DoesNotInventValueForInvalidText" computerName="NOTEBOOK-GEO25" duration="00:00:00.0008220" startTime="2026-08-03T16:00:17.3863251-03:00" endTime="2026-08-03T16:00:17.3872070-03:00" testType="13cdc9d9-ddb5-4fa4-a97d-d965ccfc6d4b" outcome="Passed" testListId="8c84fa94-04c1-424b-9868-57a2d4851a1d" relativeResultsDirectory="fe4c2841-a7f7-4af6-be64-6818e09262f2" />
    <UnitTestResult executionId="65839d5e-bc8e-40a0-a4a0-9a891a05633d" testId="c34ee03b-a727-31e2-f4b7-0f428d886455" testName="HemodinksAPI.Tests.UserSeederTests.GenerateUsers_ReturnsExpectedInitialUsers" computerName="NOTEBOOK-GEO25" duration="00:00:01.0206124" startTime="2026-08-03T16:00:15.9469052-03:00" endTime="2026-08-03T16:00:16.9675713-03:00" testType="13cdc9d9-ddb5-4fa4-a97d-d965ccfc6d4b" outcome="Passed" testListId="8c84fa94-04c1-424b-9868-57a2d4851a1d" relativeResultsDirectory="65839d5e-bc8e-40a0-a4a0-9a891a05633d" />
    <UnitTestResult executionId="450510d5-020e-4d96-9e4a-bb7adfec9c0c" testId="ab192c7d-488c-d0d5-29b2-2d82fac9ab72" testName="HemodinksAPI.Tests.ApiEndpointIntegrationTests.DeploymentHealthEndpoints_ReturnExpectedChecks(path: &quot;/readyz&quot;, includesDatabase: True)" computerName="NOTEBOOK-GEO25" duration="00:00:01.4512803" startTime="2026-08-03T16:00:40.8989849-03:00" endTime="2026-08-03T16:00:42.3503797-03:00" testType="13cdc9d9-ddb5-4fa4-a97d-d965ccfc6d4b" outcome="Passed" testListId="8c84fa94-04c1-424b-9868-57a2d4851a1d" relativeResultsDirectory="450510d5-020e-4d96-9e4a-bb7adfec9c0c" />
    <UnitTestResult executionId="90983e97-de55-4ad9-a902-da3428ce0da4" testId="85cf86d2-6d15-33ac-e42c-8c2945b0ffca" testName="HemodinksAPI.Tests.FinanceiroCalculationsTests.RecalculateFaturamento_UsesItemsGlosasAndAcceptedAppeals" computerName="NOTEBOOK-GEO25" duration="00:00:00.0005330" startTime="2026-08-03T16:00:17.3902964-03:00" endTime="2026-08-03T16:00:17.3908745-03:00" testType="13cdc9d9-ddb5-4fa4-a97d-d965ccfc6d4b" outcome="Passed" testListId="8c84fa94-04c1-424b-9868-57a2d4851a1d" relativeResultsDirectory="90983e97-de55-4ad9-a902-da3428ce0da4" />
    <UnitTestResult executionId="b2848dd8-03da-4c63-b063-d6cfc18014c0" testId="90ac0cc7-3a20-2feb-9ce3-9f6f5ec8ebb1" testName="HemodinksAPI.Tests.UserCommandHandlerTests.UpdateUser_WhenPerfilIsValid_UpdatesPerfil" computerName="NOTEBOOK-GEO25" duration="00:00:00.1364215" startTime="2026-08-03T16:00:17.7156870-03:00" endTime="2026-08-03T16:00:17.8521610-03:00" testType="13cdc9d9-ddb5-4fa4-a97d-d965ccfc6d4b" outcome="Passed" testListId="8c84fa94-04c1-424b-9868-57a2d4851a1d" relativeResultsDirectory="b2848dd8-03da-4c63-b063-d6cfc18014c0" />
    <UnitTestResult executionId="ac4d7aef-eb09-4dbb-bc7b-fde5592c17d5" testId="6bb711ac-8c97-0c67-7142-86adcb6bc12d" testName="HemodinksAPI.Tests.AzureBlobProfilePhotoStorageTests.GetBlobLocationFromUrl_ResolvesCurrentAndLegacyProfilePhotoPaths(fotoPerfil: &quot;http://azurite:10000/devstoreaccount1/profile-phot&quot;···, expectedContainerName: &quot;profile-photos&quot;, expectedBlobName: &quot;users/2026/06/avatar.png&quot;)" computerName="NOTEBOOK-GEO25" duration="00:00:00.0008472" startTime="2026-08-03T16:00:15.8984485-03:00" endTime="2026-08-03T16:00:15.8993284-03:00" testType="13cdc9d9-ddb5-4fa4-a97d-d965ccfc6d4b" outcome="Passed" testListId="8c84fa94-04c1-424b-9868-57a2d4851a1d" relativeResultsDirectory="ac4d7aef-eb09-4dbb-bc7b-fde5592c17d5" />
    <UnitTestResult executionId="a3fa7e27-2f4e-450a-ac78-e13956da29a8" testId="eac219fd-fa7d-d17e-6a79-18dae5c4f892" testName="HemodinksAPI.Tests.StorageRegistrationTests.AddStorage_WhenAzureConnectionStringIsMissingInDevelopment_RegistersLocalDiskStorage" computerName="NOTEBOOK-GEO25" duration="00:00:00.0563245" startTime="2026-08-03T16:00:15.7012941-03:00" endTime="2026-08-03T16:00:15.7654489-03:00" testType="13cdc9d9-ddb5-4fa4-a97d-d965ccfc6d4b" outcome="Passed" testListId="8c84fa94-04c1-424b-9868-57a2d4851a1d" relativeResultsDirectory="a3fa7e27-2f4e-450a-ac78-e13956da29a8" />
    <UnitTestResult executionId="8494e776-e2d2-402b-9882-d6e28695b878" testId="50f3e48f-7367-a0b6-357a-7c9a5a672660" testName="HemodinksAPI.Tests.EventReminderScheduleTests.CalculateNextReminderAt_WhenNotificationsAreDisabled_ReturnsNull" computerName="NOTEBOOK-GEO25" duration="00:00:00.0002702" startTime="2026-08-03T16:00:15.9079498-03:00" endTime="2026-08-03T16:00:15.9082452-03:00" testType="13cdc9d9-ddb5-4fa4-a97d-d965ccfc6d4b" outcome="Passed" testListId="8c84fa94-04c1-424b-9868-57a2d4851a1d" relativeResultsDirectory="8494e776-e2d2-402b-9882-d6e28695b878" />
    <UnitTestResult executionId="3de873f3-7ffa-4300-beb2-00fc817a8632" testId="0c268cab-a751-52fa-e6bb-19493636d484" testName="HemodinksAPI.Tests.UserCommandHandlerTests.ResetUserPasswordByEmail_WhenNotificationIsOnlyQueued_ReturnsGenericMessage" computerName="NOTEBOOK-GEO25" duration="00:00:00.0363878" startTime="2026-08-03T16:00:18.3405479-03:00" endTime="2026-08-03T16:00:18.3769969-03:00" testType="13cdc9d9-ddb5-4fa4-a97d-d965ccfc6d4b" outcome="Passed" testListId="8c84fa94-04c1-424b-9868-57a2d4851a1d" relativeResultsDirectory="3de873f3-7ffa-4300-beb2-00fc817a8632" />
    <UnitTestResult executionId="4609b609-e403-453d-bcc0-752b845e1fa5" testId="0959cf30-0633-9ff2-9e12-c7353aa299e0" testName="HemodinksAPI.Tests.StorageRegistrationTests.AddApplicationServices_WhenAsyncQueuesAreDisabled_UsesSmtpAndDisablesExportQueue" computerName="NOTEBOOK-GEO25" duration="00:00:00.0090731" startTime="2026-08-03T16:00:15.8680222-03:00" endTime="2026-08-03T16:00:15.8771478-03:00" testType="13cdc9d9-ddb5-4fa4-a97d-d965ccfc6d4b" outcome="Passed" testListId="8c84fa94-04c1-424b-9868-57a2d4851a1d" relativeResultsDirectory="4609b609-e403-453d-bcc0-752b845e1fa5" />
    <UnitTestResult executionId="c1eb2541-6b66-4e57-9805-bc33e5224a0a" testId="66f60b3c-211c-a990-c351-4c9a72fc6464" testName="HemodinksAPI.Tests.ApiEndpointIntegrationTests.CriarEAtualizarAtendimento_ComCodigoCbhpmSemPontuacao_UsaValorOficialDoBackend" computerName="NOTEBOOK-GEO25" duration="00:00:01.4010670" startTime="2026-08-03T16:01:08.0019039-03:00" endTime="2026-08-03T16:01:09.4030253-03:00" testType="13cdc9d9-ddb5-4fa4-a97d-d965ccfc6d4b" outcome="Passed" testListId="8c84fa94-04c1-424b-9868-57a2d4851a1d" relativeResultsDirectory="c1eb2541-6b66-4e57-9805-bc33e5224a0a" />
    <UnitTestResult executionId="2307d4c9-ef7e-48c9-a721-5b04ec4cff9e" testId="c9ab2b2e-1ac9-0b9b-1d7b-862301c3173b" testName="HemodinksAPI.Tests.UserCommandHandlerTests.AuthenticateUser_WhenCredentialsAreValid_ReturnsTokenAndUserData" computerName="NOTEBOOK-GEO25" duration="00:00:00.0622911" startTime="2026-08-03T16:00:19.5232633-03:00" endTime="2026-08-03T16:00:19.5856138-03:00" testType="13cdc9d9-ddb5-4fa4-a97d-d965ccfc6d4b" outcome="Passed" testListId="8c84fa94-04c1-424b-9868-57a2d4851a1d" relativeResultsDirectory="2307d4c9-ef7e-48c9-a721-5b04ec4cff9e" />
    <UnitTestResult executionId="bd88421f-b476-4030-883c-49b3e2d1c374" testId="19ac5860-7c39-88b3-1324-44488ed2848d" testName="HemodinksAPI.Tests.EventReminderScheduleTests.CalculateNextReminderAt_WhenStoredReminderIsAlreadyDue_ReturnsNow" computerName="NOTEBOOK-GEO25" duration="00:00:00.0002045" startTime="2026-08-03T16:00:15.9074915-03:00" endTime="2026-08-03T16:00:15.9077276-03:00" testType="13cdc9d9-ddb5-4fa4-a97d-d965ccfc6d4b" outcome="Passed" testListId="8c84fa94-04c1-424b-9868-57a2d4851a1d" relativeResultsDirectory="bd88421f-b476-4030-883c-49b3e2d1c374" />
    <UnitTestResult executionId="6d15c2e8-f0b8-4331-899c-6add756e5731" testId="55498116-3de7-5c16-056c-d6542daed75a" testName="HemodinksAPI.Tests.ApiEndpointIntegrationTests.AuthenticateUser_WhenClinicHeaderTargetsDuplicateEmail_ReturnsClinicScopedPayload" computerName="NOTEBOOK-GEO25" duration="00:00:01.8413607" startTime="2026-08-03T16:00:50.3363491-03:00" endTime="2026-08-03T16:00:52.1777833-03:00" testType="13cdc9d9-ddb5-4fa4-a97d-d965ccfc6d4b" outcome="Passed" testListId="8c84fa94-04c1-424b-9868-57a2d4851a1d" relativeResultsDirectory="6d15c2e8-f0b8-4331-899c-6add756e5731" />
    <UnitTestResult executionId="0be0da37-0e52-4bbc-968c-d23440e6a329" testId="fd928f27-61b2-cc21-3517-b4ed073dd7b7" testName="HemodinksAPI.Tests.UserCommandHandlerTests.ResetUserPasswordByEmail_WhenEmailDoesNotExist_ReturnsGenericResponse" computerName="NOTEBOOK-GEO25" duration="00:00:00.0047162" startTime="2026-08-03T16:00:18.2937264-03:00" endTime="2026-08-03T16:00:18.2984995-03:00" testType="13cdc9d9-ddb5-4fa4-a97d-d965ccfc6d4b" outcome="Passed" testListId="8c84fa94-04c1-424b-9868-57a2d4851a1d" relativeResultsDirectory="0be0da37-0e52-4bbc-968c-d23440e6a329" />
    <UnitTestResult executionId="d8909ad6-d9c3-4a8d-b22d-7eb8ff1b1507" testId="90fffecc-4104-2626-a297-4af5c4422d2b" testName="HemodinksAPI.Tests.UserCommandHandlerTests.CreateUser_WhenCpfAndBirthDateAreNotProvided_AllowsNullValues" computerName="NOTEBOOK-GEO25" duration="00:00:00.0387428" startTime="2026-08-03T16:00:18.3781558-03:00" endTime="2026-08-03T16:00:18.4169444-03:00" testType="13cdc9d9-ddb5-4fa4-a97d-d965ccfc6d4b" outcome="Passed" testListId="8c84fa94-04c1-424b-9868-57a2d4851a1d" relativeResultsDirectory="d8909ad6-d9c3-4a8d-b22d-7eb8ff1b1507" />
    <UnitTestResult executionId="d9055b7f-038f-44bb-bc54-f17d447cf5f9" testId="f9ebd663-da88-1220-e33c-7967e5bf1707" testName="HemodinksAPI.Tests.UserCommandHandlerTests.AuthenticateUser_WhenUserIsController_ReturnsPatientManagementLicense" computerName="NOTEBOOK-GEO25" duration="00:00:01.7005040" startTime="2026-08-03T16:00:15.7556522-03:00" endTime="2026-08-03T16:00:17.4562236-03:00" testType="13cdc9d9-ddb5-4fa4-a97d-d965ccfc6d4b" outcome="Passed" testListId="8c84fa94-04c1-424b-9868-57a2d4851a1d" relativeResultsDirectory="d9055b7f-038f-44bb-bc54-f17d447cf5f9" />
    <UnitTestResult executionId="d2321168-7c2f-49bb-810e-c511e6e46def" testId="acc06eb1-ae97-f0fe-6f07-fe0ba209cabd" testName="HemodinksAPI.Tests.EventReminderScheduleTests.CalculateNextReminderAt_WhenEventIsInsideReminderWindowAndNeverSent_ReturnsNow" computerName="NOTEBOOK-GEO25" duration="00:00:00.0002891" startTime="2026-08-03T16:00:15.9065182-03:00" endTime="2026-08-03T16:00:15.9068489-03:00" testType="13cdc9d9-ddb5-4fa4-a97d-d965ccfc6d4b" outcome="Passed" testListId="8c84fa94-04c1-424b-9868-57a2d4851a1d" relativeResultsDirectory="d2321168-7c2f-49bb-810e-c511e6e46def" />
    <UnitTestResult executionId="423be3f7-4a81-4abf-8c93-babf1d492ab6" testId="76840af8-83f3-56fd-9350-2c9b49ecb8ae" testName="HemodinksAPI.Tests.UserCommandHandlerTests.CreateUser_WhenEmailAlreadyExists_ThrowsInvalidOperationException" computerName="NOTEBOOK-GEO25" duration="00:00:00.0438026" startTime="2026-08-03T16:00:18.5938275-03:00" endTime="2026-08-03T16:00:18.6380084-03:00" testType="13cdc9d9-ddb5-4fa4-a97d-d965ccfc6d4b" outcome="Passed" testListId="8c84fa94-04c1-424b-9868-57a2d4851a1d" relativeResultsDirectory="423be3f7-4a81-4abf-8c93-babf1d492ab6" />
    <UnitTestResult executionId="872c7469-a8a5-4b80-a17a-3bfb8d50409b" testId="bb04d833-c428-5920-ab40-ae80158d807d" testName="HemodinksAPI.Tests.OpmeQueryHandlerTests.GetOpme_ReturnsSeededFornecedoresInAlphabeticalOrder" computerName="NOTEBOOK-GEO25" duration="00:00:01.5012296" startTime="2026-08-03T16:00:15.7012727-03:00" endTime="2026-08-03T16:00:17.2103271-03:00" testType="13cdc9d9-ddb5-4fa4-a97d-d965ccfc6d4b" outcome="Passed" testListId="8c84fa94-04c1-424b-9868-57a2d4851a1d" relativeResultsDirectory="872c7469-a8a5-4b80-a17a-3bfb8d50409b" />
    <UnitTestResult executionId="0f2073cc-f39f-4343-9108-b793a771a313" testId="e76f6548-f7c0-00f8-d394-fcaa934c6a49" testName="HemodinksAPI.Tests.AppDbContextTenancyTests.QueryWithoutResolvedClinic_IsFailClosed" computerName="NOTEBOOK-GEO25" duration="00:00:00.2530378" startTime="2026-08-03T16:00:16.9510596-03:00" endTime="2026-08-03T16:00:17.2041613-03:00" testType="13cdc9d9-ddb5-4fa4-a97d-d965ccfc6d4b" outcome="Passed" testListId="8c84fa94-04c1-424b-9868-57a2d4851a1d" relativeResultsDirectory="0f2073cc-f39f-4343-9108-b793a771a313" />
    <UnitTestResult executionId="5d4ae99b-f071-4c99-9b74-9cad4d0ec3b5" testId="5ea47f86-7859-fb28-8438-f9815ac3be7a" testName="HemodinksAPI.Tests.UserCommandHandlerTests.UpdateUser_WhenDoctorUpdatesAnotherUser_ThrowsUnauthorizedAccessException" computerName="NOTEBOOK-GEO25" duration="00:00:00.1159712" startTime="2026-08-03T16:00:18.8531392-03:00" endTime="2026-08-03T16:00:18.9691611-03:00" testType="13cdc9d9-ddb5-4fa4-a97d-d965ccfc6d4b" outcome="Passed" testListId="8c84fa94-04c1-424b-9868-57a2d4851a1d" relativeResultsDirectory="5d4ae99b-f071-4c99-9b74-9cad4d0ec3b5" />
    <UnitTestResult executionId="c72178a9-beac-44c9-862c-e604b277f46b" testId="510e8003-9f53-249d-b737-fa61c8ff9dfb" testName="HemodinksAPI.Tests.EventReminderProcessorConcurrencyTests.ProcessDueReminders_ClaimsEventBeforeSendingAcrossReplicas" computerName="NOTEBOOK-GEO25" duration="00:00:07.8839603" startTime="2026-08-03T16:00:15.7013086-03:00" endTime="2026-08-03T16:00:23.5930991-03:00" testType="13cdc9d9-ddb5-4fa4-a97d-d965ccfc6d4b" outcome="Passed" testListId="8c84fa94-04c1-424b-9868-57a2d4851a1d" relativeResultsDirectory="c72178a9-beac-44c9-862c-e604b277f46b" />
    <UnitTestResult executionId="1f2f41ca-f14c-4508-81a5-8b712ea17be9" testId="674da102-3efd-10cd-eeae-1421865a4209" testName="HemodinksAPI.Tests.FinanceiroCalculationsTests.RecalculateFaturamento_HandlesTotalGlosaAndFullyAcceptedAppeal" computerName="NOTEBOOK-GEO25" duration="00:00:00.0104774" startTime="2026-08-03T16:00:17.3372067-03:00" endTime="2026-08-03T16:00:17.3477611-03:00" testType="13cdc9d9-ddb5-4fa4-a97d-d965ccfc6d4b" outcome="Passed" testListId="8c84fa94-04c1-424b-9868-57a2d4851a1d" relativeResultsDirectory="1f2f41ca-f14c-4508-81a5-8b712ea17be9" />
    <UnitTestResult executionId="8b417c38-3dc0-4df1-b1cf-d541e8b29b2d" testId="7cd4f123-7b43-47fe-e765-059ef0c8ce86" testName="HemodinksAPI.Tests.ApiEndpointIntegrationTests.FinanceiroEndpoints_RejectUnsafeDeletesAndInvalidPagination" computerName="NOTEBOOK-GEO25" duration="00:00:01.4616952" startTime="2026-08-03T16:00:28.9981836-03:00" endTime="2026-08-03T16:00:30.4599822-03:00" testType="13cdc9d9-ddb5-4fa4-a97d-d965ccfc6d4b" outcome="Passed" testListId="8c84fa94-04c1-424b-9868-57a2d4851a1d" relativeResultsDirectory="8b417c38-3dc0-4df1-b1cf-d541e8b29b2d" />
    <UnitTestResult executionId="30d1083a-6a3f-407d-ba78-d8900b58c845" testId="6c816803-1681-3dc4-e0a1-9ad43a6f6f59" testName="HemodinksAPI.Tests.PasswordResetNotificationFallbackSenderTests.SendAsync_WhenAllTransportsFail_ThrowsClearError" computerName="NOTEBOOK-GEO25" duration="00:00:00.0022994" startTime="2026-08-03T16:00:17.2335607-03:00" endTime="2026-08-03T16:00:17.2359235-03:00" testType="13cdc9d9-ddb5-4fa4-a97d-d965ccfc6d4b" outcome="Passed" testListId="8c84fa94-04c1-424b-9868-57a2d4851a1d" relativeResultsDirectory="30d1083a-6a3f-407d-ba78-d8900b58c845" />
    <UnitTestResult executionId="eeca08bd-1196-4bf8-832b-595c4ae4c6b3" testId="feeeac4b-7f68-c547-c99b-892abd80a768" testName="HemodinksAPI.Tests.FaturamentoMedicoQueryHandlerTests.GetAllFaturamentosMedicos_WithoutCompetencia_ReturnsLegacyPatientsWithoutBillingDate" computerName="NOTEBOOK-GEO25" duration="00:00:01.8526271" startTime="2026-08-03T16:00:15.7469411-03:00" endTime="2026-08-03T16:00:17.5996211-03:00" testType="13cdc9d9-ddb5-4fa4-a97d-d965ccfc6d4b" outcome="Passed" testListId="8c84fa94-04c1-424b-9868-57a2d4851a1d" relativeResultsDirectory="eeca08bd-1196-4bf8-832b-595c4ae4c6b3" />
    <UnitTestResult executionId="5d1bcb09-fb8a-46ca-924e-f6832d5b1678" testId="cdbb3b63-a1de-e616-4311-36b9a1794713" testName="HemodinksAPI.Tests.CbhpmQueryHandlerTests.GetCbhpmGeral_FiltersByPartialUnformattedCodigo" computerName="NOTEBOOK-GEO25" duration="00:00:00.1477046" startTime="2026-08-03T16:00:18.3173345-03:00" endTime="2026-08-03T16:00:18.4650920-03:00" testType="13cdc9d9-ddb5-4fa4-a97d-d965ccfc6d4b" outcome="Passed" testListId="8c84fa94-04c1-424b-9868-57a2d4851a1d" relativeResultsDirectory="5d1bcb09-fb8a-46ca-924e-f6832d5b1678" />
    <UnitTestResult executionId="a8726412-0216-43cd-a0dc-116868c19234" testId="e3c0f3a4-abe8-f53c-60bb-f8636e50d2f9" testName="HemodinksAPI.Tests.PasswordHasherTests.VerifyPassword_WhenHashIsInvalid_ReturnsFalse(invalidHash: &quot;U2VuaGFA&quot;)" computerName="NOTEBOOK-GEO25" duration="00:00:00.0146416" startTime="2026-08-03T16:00:15.7012795-03:00" endTime="2026-08-03T16:00:15.7253324-03:00" testType="13cdc9d9-ddb5-4fa4-a97d-d965ccfc6d4b" outcome="Passed" testListId="8c84fa94-04c1-424b-9868-57a2d4851a1d" relativeResultsDirectory="a8726412-0216-43cd-a0dc-116868c19234" />
    <UnitTestResult executionId="a737cc54-3155-4dfe-9852-e1265bd3cce9" testId="d696cf9f-56c8-0ebd-6041-8abbcc5e1a04" testName="HemodinksAPI.Tests.PasswordHasherTests.HashPassword_WhenPasswordIsValid_ReturnsVerifiableHash" computerName="NOTEBOOK-GEO25" duration="00:00:00.0560721" startTime="2026-08-03T16:00:15.7348157-03:00" endTime="2026-08-03T16:00:15.7909404-03:00" testType="13cdc9d9-ddb5-4fa4-a97d-d965ccfc6d4b" outcome="Passed" testListId="8c84fa94-04c1-424b-9868-57a2d4851a1d" relativeResultsDirectory="a737cc54-3155-4dfe-9852-e1265bd3cce9" />
    <UnitTestResult executionId="589d25ae-986c-4982-b729-a5d3322d199d" testId="9a16585c-28aa-ceac-2bbc-73824d4ccdd5" testName="HemodinksAPI.Tests.UserCommandHandlerTests.ResetUserPasswordByEmail_WhenUserExists_CreatesTokenWithoutChangingPassword" computerName="NOTEBOOK-GEO25" duration="00:00:00.0980771" startTime="2026-08-03T16:00:18.9848545-03:00" endTime="2026-08-03T16:00:19.0830962-03:00" testType="13cdc9d9-ddb5-4fa4-a97d-d965ccfc6d4b" outcome="Passed" testListId="8c84fa94-04c1-424b-9868-57a2d4851a1d" relativeResultsDirectory="589d25ae-986c-4982-b729-a5d3322d199d" />
    <UnitTestResult executionId="26719ccd-96ef-4286-a795-45b7ac901a57" testId="8e7cafa9-4c77-71db-0974-41f315246e11" testName="HemodinksAPI.Tests.UserCommandHandlerTests.CreateUser_WhenSuperAdministradorAssignsPacientePerfil_CreatesUser" computerName="NOTEBOOK-GEO25" duration="00:00:00.0350035" startTime="2026-08-03T16:00:19.5866000-03:00" endTime="2026-08-03T16:00:19.6216480-03:00" testType="13cdc9d9-ddb5-4fa4-a97d-d965ccfc6d4b" outcome="Passed" testListId="8c84fa94-04c1-424b-9868-57a2d4851a1d" relativeResultsDirectory="26719ccd-96ef-4286-a795-45b7ac901a57" />
    <UnitTestResult executionId="08107f36-1cfd-4dde-a3e8-b1a17074eed8" testId="8b2cb94c-1a6d-2b64-b786-f2889dfbce99" testName="HemodinksAPI.Tests.ListOrderingTests.GetAllPacientes_FiltersAdminPatientsByMedicoConvenioAndProcedimento" computerName="NOTEBOOK-GEO25" duration="00:00:00.4864277" startTime="2026-08-03T16:00:19.0468478-03:00" endTime="2026-08-03T16:00:19.5333354-03:00" testType="13cdc9d9-ddb5-4fa4-a97d-d965ccfc6d4b" outcome="Passed" testListId="8c84fa94-04c1-424b-9868-57a2d4851a1d" relativeResultsDirectory="08107f36-1cfd-4dde-a3e8-b1a17074eed8" />
    <UnitTestResult executionId="353ab22a-d7ac-4098-aa2b-b0b7f0a1a6db" testId="80cc040c-4a11-d724-5422-2e1bdc0dffaf" testName="HemodinksAPI.Tests.DatabaseStartupPolicyTests.NonDevelopment_UsesSafeDisabledDefault" computerName="NOTEBOOK-GEO25" duration="00:00:00.0006261" startTime="2026-08-03T16:00:15.7338203-03:00" endTime="2026-08-03T16:00:15.7344865-03:00" testType="13cdc9d9-ddb5-4fa4-a97d-d965ccfc6d4b" outcome="Passed" testListId="8c84fa94-04c1-424b-9868-57a2d4851a1d" relativeResultsDirectory="353ab22a-d7ac-4098-aa2b-b0b7f0a1a6db" />
    <UnitTestResult executionId="3955d16c-382f-49ef-a833-83946af0ff28" testId="a8f8b9d3-a57b-9caf-1246-82f6a44a0219" testName="HemodinksAPI.Tests.ApiEndpointIntegrationTests.RefreshSession_DoesNotCountAsUserActivity" computerName="NOTEBOOK-GEO25" duration="00:00:01.2379556" startTime="2026-08-03T16:01:11.8828948-03:00" endTime="2026-08-03T16:01:13.1208841-03:00" testType="13cdc9d9-ddb5-4fa4-a97d-d965ccfc6d4b" outcome="Passed" testListId="8c84fa94-04c1-424b-9868-57a2d4851a1d" relativeResultsDirectory="3955d16c-382f-49ef-a833-83946af0ff28" />
    <UnitTestResult executionId="3c0875d3-9a76-4c14-849d-4e7af8b28f8d" testId="b1c9b41d-efd1-92de-e767-4b38117d902e" testName="HemodinksAPI.Tests.UserCommandHandlerTests.CreateUser_WhenMedicalProfileHasNoCrm_ThrowsInvalidOperationException" computerName="NOTEBOOK-GEO25" duration="00:00:00.0071748" startTime="2026-08-03T16:00:18.6983512-03:00" endTime="2026-08-03T16:00:18.7055917-03:00" testType="13cdc9d9-ddb5-4fa4-a97d-d965ccfc6d4b" outcome="Passed" testListId="8c84fa94-04c1-424b-9868-57a2d4851a1d" relativeResultsDirectory="3c0875d3-9a76-4c14-849d-4e7af8b28f8d" />
    <UnitTestResult executionId="c3b370ec-ea32-4889-b600-3948e0e4b769" testId="47ea0c94-0318-0732-a63a-79c121b54b26" testName="HemodinksAPI.Tests.PacienteCommandHandlerTests.CreatePaciente_WhenCbhpmCodeDoesNotExistWithoutDescription_ThrowsInvalidOperationException" computerName="NOTEBOOK-GEO25" duration="00:00:00.0689227" startTime="2026-08-03T16:00:17.6163283-03:00" endTime="2026-08-03T16:00:17.6853090-03:00" testType="13cdc9d9-ddb5-4fa4-a97d-d965ccfc6d4b" outcome="Passed" testListId="8c84fa94-04c1-424b-9868-57a2d4851a1d" relativeResultsDirectory="c3b370ec-ea32-4889-b600-3948e0e4b769" />
    <UnitTestResult executionId="be54759a-0cfe-43b2-b91f-75e9153f7362" testId="645cf0bc-5d72-af3a-6d96-2ce3759c6317" testName="HemodinksAPI.Tests.UserCommandHandlerTests.CreateUser_WhenPacientePerfilIsProvided_ThrowsInvalidOperationException" computerName="NOTEBOOK-GEO25" duration="00:00:00.0096393" startTime="2026-08-03T16:00:19.0836175-03:00" endTime="2026-08-03T16:00:19.0933069-03:00" testType="13cdc9d9-ddb5-4fa4-a97d-d965ccfc6d4b" outcome="Passed" testListId="8c84fa94-04c1-424b-9868-57a2d4851a1d" relativeResultsDirectory="be54759a-0cfe-43b2-b91f-75e9153f7362" />
    <UnitTestResult executionId="71f28730-fe77-4939-97d5-4145d80d58f3" testId="f4f93cbe-d22c-f341-f75b-e513f020a662" testName="HemodinksAPI.Tests.UserCommandHandlerTests.ResetUserPasswordByEmail_WhenUseEmailIsFalse_DoesNotChangePasswordOrRevealUser" computerName="NOTEBOOK-GEO25" duration="00:00:00.1055587" startTime="2026-08-03T16:00:17.8526456-03:00" endTime="2026-08-03T16:00:17.9582425-03:00" testType="13cdc9d9-ddb5-4fa4-a97d-d965ccfc6d4b" outcome="Passed" testListId="8c84fa94-04c1-424b-9868-57a2d4851a1d" relativeResultsDirectory="71f28730-fe77-4939-97d5-4145d80d58f3" />
    <UnitTestResult executionId="57cc9556-2fe1-4019-90a9-31f097802d7d" testId="ca4c7980-14ee-8b21-6086-53a19eec2270" testName="HemodinksAPI.Tests.FaturamentoMedicoQueryHandlerTests.GetAllFaturamentosMedicos_WhenAdminOrController_ReturnsAllBillings(perfilId: 1)" computerName="NOTEBOOK-GEO25" duration="00:00:00.1491259" startTime="2026-08-03T16:00:19.0102539-03:00" endTime="2026-08-03T16:00:19.1604475-03:00" testType="13cdc9d9-ddb5-4fa4-a97d-d965ccfc6d4b" outcome="Passed" testListId="8c84fa94-04c1-424b-9868-57a2d4851a1d" relativeResultsDirectory="57cc9556-2fe1-4019-90a9-31f097802d7d" />
    <UnitTestResult executionId="076cd7b9-b9c0-4d82-9b75-e2ea0a5b39d4" testId="f4b9ea8c-a93d-2820-7621-7ce022135211" testName="HemodinksAPI.Tests.PacienteCommandHandlerTests.CreatePaciente_WhenMedicalTeamHasDuplicates_ThrowsInvalidOperationException" computerName="NOTEBOOK-GEO25" duration="00:00:00.0376520" startTime="2026-08-03T16:00:19.0750519-03:00" endTime="2026-08-03T16:00:19.1127618-03:00" testType="13cdc9d9-ddb5-4fa4-a97d-d965ccfc6d4b" outcome="Passed" testListId="8c84fa94-04c1-424b-9868-57a2d4851a1d" relativeResultsDirectory="076cd7b9-b9c0-4d82-9b75-e2ea0a5b39d4" />
    <UnitTestResult executionId="7299a3ae-f060-492c-ae9f-e2727b9591c9" testId="c91a3b4a-8a80-1788-167c-953136558527" testName="HemodinksAPI.Tests.FaturamentoMedicoQueryHandlerTests.GetAllFaturamentosMedicos_WhenDoctor_ReturnsOnlyPrimaryDoctorBillings" computerName="NOTEBOOK-GEO25" duration="00:00:00.6030008" startTime="2026-08-03T16:00:18.1675723-03:00" endTime="2026-08-03T16:00:18.7706384-03:00" testType="13cdc9d9-ddb5-4fa4-a97d-d965ccfc6d4b" outcome="Passed" testListId="8c84fa94-04c1-424b-9868-57a2d4851a1d" relativeResultsDirectory="7299a3ae-f060-492c-ae9f-e2727b9591c9" />
    <UnitTestResult executionId="476f08bc-8a3b-4cbc-bfc6-2d017f24b2d3" testId="ba195818-5aba-85b8-7bf0-4ca380ed552c" testName="HemodinksAPI.Tests.AppDbContextTenancyTests.SaveChanges_WithCrossTenantRelationship_IsRejected" computerName="NOTEBOOK-GEO25" duration="00:00:00.0642162" startTime="2026-08-03T16:00:17.2288867-03:00" endTime="2026-08-03T16:00:17.2931592-03:00" testType="13cdc9d9-ddb5-4fa4-a97d-d965ccfc6d4b" outcome="Passed" testListId="8c84fa94-04c1-424b-9868-57a2d4851a1d" relativeResultsDirectory="476f08bc-8a3b-4cbc-bfc6-2d017f24b2d3" />
    <UnitTestResult executionId="0c1a6dbb-94bd-4466-affe-183f2bf4a1d7" testId="7d7f78fa-d991-ed21-a4c2-3f83cd762af8" testName="HemodinksAPI.Tests.PasswordResetEmailTemplateTests.BuildResetLink_UsesConfiguredHomologationUrlAndEncodesToken" computerName="NOTEBOOK-GEO25" duration="00:00:00.0153739" startTime="2026-08-03T16:00:15.7013020-03:00" endTime="2026-08-03T16:00:15.7253393-03:00" testType="13cdc9d9-ddb5-4fa4-a97d-d965ccfc6d4b" outcome="Passed" testListId="8c84fa94-04c1-424b-9868-57a2d4851a1d" relativeResultsDirectory="0c1a6dbb-94bd-4466-affe-183f2bf4a1d7" />
    <UnitTestResult executionId="979b029a-e42d-48b0-b17c-1d4771aee828" testId="669d406b-4042-942d-c1d2-857c517f681a" testName="HemodinksAPI.Tests.PacienteCommandHandlerTests.UpdatePaciente_WhenController_UpdatesPaciente" computerName="NOTEBOOK-GEO25" duration="00:00:00.0749094" startTime="2026-08-03T16:00:18.4173229-03:00" endTime="2026-08-03T16:00:18.4922914-03:00" testType="13cdc9d9-ddb5-4fa4-a97d-d965ccfc6d4b" outcome="Passed" testListId="8c84fa94-04c1-424b-9868-57a2d4851a1d" relativeResultsDirectory="979b029a-e42d-48b0-b17c-1d4771aee828" />
    <UnitTestResult executionId="089497a1-168c-4a05-b0d3-4b372461477f" testId="f7d15bc1-1aca-07e6-6199-e15afc379977" testName="HemodinksAPI.Tests.UserCommandHandlerTests.UpdateUser_WhenPatientUpdatesOwnProfile_ChangesOnlyPersonalFields" computerName="NOTEBOOK-GEO25" duration="00:00:00.0730782" startTime="2026-08-03T16:00:18.5196803-03:00" endTime="2026-08-03T16:00:18.5928204-03:00" testType="13cdc9d9-ddb5-4fa4-a97d-d965ccfc6d4b" outcome="Passed" testListId="8c84fa94-04c1-424b-9868-57a2d4851a1d" relativeResultsDirectory="089497a1-168c-4a05-b0d3-4b372461477f" />
    <UnitTestResult executionId="c935d387-ad7c-4e3c-bad9-0dd37c7b0b3e" testId="d7c36eed-f234-f78e-573e-c2ce54d03ef0" testName="HemodinksAPI.Tests.CbhpmQueryHandlerTests.ImportCbhpmGeral_CalculatesValorReferenciaFromFractionalPorte" computerName="NOTEBOOK-GEO25" duration="00:00:00.0861984" startTime="2026-08-03T16:00:17.3985799-03:00" endTime="2026-08-03T16:00:17.4848428-03:00" testType="13cdc9d9-ddb5-4fa4-a97d-d965ccfc6d4b" outcome="Passed" testListId="8c84fa94-04c1-424b-9868-57a2d4851a1d" relativeResultsDirectory="c935d387-ad7c-4e3c-bad9-0dd37c7b0b3e" />
    <UnitTestResult executionId="49fc084b-7713-4f26-9227-a5d3523dccf2" testId="9133078d-a914-8644-3983-872fc488d266" testName="HemodinksAPI.Tests.PasswordHasherTests.VerifyPassword_WhenHashIsInvalid_ReturnsFalse(invalidHash: &quot;&quot;)" computerName="NOTEBOOK-GEO25" duration="00:00:00.0002779" startTime="2026-08-03T16:00:15.7311706-03:00" endTime="2026-08-03T16:00:15.7314959-03:00" testType="13cdc9d9-ddb5-4fa4-a97d-d965ccfc6d4b" outcome="Passed" testListId="8c84fa94-04c1-424b-9868-57a2d4851a1d" relativeResultsDirectory="49fc084b-7713-4f26-9227-a5d3523dccf2" />
    <UnitTestResult executionId="42a26cec-a51b-40c3-88ee-cf5bf728f08e" testId="071bfb8c-e23a-55d1-6438-58ec45db1aa0" testName="HemodinksAPI.Tests.ApiEndpointIntegrationTests.AuthenticatedSession_WhenClinicHeaderDiverges_KeepsTokenClinic" computerName="NOTEBOOK-GEO25" duration="00:00:01.2866435" startTime="2026-08-03T16:01:21.9884485-03:00" endTime="2026-08-03T16:01:23.2751433-03:00" testType="13cdc9d9-ddb5-4fa4-a97d-d965ccfc6d4b" outcome="Passed" testListId="8c84fa94-04c1-424b-9868-57a2d4851a1d" relativeResultsDirectory="42a26cec-a51b-40c3-88ee-cf5bf728f08e" />
    <UnitTestResult executionId="70d5c79c-cb5d-4418-b993-6e64b7051928" testId="0d9aa72c-c41f-4d99-f894-665c6d0d1d91" testName="HemodinksAPI.Tests.ApiEndpointIntegrationTests.AgendaEndpoint_WhenEventPayloadIsInvalid_ReturnsBadRequestFromValidationPipeline" computerName="NOTEBOOK-GEO25" duration="00:00:01.3891642" startTime="2026-08-03T16:00:33.4875766-03:00" endTime="2026-08-03T16:00:34.8768252-03:00" testType="13cdc9d9-ddb5-4fa4-a97d-d965ccfc6d4b" outcome="Passed" testListId="8c84fa94-04c1-424b-9868-57a2d4851a1d" relativeResultsDirectory="70d5c79c-cb5d-4418-b993-6e64b7051928" />
    <UnitTestResult executionId="b0168afe-8245-4e2d-9e26-415a30168c84" testId="6b2d2e50-36e7-8bbe-0692-5acd20665c7c" testName="HemodinksAPI.Tests.StorageRegistrationTests.AddStorage_WhenStorageFunctionKeyIsMissing_UsesAzureStorageDirectly" computerName="NOTEBOOK-GEO25" duration="00:00:00.0040447" startTime="2026-08-03T16:00:15.8127883-03:00" endTime="2026-08-03T16:00:15.8168844-03:00" testType="13cdc9d9-ddb5-4fa4-a97d-d965ccfc6d4b" outcome="Passed" testListId="8c84fa94-04c1-424b-9868-57a2d4851a1d" relativeResultsDirectory="b0168afe-8245-4e2d-9e26-415a30168c84" />
    <UnitTestResult executionId="fc83a93d-a56e-4a2c-a48f-b98efa82b63e" testId="d0c0e0ea-76ba-53b3-44a2-7dfbd687a54c" testName="HemodinksAPI.Tests.LicencaServiceTests.HasFeatureAsync_WhenTrialExpired_KeepsOperationalMedicalFeatures" computerName="NOTEBOOK-GEO25" duration="00:00:01.4940129" startTime="2026-08-03T16:00:15.7013051-03:00" endTime="2026-08-03T16:00:17.2030266-03:00" testType="13cdc9d9-ddb5-4fa4-a97d-d965ccfc6d4b" outcome="Passed" testListId="8c84fa94-04c1-424b-9868-57a2d4851a1d" relativeResultsDirectory="fc83a93d-a56e-4a2c-a48f-b98efa82b63e" />
    <UnitTestResult executionId="e72c9651-31f0-42ba-a718-d321fb97b95d" testId="338e377e-d9b4-03da-44e6-82a0c5425ea9" testName="HemodinksAPI.Tests.ApiEndpointIntegrationTests.RefreshSession_WhenMembershipIsActive_ReturnsAUsableNewToken" computerName="NOTEBOOK-GEO25" duration="00:00:01.2757044" startTime="2026-08-03T16:01:05.2420568-03:00" endTime="2026-08-03T16:01:06.5178204-03:00" testType="13cdc9d9-ddb5-4fa4-a97d-d965ccfc6d4b" outcome="Passed" testListId="8c84fa94-04c1-424b-9868-57a2d4851a1d" relativeResultsDirectory="e72c9651-31f0-42ba-a718-d321fb97b95d" />
    <UnitTestResult executionId="f19cc505-39e1-4f34-875d-988fd1a934ff" testId="baa68344-8624-e446-e685-efafc8d3c33e" testName="HemodinksAPI.Tests.FinanceiroCalculationsTests.RecalculateConta_IgnoresReversedReceiptsAndSetsPartialStatus" computerName="NOTEBOOK-GEO25" duration="00:00:00.0065408" startTime="2026-08-03T16:00:17.3716317-03:00" endTime="2026-08-03T16:00:17.3782420-03:00" testType="13cdc9d9-ddb5-4fa4-a97d-d965ccfc6d4b" outcome="Passed" testListId="8c84fa94-04c1-424b-9868-57a2d4851a1d" relativeResultsDirectory="f19cc505-39e1-4f34-875d-988fd1a934ff" />
    <UnitTestResult executionId="22bc31d9-0a38-4873-835e-79f9f7fadd6a" testId="c87f39a8-3f00-810a-060d-12b88f4bff8d" testName="HemodinksAPI.Tests.ApiEndpointIntegrationTests.AgendaEndpoint_WhenSameIdempotencyKeyIsUsedAcrossClinicas_CreatesOneEventPerClinic" computerName="NOTEBOOK-GEO25" duration="00:00:01.6063952" startTime="2026-08-03T16:00:53.6261470-03:00" endTime="2026-08-03T16:00:55.2326193-03:00" testType="13cdc9d9-ddb5-4fa4-a97d-d965ccfc6d4b" outcome="Passed" testListId="8c84fa94-04c1-424b-9868-57a2d4851a1d" relativeResultsDirectory="22bc31d9-0a38-4873-835e-79f9f7fadd6a" />
[...]
    <TestEntry testId="47bd4ea0-f01c-ff9c-b1fb-a01e2695aeae" executionId="2210f389-459e-43d1-befa-1e4ab483c067" testListId="8c84fa94-04c1-424b-9868-57a2d4851a1d" />
    <TestEntry testId="08b50d6f-102f-5562-5681-e68f37c8034b" executionId="f5ccbce4-5d26-4ed5-ab36-eedb1738e0ae" testListId="8c84fa94-04c1-424b-9868-57a2d4851a1d" />
    <TestEntry testId="fe5e28af-38da-152a-2a24-bec7b4e0ec17" executionId="2917f1ff-b191-4177-979f-0a9a25f162a3" testListId="8c84fa94-04c1-424b-9868-57a2d4851a1d" />
    <TestEntry testId="be7f3ffe-5015-58dd-1d7f-0145dde5d153" executionId="1584fb21-eb51-461a-b46a-389521330854" testListId="8c84fa94-04c1-424b-9868-57a2d4851a1d" />
    <TestEntry testId="546af218-35f4-facb-fa80-d52af2c6209d" executionId="74c1b02b-02ed-484d-a95f-9bc34b4ccf9b" testListId="8c84fa94-04c1-424b-9868-57a2d4851a1d" />
    <TestEntry testId="673d3876-a163-f867-0521-0f75493c8d2d" executionId="ad9e3a34-55b9-4d5d-b24b-c98e8e191dbe" testListId="8c84fa94-04c1-424b-9868-57a2d4851a1d" />
    <TestEntry testId="654b29e8-e998-e7ea-7ae4-075e4b12e592" executionId="abff74b4-1900-4793-89a1-b11f443cae85" testListId="8c84fa94-04c1-424b-9868-57a2d4851a1d" />
    <TestEntry testId="e42ef313-b9fa-d0e2-0180-df9440b288b0" executionId="fe4c2841-a7f7-4af6-be64-6818e09262f2" testListId="8c84fa94-04c1-424b-9868-57a2d4851a1d" />
    <TestEntry testId="c34ee03b-a727-31e2-f4b7-0f428d886455" executionId="65839d5e-bc8e-40a0-a4a0-9a891a05633d" testListId="8c84fa94-04c1-424b-9868-57a2d4851a1d" />
    <TestEntry testId="ab192c7d-488c-d0d5-29b2-2d82fac9ab72" executionId="450510d5-020e-4d96-9e4a-bb7adfec9c0c" testListId="8c84fa94-04c1-424b-9868-57a2d4851a1d" />
    <TestEntry testId="85cf86d2-6d15-33ac-e42c-8c2945b0ffca" executionId="90983e97-de55-4ad9-a902-da3428ce0da4" testListId="8c84fa94-04c1-424b-9868-57a2d4851a1d" />
    <TestEntry testId="90ac0cc7-3a20-2feb-9ce3-9f6f5ec8ebb1" executionId="b2848dd8-03da-4c63-b063-d6cfc18014c0" testListId="8c84fa94-04c1-424b-9868-57a2d4851a1d" />
    <TestEntry testId="6bb711ac-8c97-0c67-7142-86adcb6bc12d" executionId="ac4d7aef-eb09-4dbb-bc7b-fde5592c17d5" testListId="8c84fa94-04c1-424b-9868-57a2d4851a1d" />
    <TestEntry testId="eac219fd-fa7d-d17e-6a79-18dae5c4f892" executionId="a3fa7e27-2f4e-450a-ac78-e13956da29a8" testListId="8c84fa94-04c1-424b-9868-57a2d4851a1d" />
    <TestEntry testId="50f3e48f-7367-a0b6-357a-7c9a5a672660" executionId="8494e776-e2d2-402b-9882-d6e28695b878" testListId="8c84fa94-04c1-424b-9868-57a2d4851a1d" />
    <TestEntry testId="0c268cab-a751-52fa-e6bb-19493636d484" executionId="3de873f3-7ffa-4300-beb2-00fc817a8632" testListId="8c84fa94-04c1-424b-9868-57a2d4851a1d" />
    <TestEntry testId="0959cf30-0633-9ff2-9e12-c7353aa299e0" executionId="4609b609-e403-453d-bcc0-752b845e1fa5" testListId="8c84fa94-04c1-424b-9868-57a2d4851a1d" />
    <TestEntry testId="66f60b3c-211c-a990-c351-4c9a72fc6464" executionId="c1eb2541-6b66-4e57-9805-bc33e5224a0a" testListId="8c84fa94-04c1-424b-9868-57a2d4851a1d" />
    <TestEntry testId="c9ab2b2e-1ac9-0b9b-1d7b-862301c3173b" executionId="2307d4c9-ef7e-48c9-a721-5b04ec4cff9e" testListId="8c84fa94-04c1-424b-9868-57a2d4851a1d" />
    <TestEntry testId="19ac5860-7c39-88b3-1324-44488ed2848d" executionId="bd88421f-b476-4030-883c-49b3e2d1c374" testListId="8c84fa94-04c1-424b-9868-57a2d4851a1d" />
    <TestEntry testId="55498116-3de7-5c16-056c-d6542daed75a" executionId="6d15c2e8-f0b8-4331-899c-6add756e5731" testListId="8c84fa94-04c1-424b-9868-57a2d4851a1d" />
    <TestEntry testId="fd928f27-61b2-cc21-3517-b4ed073dd7b7" executionId="0be0da37-0e52-4bbc-968c-d23440e6a329" testListId="8c84fa94-04c1-424b-9868-57a2d4851a1d" />
    <TestEntry testId="90fffecc-4104-2626-a297-4af5c4422d2b" executionId="d8909ad6-d9c3-4a8d-b22d-7eb8ff1b1507" testListId="8c84fa94-04c1-424b-9868-57a2d4851a1d" />
    <TestEntry testId="f9ebd663-da88-1220-e33c-7967e5bf1707" executionId="d9055b7f-038f-44bb-bc54-f17d447cf5f9" testListId="8c84fa94-04c1-424b-9868-57a2d4851a1d" />
    <TestEntry testId="acc06eb1-ae97-f0fe-6f07-fe0ba209cabd" executionId="d2321168-7c2f-49bb-810e-c511e6e46def" testListId="8c84fa94-04c1-424b-9868-57a2d4851a1d" />
    <TestEntry testId="76840af8-83f3-56fd-9350-2c9b49ecb8ae" executionId="423be3f7-4a81-4abf-8c93-babf1d492ab6" testListId="8c84fa94-04c1-424b-9868-57a2d4851a1d" />
    <TestEntry testId="bb04d833-c428-5920-ab40-ae80158d807d" executionId="872c7469-a8a5-4b80-a17a-3bfb8d50409b" testListId="8c84fa94-04c1-424b-9868-57a2d4851a1d" />
    <TestEntry testId="e76f6548-f7c0-00f8-d394-fcaa934c6a49" executionId="0f2073cc-f39f-4343-9108-b793a771a313" testListId="8c84fa94-04c1-424b-9868-57a2d4851a1d" />
    <TestEntry testId="5ea47f86-7859-fb28-8438-f9815ac3be7a" executionId="5d4ae99b-f071-4c99-9b74-9cad4d0ec3b5" testListId="8c84fa94-04c1-424b-9868-57a2d4851a1d" />
    <TestEntry testId="510e8003-9f53-249d-b737-fa61c8ff9dfb" executionId="c72178a9-beac-44c9-862c-e604b277f46b" testListId="8c84fa94-04c1-424b-9868-57a2d4851a1d" />
    <TestEntry testId="674da102-3efd-10cd-eeae-1421865a4209" executionId="1f2f41ca-f14c-4508-81a5-8b712ea17be9" testListId="8c84fa94-04c1-424b-9868-57a2d4851a1d" />
    <TestEntry testId="7cd4f123-7b43-47fe-e765-059ef0c8ce86" executionId="8b417c38-3dc0-4df1-b1cf-d541e8b29b2d" testListId="8c84fa94-04c1-424b-9868-57a2d4851a1d" />
    <TestEntry testId="6c816803-1681-3dc4-e0a1-9ad43a6f6f59" executionId="30d1083a-6a3f-407d-ba78-d8900b58c845" testListId="8c84fa94-04c1-424b-9868-57a2d4851a1d" />
    <TestEntry testId="feeeac4b-7f68-c547-c99b-892abd80a768" executionId="eeca08bd-1196-4bf8-832b-595c4ae4c6b3" testListId="8c84fa94-04c1-424b-9868-57a2d4851a1d" />
    <TestEntry testId="cdbb3b63-a1de-e616-4311-36b9a1794713" executionId="5d1bcb09-fb8a-46ca-924e-f6832d5b1678" testListId="8c84fa94-04c1-424b-9868-57a2d4851a1d" />
    <TestEntry testId="e3c0f3a4-abe8-f53c-60bb-f8636e50d2f9" executionId="a8726412-0216-43cd-a0dc-116868c19234" testListId="8c84fa94-04c1-424b-9868-57a2d4851a1d" />
    <TestEntry testId="d696cf9f-56c8-0ebd-6041-8abbcc5e1a04" executionId="a737cc54-3155-4dfe-9852-e1265bd3cce9" testListId="8c84fa94-04c1-424b-9868-57a2d4851a1d" />
    <TestEntry testId="9a16585c-28aa-ceac-2bbc-73824d4ccdd5" executionId="589d25ae-986c-4982-b729-a5d3322d199d" testListId="8c84fa94-04c1-424b-9868-57a2d4851a1d" />
    <TestEntry testId="8e7cafa9-4c77-71db-0974-41f315246e11" executionId="26719ccd-96ef-4286-a795-45b7ac901a57" testListId="8c84fa94-04c1-424b-9868-57a2d4851a1d" />
    <TestEntry testId="8b2cb94c-1a6d-2b64-b786-f2889dfbce99" executionId="08107f36-1cfd-4dde-a3e8-b1a17074eed8" testListId="8c84fa94-04c1-424b-9868-57a2d4851a1d" />
    <TestEntry testId="80cc040c-4a11-d724-5422-2e1bdc0dffaf" executionId="353ab22a-d7ac-4098-aa2b-b0b7f0a1a6db" testListId="8c84fa94-04c1-424b-9868-57a2d4851a1d" />
    <TestEntry testId="a8f8b9d3-a57b-9caf-1246-82f6a44a0219" executionId="3955d16c-382f-49ef-a833-83946af0ff28" testListId="8c84fa94-04c1-424b-9868-57a2d4851a1d" />
    <TestEntry testId="b1c9b41d-efd1-92de-e767-4b38117d902e" executionId="3c0875d3-9a76-4c14-849d-4e7af8b28f8d" testListId="8c84fa94-04c1-424b-9868-57a2d4851a1d" />
    <TestEntry testId="47ea0c94-0318-0732-a63a-79c121b54b26" executionId="c3b370ec-ea32-4889-b600-3948e0e4b769" testListId="8c84fa94-04c1-424b-9868-57a2d4851a1d" />
    <TestEntry testId="645cf0bc-5d72-af3a-6d96-2ce3759c6317" executionId="be54759a-0cfe-43b2-b91f-75e9153f7362" testListId="8c84fa94-04c1-424b-9868-57a2d4851a1d" />
    <TestEntry testId="f4f93cbe-d22c-f341-f75b-e513f020a662" executionId="71f28730-fe77-4939-97d5-4145d80d58f3" testListId="8c84fa94-04c1-424b-9868-57a2d4851a1d" />
    <TestEntry testId="ca4c7980-14ee-8b21-6086-53a19eec2270" executionId="57cc9556-2fe1-4019-90a9-31f097802d7d" testListId="8c84fa94-04c1-424b-9868-57a2d4851a1d" />
    <TestEntry testId="f4b9ea8c-a93d-2820-7621-7ce022135211" executionId="076cd7b9-b9c0-4d82-9b75-e2ea0a5b39d4" testListId="8c84fa94-04c1-424b-9868-57a2d4851a1d" />
    <TestEntry testId="c91a3b4a-8a80-1788-167c-953136558527" executionId="7299a3ae-f060-492c-ae9f-e2727b9591c9" testListId="8c84fa94-04c1-424b-9868-57a2d4851a1d" />
    <TestEntry testId="ba195818-5aba-85b8-7bf0-4ca380ed552c" executionId="476f08bc-8a3b-4cbc-bfc6-2d017f24b2d3" testListId="8c84fa94-04c1-424b-9868-57a2d4851a1d" />
    <TestEntry testId="7d7f78fa-d991-ed21-a4c2-3f83cd762af8" executionId="0c1a6dbb-94bd-4466-affe-183f2bf4a1d7" testListId="8c84fa94-04c1-424b-9868-57a2d4851a1d" />
    <TestEntry testId="669d406b-4042-942d-c1d2-857c517f681a" executionId="979b029a-e42d-48b0-b17c-1d4771aee828" testListId="8c84fa94-04c1-424b-9868-57a2d4851a1d" />
    <TestEntry testId="f7d15bc1-1aca-07e6-6199-e15afc379977" executionId="089497a1-168c-4a05-b0d3-4b372461477f" testListId="8c84fa94-04c1-424b-9868-57a2d4851a1d" />
    <TestEntry testId="d7c36eed-f234-f78e-573e-c2ce54d03ef0" executionId="c935d387-ad7c-4e3c-bad9-0dd37c7b0b3e" testListId="8c84fa94-04c1-424b-9868-57a2d4851a1d" />
    <TestEntry testId="9133078d-a914-8644-3983-872fc488d266" executionId="49fc084b-7713-4f26-9227-a5d3523dccf2" testListId="8c84fa94-04c1-424b-9868-57a2d4851a1d" />
    <TestEntry testId="071bfb8c-e23a-55d1-6438-58ec45db1aa0" executionId="42a26cec-a51b-40c3-88ee-cf5bf728f08e" testListId="8c84fa94-04c1-424b-9868-57a2d4851a1d" />
    <TestEntry testId="0d9aa72c-c41f-4d99-f894-665c6d0d1d91" executionId="70d5c79c-cb5d-4418-b993-6e64b7051928" testListId="8c84fa94-04c1-424b-9868-57a2d4851a1d" />
    <TestEntry testId="6b2d2e50-36e7-8bbe-0692-5acd20665c7c" executionId="b0168afe-8245-4e2d-9e26-415a30168c84" testListId="8c84fa94-04c1-424b-9868-57a2d4851a1d" />
    <TestEntry testId="d0c0e0ea-76ba-53b3-44a2-7dfbd687a54c" executionId="fc83a93d-a56e-4a2c-a48f-b98efa82b63e" testListId="8c84fa94-04c1-424b-9868-57a2d4851a1d" />
    <TestEntry testId="338e377e-d9b4-03da-44e6-82a0c5425ea9" executionId="e72c9651-31f0-42ba-a718-d321fb97b95d" testListId="8c84fa94-04c1-424b-9868-57a2d4851a1d" />
    <TestEntry testId="baa68344-8624-e446-e685-efafc8d3c33e" executionId="f19cc505-39e1-4f34-875d-988fd1a934ff" testListId="8c84fa94-04c1-424b-9868-57a2d4851a1d" />
    <TestEntry testId="c87f39a8-3f00-810a-060d-12b88f4bff8d" executionId="22bc31d9-0a38-4873-835e-79f9f7fadd6a" testListId="8c84fa94-04c1-424b-9868-57a2d4851a1d" />
    <TestEntry testId="02073654-85cc-e335-a10b-d6896e55e429" executionId="f4cddb6b-e8be-48a3-923e-d41ba18bbf2a" testListId="8c84fa94-04c1-424b-9868-57a2d4851a1d" />
    <TestEntry testId="e3fb79a0-27cc-d252-d6e7-dfb77c15da8a" executionId="45ec5f00-ebe2-48c8-9afc-de9542fedd59" testListId="8c84fa94-04c1-424b-9868-57a2d4851a1d" />
    <TestEntry testId="0c1b7385-169d-1231-6a91-d481a660848c" executionId="6a449977-d863-4932-affb-2344be20b7e7" testListId="8c84fa94-04c1-424b-9868-57a2d4851a1d" />
    <TestEntry testId="69058fb6-a760-c4cc-fb30-9dde557f466c" executionId="e6766032-0842-4362-bb1b-87fcb99b72ba" testListId="8c84fa94-04c1-424b-9868-57a2d4851a1d" />
    <TestEntry testId="25100544-9d32-fb47-005f-295222ab41fe" executionId="7e53c77b-1c03-4174-9841-279936e04a1f" testListId="8c84fa94-04c1-424b-9868-57a2d4851a1d" />
    <TestEntry testId="d839a051-5975-6975-a5be-c616704be54e" executionId="7104cf54-387d-48b4-8c0b-ac73c7e78202" testListId="8c84fa94-04c1-424b-9868-57a2d4851a1d" />
    <TestEntry testId="dbc9d58e-3fb6-da91-10e9-37ffb80b8bb8" executionId="e277e43f-b51d-471e-bb94-af6c25f33ced" testListId="8c84fa94-04c1-424b-9868-57a2d4851a1d" />
    <TestEntry testId="4a8a5779-9f16-2727-0f30-3159a0056fc4" executionId="f3139315-9c93-4fc4-9dbc-76331a322426" testListId="8c84fa94-04c1-424b-9868-57a2d4851a1d" />
    <TestEntry testId="97c034ab-7bdc-9d86-6972-86ad3b328384" executionId="63c578d2-5c13-4270-abe4-40e7a141ad6b" testListId="8c84fa94-04c1-424b-9868-57a2d4851a1d" />
    <TestEntry testId="48165a63-9983-8cca-aecf-310b13013a8d" executionId="f731f7ec-1283-4fee-ac2c-b0fa9684ff9d" testListId="8c84fa94-04c1-424b-9868-57a2d4851a1d" />
    <TestEntry testId="d8774d5b-55bd-297a-1f6e-69f628251f40" executionId="d3487437-865b-46c9-9992-ed0e3a75bf7c" testListId="8c84fa94-04c1-424b-9868-57a2d4851a1d" />
    <TestEntry testId="7a3fac9a-feb0-383d-4f3d-8e33922f6df0" executionId="95ce2e17-6ce1-4eb4-840c-2582263a76c7" testListId="8c84fa94-04c1-424b-9868-57a2d4851a1d" />
    <TestEntry testId="92d16fbd-fae0-69ec-8728-13f0c0764f7b" executionId="507e4422-b93e-4a81-acf1-462834cf24c7" testListId="8c84fa94-04c1-424b-9868-57a2d4851a1d" />
    <TestEntry testId="46a4998a-ec2f-6d2e-5564-20bc465b23ae" executionId="b4b59d8e-a661-4a09-9ae2-e278bc43f04f" testListId="8c84fa94-04c1-424b-9868-57a2d4851a1d" />
    <TestEntry testId="bc7b0397-b2bd-086d-dc43-fb4396c0ed72" executionId="c4fa086c-6c33-4bbc-a541-7e92bcfacc7f" testListId="8c84fa94-04c1-424b-9868-57a2d4851a1d" />
    <TestEntry testId="2f606aa6-19f2-95a0-2db3-973f344eb6ca" executionId="0d675d60-e13b-4f8e-892a-5133479459e1" testListId="8c84fa94-04c1-424b-9868-57a2d4851a1d" />
    <TestEntry testId="ec15022a-970d-5b29-e6c8-946e0661cbfd" executionId="d7d51cca-e7f0-4529-8b2c-ec42afbb0380" testListId="8c84fa94-04c1-424b-9868-57a2d4851a1d" />
    <TestEntry testId="c83f92e8-53dc-3822-044c-939eb59a5877" executionId="a81de557-8eb1-49b8-a7fa-b96739fd0214" testListId="8c84fa94-04c1-424b-9868-57a2d4851a1d" />
    <TestEntry testId="f1031724-a249-c708-8f64-39061874bec8" executionId="2e8d5dac-a193-49d7-86d5-8db9100aa99e" testListId="8c84fa94-04c1-424b-9868-57a2d4851a1d" />
    <TestEntry testId="219e3fdb-de46-6d58-8a2d-6c41c8aa9aff" executionId="60671959-4194-4cd2-bdd4-00798fcfd7bb" testListId="8c84fa94-04c1-424b-9868-57a2d4851a1d" />
    <TestEntry testId="9f78a9ce-1625-b680-3b4e-130b5ea9f3e1" executionId="1c14000a-ef3b-4286-8ffc-15f71f303f2b" testListId="8c84fa94-04c1-424b-9868-57a2d4851a1d" />
    <TestEntry testId="519b4c36-cc61-97e3-dd00-32a61b84aeac" executionId="42ea8fdb-56f7-4d3b-89ac-b0fcc980d086" testListId="8c84fa94-04c1-424b-9868-57a2d4851a1d" />
    <TestEntry testId="158c1e88-1aff-696a-cd3e-f9ffaa7ef0d3" executionId="308e3b40-7b54-47e4-8221-4a74f3586193" testListId="8c84fa94-04c1-424b-9868-57a2d4851a1d" />
    <TestEntry testId="8ddb7311-0bc8-2c86-ac86-03d50a8958a8" executionId="ae3ac922-bdad-489c-82f1-67e3ff20aca8" testListId="8c84fa94-04c1-424b-9868-57a2d4851a1d" />
    <TestEntry testId="c9360a4d-144c-079d-e5d8-ca69c954c0bb" executionId="67967088-0b03-4447-b4d5-8753f1fcc679" testListId="8c84fa94-04c1-424b-9868-57a2d4851a1d" />
    <TestEntry testId="bcfb5ceb-7248-1905-feaf-8058ac7b3df6" executionId="2803177e-95a8-4fc8-8cd2-4e5eea9cb2dc" testListId="8c84fa94-04c1-424b-9868-57a2d4851a1d" />
    <TestEntry testId="4fd4fd21-cacb-1ec6-c91d-67371bcde630" executionId="c9687c0e-a3df-44bf-aaf9-de4fe82a5998" testListId="8c84fa94-04c1-424b-9868-57a2d4851a1d" />
    <TestEntry testId="e82b6b7b-05cf-801f-8282-89cdea2d5162" executionId="2f89c42e-26ad-4e32-941a-6a51a099c531" testListId="8c84fa94-04c1-424b-9868-57a2d4851a1d" />
    <TestEntry testId="13f73ed2-db16-9806-3396-01ec1be74047" executionId="cbc713ec-5582-4d48-91b6-75f1388e35b3" testListId="8c84fa94-04c1-424b-9868-57a2d4851a1d" />
    <TestEntry testId="9516f0a3-607b-ec21-0f9f-26b4ebfd9119" executionId="6015f27e-be77-4172-a317-a49134b2a9f6" testListId="8c84fa94-04c1-424b-9868-57a2d4851a1d" />
    <TestEntry testId="37196105-8625-5117-873d-81c01a51385d" executionId="f7b8c2d0-b890-40de-91ed-c8e4ce40de8d" testListId="8c84fa94-04c1-424b-9868-57a2d4851a1d" />
    <TestEntry testId="6f84368d-23b1-77e5-35ad-1b9afa7b1132" executionId="f2374113-7010-483f-9e70-7f50d5802441" testListId="8c84fa94-04c1-424b-9868-57a2d4851a1d" />
    <TestEntry testId="ce178605-3e35-3537-4568-f1a62c34e77b" executionId="1d0e1483-d589-49ee-b524-a7339e1000c6" testListId="8c84fa94-04c1-424b-9868-57a2d4851a1d" />
    <TestEntry testId="2587d384-6c54-bce4-1558-5f5e18be5b2d" executionId="67e3bef5-7e6f-45ee-8931-ff91b246309b" testListId="8c84fa94-04c1-424b-9868-57a2d4851a1d" />
    <TestEntry testId="e08bd6f1-0f38-ed6a-2f43-e81f645f7a06" executionId="fdc036fc-22d5-4fce-b0ae-f33fad3a4ba7" testListId="8c84fa94-04c1-424b-9868-57a2d4851a1d" />
    <TestEntry testId="a4bb4160-4bde-c985-c124-fef36c817aa8" executionId="6fa3d3cf-498c-4808-ade4-caa861be1e14" testListId="8c84fa94-04c1-424b-9868-57a2d4851a1d" />
    <TestEntry testId="17212bc8-0aec-5443-3512-379926a0723a" executionId="d999fa27-3124-495a-bfec-da76d3eaaf8d" testListId="8c84fa94-04c1-424b-9868-57a2d4851a1d" />
    <TestEntry testId="29b8aeb1-af78-e822-6f74-1d5774c94126" executionId="2ab2c9a3-c6d8-41df-ab16-1d2ab9b3dab4" testListId="8c84fa94-04c1-424b-9868-57a2d4851a1d" />
    <TestEntry testId="2f790bf7-71ce-5e70-586a-48c25a714515" executionId="bd93060c-a91b-4abc-8e5d-7694efd0034a" testListId="8c84fa94-04c1-424b-9868-57a2d4851a1d" />
    <TestEntry testId="f612e360-7a60-017f-443a-27394a7a90e8" executionId="5122077d-1b01-4424-b532-ede8a4932f0c" testListId="8c84fa94-04c1-424b-9868-57a2d4851a1d" />
    <TestEntry testId="1b08a297-2221-0c3a-97f6-1776076b0548" executionId="f93c0657-1176-4824-843e-9bc08ec12226" testListId="8c84fa94-04c1-424b-9868-57a2d4851a1d" />
    <TestEntry testId="5642e15c-4937-9dbf-bfd9-d0b1c942de97" executionId="aa3ae5fe-e835-44a5-a599-863b5e2ebaf2" testListId="8c84fa94-04c1-424b-9868-57a2d4851a1d" />
    <TestEntry testId="e1211cd8-309b-0563-87f7-db4403b7f0cd" executionId="049c2583-4357-4d6c-8d3c-3dfd4e40ba48" testListId="8c84fa94-04c1-424b-9868-57a2d4851a1d" />
    <TestEntry testId="d5e6feaa-d8ea-3d75-e37c-c86a538476cf" executionId="7247d972-4401-43e4-a5dc-eb7132d4e557" testListId="8c84fa94-04c1-424b-9868-57a2d4851a1d" />
    <TestEntry testId="93d6764b-4cf0-2a4f-36ce-93d8c0399993" executionId="1f31dd60-611c-42b5-bf06-50772acba32c" testListId="8c84fa94-04c1-424b-9868-57a2d4851a1d" />
    <TestEntry testId="fdf38974-86cb-0eac-c3dd-de86c489c9c9" executionId="3cf396d2-b18c-4a0e-9f84-f48a9f05a518" testListId="8c84fa94-04c1-424b-9868-57a2d4851a1d" />
    <TestEntry testId="492135e4-8830-5b89-c32b-37a0a6d0ee7b" executionId="7da9afd6-27b3-4054-8e30-1be95fc1e0dd" testListId="8c84fa94-04c1-424b-9868-57a2d4851a1d" />
    <TestEntry testId="36756cd6-0c11-f08c-4366-ad75ff6562c4" executionId="2c5663ca-9891-4c4b-b4ff-400b87065d96" testListId="8c84fa94-04c1-424b-9868-57a2d4851a1d" />
    <TestEntry testId="c557acf1-b090-e9f8-1b81-495b62ce647d" executionId="fab009bc-53c9-4751-8044-d270727498a4" testListId="8c84fa94-04c1-424b-9868-57a2d4851a1d" />
    <TestEntry testId="10e99dbd-c38e-e881-157d-574b68b4840a" executionId="4716e82f-b99f-4377-89d0-a35c8126df5b" testListId="8c84fa94-04c1-424b-9868-57a2d4851a1d" />
    <TestEntry testId="9db11a87-19d0-916b-aa9c-7579a22c390b" executionId="734aef8d-e805-49d1-ab7d-944869105a3b" testListId="8c84fa94-04c1-424b-9868-57a2d4851a1d" />
    <TestEntry testId="2bd13723-2ff9-a955-fc18-21d5fb0b4f75" executionId="dffda8d9-aa6f-4142-8b12-5e6adba29b97" testListId="8c84fa94-04c1-424b-9868-57a2d4851a1d" />
  </TestEntries>
  <TestLists>
    <TestList name="Resultados que não estão em uma lista" id="8c84fa94-04c1-424b-9868-57a2d4851a1d" />
    <TestList name="Todos os resultados carregados" id="19431567-8539-422a-85d7-44ee4e166bda" />
  </TestLists>
  <ResultSummary outcome="Completed">
    <Counters total="190" executed="190" passed="190" failed="0" error="0" timeout="0" aborted="0" inconclusive="0" passedButRunAborted="0" notRunnable="0" notExecuted="0" disconnected="0" warning="0" completed="0" inProgress="0" pending="0" />
    <Output>
      <StdOut>[xUnit.net 00:00:00.00] xUnit.net VSTest Adapter v3.1.5+1b188a7b0a (64-bit .NET 10.0.10)&#xD;
[xUnit.net 00:00:00.18]   Discovering: HemodinksAPI.Tests&#xD;
[xUnit.net 00:00:00.48]   Discovered:  HemodinksAPI.Tests&#xD;
[xUnit.net 00:00:00.69]   Starting:    HemodinksAPI.Tests&#xD;
[xUnit.net 00:01:09.82]   Finished:    HemodinksAPI.Tests (ID = '69a014be56b9aff8acc352d6e98f179a8f96d94405a990c22dbabb5713cf4e32')&#xD;
</StdOut>
    </Output>
  </ResultSummary>
</TestRun>